CRITICAL - 2022-04-29 08:15:36 --> Call to undefined function mysql_connect()
#0 C:\xampp\htdocs\ci_proyecto2022\system\View\View.php(210): include()
#1 C:\xampp\htdocs\ci_proyecto2022\system\View\View.php(213): CodeIgniter\View\View->CodeIgniter\View\{closure}()
#2 C:\xampp\htdocs\ci_proyecto2022\system\Common.php(1089): CodeIgniter\View\View->render('/sesion/registe...', Array, true)
#3 C:\xampp\htdocs\ci_proyecto2022\app\Controllers\Home.php(56): view('/sesion/registe...')
#4 C:\xampp\htdocs\ci_proyecto2022\system\CodeIgniter.php(832): App\Controllers\Home->register()
#5 C:\xampp\htdocs\ci_proyecto2022\system\CodeIgniter.php(419): CodeIgniter\CodeIgniter->runController(Object(App\Controllers\Home))
#6 C:\xampp\htdocs\ci_proyecto2022\system\CodeIgniter.php(326): CodeIgniter\CodeIgniter->handleRequest(NULL, Object(Config\Cache), false)
#7 C:\xampp\htdocs\ci_proyecto2022\index.php(37): CodeIgniter\CodeIgniter->run()
#8 {main}
CRITICAL - 2022-04-29 08:15:43 --> Call to undefined function mysql_connect()
#0 C:\xampp\htdocs\ci_proyecto2022\system\View\View.php(210): include()
#1 C:\xampp\htdocs\ci_proyecto2022\system\View\View.php(213): CodeIgniter\View\View->CodeIgniter\View\{closure}()
#2 C:\xampp\htdocs\ci_proyecto2022\system\Common.php(1089): CodeIgniter\View\View->render('/sesion/registe...', Array, true)
#3 C:\xampp\htdocs\ci_proyecto2022\app\Controllers\Home.php(56): view('/sesion/registe...')
#4 C:\xampp\htdocs\ci_proyecto2022\system\CodeIgniter.php(832): App\Controllers\Home->register()
#5 C:\xampp\htdocs\ci_proyecto2022\system\CodeIgniter.php(419): CodeIgniter\CodeIgniter->runController(Object(App\Controllers\Home))
#6 C:\xampp\htdocs\ci_proyecto2022\system\CodeIgniter.php(326): CodeIgniter\CodeIgniter->handleRequest(NULL, Object(Config\Cache), false)
#7 C:\xampp\htdocs\ci_proyecto2022\index.php(37): CodeIgniter\CodeIgniter->run()
#8 {main}
CRITICAL - 2022-04-29 08:16:02 --> Call to undefined function mysql_connect()
#0 C:\xampp\htdocs\ci_proyecto2022\system\View\View.php(210): include()
#1 C:\xampp\htdocs\ci_proyecto2022\system\View\View.php(213): CodeIgniter\View\View->CodeIgniter\View\{closure}()
#2 C:\xampp\htdocs\ci_proyecto2022\system\Common.php(1089): CodeIgniter\View\View->render('/sesion/registe...', Array, true)
#3 C:\xampp\htdocs\ci_proyecto2022\app\Controllers\Home.php(56): view('/sesion/registe...')
#4 C:\xampp\htdocs\ci_proyecto2022\system\CodeIgniter.php(832): App\Controllers\Home->register()
#5 C:\xampp\htdocs\ci_proyecto2022\system\CodeIgniter.php(419): CodeIgniter\CodeIgniter->runController(Object(App\Controllers\Home))
#6 C:\xampp\htdocs\ci_proyecto2022\system\CodeIgniter.php(326): CodeIgniter\CodeIgniter->handleRequest(NULL, Object(Config\Cache), false)
#7 C:\xampp\htdocs\ci_proyecto2022\index.php(37): CodeIgniter\CodeIgniter->run()
#8 {main}
CRITICAL - 2022-04-29 08:16:03 --> Call to undefined function mysql_connect()
#0 C:\xampp\htdocs\ci_proyecto2022\system\View\View.php(210): include()
#1 C:\xampp\htdocs\ci_proyecto2022\system\View\View.php(213): CodeIgniter\View\View->CodeIgniter\View\{closure}()
#2 C:\xampp\htdocs\ci_proyecto2022\system\Common.php(1089): CodeIgniter\View\View->render('/sesion/registe...', Array, true)
#3 C:\xampp\htdocs\ci_proyecto2022\app\Controllers\Home.php(56): view('/sesion/registe...')
#4 C:\xampp\htdocs\ci_proyecto2022\system\CodeIgniter.php(832): App\Controllers\Home->register()
#5 C:\xampp\htdocs\ci_proyecto2022\system\CodeIgniter.php(419): CodeIgniter\CodeIgniter->runController(Object(App\Controllers\Home))
#6 C:\xampp\htdocs\ci_proyecto2022\system\CodeIgniter.php(326): CodeIgniter\CodeIgniter->handleRequest(NULL, Object(Config\Cache), false)
#7 C:\xampp\htdocs\ci_proyecto2022\index.php(37): CodeIgniter\CodeIgniter->run()
#8 {main}
CRITICAL - 2022-04-29 08:16:05 --> Call to undefined function mysql_connect()
#0 C:\xampp\htdocs\ci_proyecto2022\system\View\View.php(210): include()
#1 C:\xampp\htdocs\ci_proyecto2022\system\View\View.php(213): CodeIgniter\View\View->CodeIgniter\View\{closure}()
#2 C:\xampp\htdocs\ci_proyecto2022\system\Common.php(1089): CodeIgniter\View\View->render('/sesion/registe...', Array, true)
#3 C:\xampp\htdocs\ci_proyecto2022\app\Controllers\Home.php(56): view('/sesion/registe...')
#4 C:\xampp\htdocs\ci_proyecto2022\system\CodeIgniter.php(832): App\Controllers\Home->register()
#5 C:\xampp\htdocs\ci_proyecto2022\system\CodeIgniter.php(419): CodeIgniter\CodeIgniter->runController(Object(App\Controllers\Home))
#6 C:\xampp\htdocs\ci_proyecto2022\system\CodeIgniter.php(326): CodeIgniter\CodeIgniter->handleRequest(NULL, Object(Config\Cache), false)
#7 C:\xampp\htdocs\ci_proyecto2022\index.php(37): CodeIgniter\CodeIgniter->run()
#8 {main}
CRITICAL - 2022-04-29 08:16:07 --> Call to undefined function mysql_connect()
#0 C:\xampp\htdocs\ci_proyecto2022\system\View\View.php(210): include()
#1 C:\xampp\htdocs\ci_proyecto2022\system\View\View.php(213): CodeIgniter\View\View->CodeIgniter\View\{closure}()
#2 C:\xampp\htdocs\ci_proyecto2022\system\Common.php(1089): CodeIgniter\View\View->render('/sesion/registe...', Array, true)
#3 C:\xampp\htdocs\ci_proyecto2022\app\Controllers\Home.php(56): view('/sesion/registe...')
#4 C:\xampp\htdocs\ci_proyecto2022\system\CodeIgniter.php(832): App\Controllers\Home->register()
#5 C:\xampp\htdocs\ci_proyecto2022\system\CodeIgniter.php(419): CodeIgniter\CodeIgniter->runController(Object(App\Controllers\Home))
#6 C:\xampp\htdocs\ci_proyecto2022\system\CodeIgniter.php(326): CodeIgniter\CodeIgniter->handleRequest(NULL, Object(Config\Cache), false)
#7 C:\xampp\htdocs\ci_proyecto2022\index.php(37): CodeIgniter\CodeIgniter->run()
#8 {main}
CRITICAL - 2022-04-29 08:16:13 --> Call to undefined function mysql_connect()
#0 C:\xampp\htdocs\ci_proyecto2022\system\View\View.php(210): include()
#1 C:\xampp\htdocs\ci_proyecto2022\system\View\View.php(213): CodeIgniter\View\View->CodeIgniter\View\{closure}()
#2 C:\xampp\htdocs\ci_proyecto2022\system\Common.php(1089): CodeIgniter\View\View->render('/sesion/registe...', Array, true)
#3 C:\xampp\htdocs\ci_proyecto2022\app\Controllers\Home.php(56): view('/sesion/registe...')
#4 C:\xampp\htdocs\ci_proyecto2022\system\CodeIgniter.php(832): App\Controllers\Home->register()
#5 C:\xampp\htdocs\ci_proyecto2022\system\CodeIgniter.php(419): CodeIgniter\CodeIgniter->runController(Object(App\Controllers\Home))
#6 C:\xampp\htdocs\ci_proyecto2022\system\CodeIgniter.php(326): CodeIgniter\CodeIgniter->handleRequest(NULL, Object(Config\Cache), false)
#7 C:\xampp\htdocs\ci_proyecto2022\index.php(37): CodeIgniter\CodeIgniter->run()
#8 {main}
CRITICAL - 2022-04-29 08:18:47 --> include(conectionBD.php): failed to open stream: No such file or directory
#0 C:\xampp\htdocs\ci_proyecto2022\app\Views\sesion\register.php(39): CodeIgniter\Debug\Exceptions->errorHandler(2, 'include(conecti...', 'C:\\xampp\\htdocs...', 39, Array)
#1 C:\xampp\htdocs\ci_proyecto2022\app\Views\sesion\register.php(39): include()
#2 C:\xampp\htdocs\ci_proyecto2022\system\View\View.php(210): include('C:\\xampp\\htdocs...')
#3 C:\xampp\htdocs\ci_proyecto2022\system\View\View.php(213): CodeIgniter\View\View->CodeIgniter\View\{closure}()
#4 C:\xampp\htdocs\ci_proyecto2022\system\Common.php(1089): CodeIgniter\View\View->render('/sesion/registe...', Array, true)
#5 C:\xampp\htdocs\ci_proyecto2022\app\Controllers\Home.php(56): view('/sesion/registe...')
#6 C:\xampp\htdocs\ci_proyecto2022\system\CodeIgniter.php(832): App\Controllers\Home->register()
#7 C:\xampp\htdocs\ci_proyecto2022\system\CodeIgniter.php(419): CodeIgniter\CodeIgniter->runController(Object(App\Controllers\Home))
#8 C:\xampp\htdocs\ci_proyecto2022\system\CodeIgniter.php(326): CodeIgniter\CodeIgniter->handleRequest(NULL, Object(Config\Cache), false)
#9 C:\xampp\htdocs\ci_proyecto2022\index.php(37): CodeIgniter\CodeIgniter->run()
#10 {main}
CRITICAL - 2022-04-29 08:18:47 --> include(conectionBD.php): failed to open stream: No such file or directory
#0 C:\xampp\htdocs\ci_proyecto2022\app\Views\sesion\register.php(39): CodeIgniter\Debug\Exceptions->errorHandler(2, 'include(conecti...', 'C:\\xampp\\htdocs...', 39, Array)
#1 C:\xampp\htdocs\ci_proyecto2022\app\Views\sesion\register.php(39): include()
#2 C:\xampp\htdocs\ci_proyecto2022\system\View\View.php(210): include('C:\\xampp\\htdocs...')
#3 C:\xampp\htdocs\ci_proyecto2022\system\View\View.php(213): CodeIgniter\View\View->CodeIgniter\View\{closure}()
#4 C:\xampp\htdocs\ci_proyecto2022\system\Common.php(1089): CodeIgniter\View\View->render('/sesion/registe...', Array, true)
#5 C:\xampp\htdocs\ci_proyecto2022\app\Controllers\Home.php(56): view('/sesion/registe...')
#6 C:\xampp\htdocs\ci_proyecto2022\system\CodeIgniter.php(832): App\Controllers\Home->register()
#7 C:\xampp\htdocs\ci_proyecto2022\system\CodeIgniter.php(419): CodeIgniter\CodeIgniter->runController(Object(App\Controllers\Home))
#8 C:\xampp\htdocs\ci_proyecto2022\system\CodeIgniter.php(326): CodeIgniter\CodeIgniter->handleRequest(NULL, Object(Config\Cache), false)
#9 C:\xampp\htdocs\ci_proyecto2022\index.php(37): CodeIgniter\CodeIgniter->run()
#10 {main}
CRITICAL - 2022-04-29 08:20:01 --> Call to undefined function mysql_connect()
#0 C:\xampp\htdocs\ci_proyecto2022\system\View\View.php(210): include()
#1 C:\xampp\htdocs\ci_proyecto2022\system\View\View.php(213): CodeIgniter\View\View->CodeIgniter\View\{closure}()
#2 C:\xampp\htdocs\ci_proyecto2022\system\Common.php(1089): CodeIgniter\View\View->render('/conectionBD', Array, true)
#3 C:\xampp\htdocs\ci_proyecto2022\app\Controllers\Home.php(56): view('/conectionBD')
#4 C:\xampp\htdocs\ci_proyecto2022\system\CodeIgniter.php(832): App\Controllers\Home->register()
#5 C:\xampp\htdocs\ci_proyecto2022\system\CodeIgniter.php(419): CodeIgniter\CodeIgniter->runController(Object(App\Controllers\Home))
#6 C:\xampp\htdocs\ci_proyecto2022\system\CodeIgniter.php(326): CodeIgniter\CodeIgniter->handleRequest(NULL, Object(Config\Cache), false)
#7 C:\xampp\htdocs\ci_proyecto2022\index.php(37): CodeIgniter\CodeIgniter->run()
#8 {main}
CRITICAL - 2022-04-29 08:20:01 --> Call to undefined function mysql_connect()
#0 C:\xampp\htdocs\ci_proyecto2022\system\View\View.php(210): include()
#1 C:\xampp\htdocs\ci_proyecto2022\system\View\View.php(213): CodeIgniter\View\View->CodeIgniter\View\{closure}()
#2 C:\xampp\htdocs\ci_proyecto2022\system\Common.php(1089): CodeIgniter\View\View->render('/conectionBD', Array, true)
#3 C:\xampp\htdocs\ci_proyecto2022\app\Controllers\Home.php(56): view('/conectionBD')
#4 C:\xampp\htdocs\ci_proyecto2022\system\CodeIgniter.php(832): App\Controllers\Home->register()
#5 C:\xampp\htdocs\ci_proyecto2022\system\CodeIgniter.php(419): CodeIgniter\CodeIgniter->runController(Object(App\Controllers\Home))
#6 C:\xampp\htdocs\ci_proyecto2022\system\CodeIgniter.php(326): CodeIgniter\CodeIgniter->handleRequest(NULL, Object(Config\Cache), false)
#7 C:\xampp\htdocs\ci_proyecto2022\index.php(37): CodeIgniter\CodeIgniter->run()
#8 {main}
CRITICAL - 2022-04-29 08:20:03 --> Call to undefined function mysql_connect()
#0 C:\xampp\htdocs\ci_proyecto2022\system\View\View.php(210): include()
#1 C:\xampp\htdocs\ci_proyecto2022\system\View\View.php(213): CodeIgniter\View\View->CodeIgniter\View\{closure}()
#2 C:\xampp\htdocs\ci_proyecto2022\system\Common.php(1089): CodeIgniter\View\View->render('/conectionBD', Array, true)
#3 C:\xampp\htdocs\ci_proyecto2022\app\Controllers\Home.php(56): view('/conectionBD')
#4 C:\xampp\htdocs\ci_proyecto2022\system\CodeIgniter.php(832): App\Controllers\Home->register()
#5 C:\xampp\htdocs\ci_proyecto2022\system\CodeIgniter.php(419): CodeIgniter\CodeIgniter->runController(Object(App\Controllers\Home))
#6 C:\xampp\htdocs\ci_proyecto2022\system\CodeIgniter.php(326): CodeIgniter\CodeIgniter->handleRequest(NULL, Object(Config\Cache), false)
#7 C:\xampp\htdocs\ci_proyecto2022\index.php(37): CodeIgniter\CodeIgniter->run()
#8 {main}
CRITICAL - 2022-04-29 08:20:10 --> Call to undefined function mysql_connect()
#0 C:\xampp\htdocs\ci_proyecto2022\system\View\View.php(210): include()
#1 C:\xampp\htdocs\ci_proyecto2022\system\View\View.php(213): CodeIgniter\View\View->CodeIgniter\View\{closure}()
#2 C:\xampp\htdocs\ci_proyecto2022\system\Common.php(1089): CodeIgniter\View\View->render('/conectionBD', Array, true)
#3 C:\xampp\htdocs\ci_proyecto2022\app\Controllers\Home.php(55): view('/conectionBD')
#4 C:\xampp\htdocs\ci_proyecto2022\system\CodeIgniter.php(832): App\Controllers\Home->register()
#5 C:\xampp\htdocs\ci_proyecto2022\system\CodeIgniter.php(419): CodeIgniter\CodeIgniter->runController(Object(App\Controllers\Home))
#6 C:\xampp\htdocs\ci_proyecto2022\system\CodeIgniter.php(326): CodeIgniter\CodeIgniter->handleRequest(NULL, Object(Config\Cache), false)
#7 C:\xampp\htdocs\ci_proyecto2022\index.php(37): CodeIgniter\CodeIgniter->run()
#8 {main}
CRITICAL - 2022-04-29 08:20:14 --> Call to undefined function mysql_connect()
#0 C:\xampp\htdocs\ci_proyecto2022\system\View\View.php(210): include()
#1 C:\xampp\htdocs\ci_proyecto2022\system\View\View.php(213): CodeIgniter\View\View->CodeIgniter\View\{closure}()
#2 C:\xampp\htdocs\ci_proyecto2022\system\Common.php(1089): CodeIgniter\View\View->render('/conectionBD', Array, true)
#3 C:\xampp\htdocs\ci_proyecto2022\app\Controllers\Home.php(55): view('/conectionBD')
#4 C:\xampp\htdocs\ci_proyecto2022\system\CodeIgniter.php(832): App\Controllers\Home->register()
#5 C:\xampp\htdocs\ci_proyecto2022\system\CodeIgniter.php(419): CodeIgniter\CodeIgniter->runController(Object(App\Controllers\Home))
#6 C:\xampp\htdocs\ci_proyecto2022\system\CodeIgniter.php(326): CodeIgniter\CodeIgniter->handleRequest(NULL, Object(Config\Cache), false)
#7 C:\xampp\htdocs\ci_proyecto2022\index.php(37): CodeIgniter\CodeIgniter->run()
#8 {main}
CRITICAL - 2022-04-29 08:20:16 --> Call to undefined function mysql_connect()
#0 C:\xampp\htdocs\ci_proyecto2022\system\View\View.php(210): include()
#1 C:\xampp\htdocs\ci_proyecto2022\system\View\View.php(213): CodeIgniter\View\View->CodeIgniter\View\{closure}()
#2 C:\xampp\htdocs\ci_proyecto2022\system\Common.php(1089): CodeIgniter\View\View->render('/conectionBD', Array, true)
#3 C:\xampp\htdocs\ci_proyecto2022\app\Controllers\Home.php(55): view('/conectionBD')
#4 C:\xampp\htdocs\ci_proyecto2022\system\CodeIgniter.php(832): App\Controllers\Home->register()
#5 C:\xampp\htdocs\ci_proyecto2022\system\CodeIgniter.php(419): CodeIgniter\CodeIgniter->runController(Object(App\Controllers\Home))
#6 C:\xampp\htdocs\ci_proyecto2022\system\CodeIgniter.php(326): CodeIgniter\CodeIgniter->handleRequest(NULL, Object(Config\Cache), false)
#7 C:\xampp\htdocs\ci_proyecto2022\index.php(37): CodeIgniter\CodeIgniter->run()
#8 {main}
CRITICAL - 2022-04-29 08:26:40 --> Undefined variable: default
#0 C:\xampp\htdocs\ci_proyecto2022\app\Views\sesion\register.php(5): CodeIgniter\Debug\Exceptions->errorHandler(8, 'Undefined varia...', 'C:\\xampp\\htdocs...', 5, Array)
#1 C:\xampp\htdocs\ci_proyecto2022\system\View\View.php(210): include('C:\\xampp\\htdocs...')
#2 C:\xampp\htdocs\ci_proyecto2022\system\View\View.php(213): CodeIgniter\View\View->CodeIgniter\View\{closure}()
#3 C:\xampp\htdocs\ci_proyecto2022\system\Common.php(1089): CodeIgniter\View\View->render('/sesion/registe...', Array, true)
#4 C:\xampp\htdocs\ci_proyecto2022\app\Controllers\Home.php(56): view('/sesion/registe...')
#5 C:\xampp\htdocs\ci_proyecto2022\system\CodeIgniter.php(832): App\Controllers\Home->register()
#6 C:\xampp\htdocs\ci_proyecto2022\system\CodeIgniter.php(419): CodeIgniter\CodeIgniter->runController(Object(App\Controllers\Home))
#7 C:\xampp\htdocs\ci_proyecto2022\system\CodeIgniter.php(326): CodeIgniter\CodeIgniter->handleRequest(NULL, Object(Config\Cache), false)
#8 C:\xampp\htdocs\ci_proyecto2022\index.php(37): CodeIgniter\CodeIgniter->run()
#9 {main}
CRITICAL - 2022-04-29 08:27:43 --> Call to undefined function mysql_connect()
#0 C:\xampp\htdocs\ci_proyecto2022\system\View\View.php(210): include()
#1 C:\xampp\htdocs\ci_proyecto2022\system\View\View.php(213): CodeIgniter\View\View->CodeIgniter\View\{closure}()
#2 C:\xampp\htdocs\ci_proyecto2022\system\Common.php(1089): CodeIgniter\View\View->render('/sesion/registe...', Array, true)
#3 C:\xampp\htdocs\ci_proyecto2022\app\Controllers\Home.php(56): view('/sesion/registe...')
#4 C:\xampp\htdocs\ci_proyecto2022\system\CodeIgniter.php(832): App\Controllers\Home->register()
#5 C:\xampp\htdocs\ci_proyecto2022\system\CodeIgniter.php(419): CodeIgniter\CodeIgniter->runController(Object(App\Controllers\Home))
#6 C:\xampp\htdocs\ci_proyecto2022\system\CodeIgniter.php(326): CodeIgniter\CodeIgniter->handleRequest(NULL, Object(Config\Cache), false)
#7 C:\xampp\htdocs\ci_proyecto2022\index.php(37): CodeIgniter\CodeIgniter->run()
#8 {main}
CRITICAL - 2022-04-29 09:27:40 --> include(conectionBD.php): failed to open stream: No such file or directory
#0 C:\xampp\htdocs\ci_proyecto2022\app\Views\sesion\register.php(5): CodeIgniter\Debug\Exceptions->errorHandler(2, 'include(conecti...', 'C:\\xampp\\htdocs...', 5, Array)
#1 C:\xampp\htdocs\ci_proyecto2022\app\Views\sesion\register.php(5): include()
#2 C:\xampp\htdocs\ci_proyecto2022\system\View\View.php(210): include('C:\\xampp\\htdocs...')
#3 C:\xampp\htdocs\ci_proyecto2022\system\View\View.php(213): CodeIgniter\View\View->CodeIgniter\View\{closure}()
#4 C:\xampp\htdocs\ci_proyecto2022\system\Common.php(1089): CodeIgniter\View\View->render('/sesion/registe...', Array, true)
#5 C:\xampp\htdocs\ci_proyecto2022\app\Controllers\Home.php(56): view('/sesion/registe...')
#6 C:\xampp\htdocs\ci_proyecto2022\system\CodeIgniter.php(832): App\Controllers\Home->register()
#7 C:\xampp\htdocs\ci_proyecto2022\system\CodeIgniter.php(419): CodeIgniter\CodeIgniter->runController(Object(App\Controllers\Home))
#8 C:\xampp\htdocs\ci_proyecto2022\system\CodeIgniter.php(326): CodeIgniter\CodeIgniter->handleRequest(NULL, Object(Config\Cache), false)
#9 C:\xampp\htdocs\ci_proyecto2022\index.php(37): CodeIgniter\CodeIgniter->run()
#10 {main}
CRITICAL - 2022-04-29 09:28:21 --> include(Views/conectionBD.php): failed to open stream: No such file or directory
#0 C:\xampp\htdocs\ci_proyecto2022\app\Views\sesion\register.php(5): CodeIgniter\Debug\Exceptions->errorHandler(2, 'include(Views/c...', 'C:\\xampp\\htdocs...', 5, Array)
#1 C:\xampp\htdocs\ci_proyecto2022\app\Views\sesion\register.php(5): include()
#2 C:\xampp\htdocs\ci_proyecto2022\system\View\View.php(210): include('C:\\xampp\\htdocs...')
#3 C:\xampp\htdocs\ci_proyecto2022\system\View\View.php(213): CodeIgniter\View\View->CodeIgniter\View\{closure}()
#4 C:\xampp\htdocs\ci_proyecto2022\system\Common.php(1089): CodeIgniter\View\View->render('/sesion/registe...', Array, true)
#5 C:\xampp\htdocs\ci_proyecto2022\app\Controllers\Home.php(56): view('/sesion/registe...')
#6 C:\xampp\htdocs\ci_proyecto2022\system\CodeIgniter.php(832): App\Controllers\Home->register()
#7 C:\xampp\htdocs\ci_proyecto2022\system\CodeIgniter.php(419): CodeIgniter\CodeIgniter->runController(Object(App\Controllers\Home))
#8 C:\xampp\htdocs\ci_proyecto2022\system\CodeIgniter.php(326): CodeIgniter\CodeIgniter->handleRequest(NULL, Object(Config\Cache), false)
#9 C:\xampp\htdocs\ci_proyecto2022\index.php(37): CodeIgniter\CodeIgniter->run()
#10 {main}
CRITICAL - 2022-04-29 09:28:21 --> include(Views/conectionBD.php): failed to open stream: No such file or directory
#0 C:\xampp\htdocs\ci_proyecto2022\app\Views\sesion\register.php(5): CodeIgniter\Debug\Exceptions->errorHandler(2, 'include(Views/c...', 'C:\\xampp\\htdocs...', 5, Array)
#1 C:\xampp\htdocs\ci_proyecto2022\app\Views\sesion\register.php(5): include()
#2 C:\xampp\htdocs\ci_proyecto2022\system\View\View.php(210): include('C:\\xampp\\htdocs...')
#3 C:\xampp\htdocs\ci_proyecto2022\system\View\View.php(213): CodeIgniter\View\View->CodeIgniter\View\{closure}()
#4 C:\xampp\htdocs\ci_proyecto2022\system\Common.php(1089): CodeIgniter\View\View->render('/sesion/registe...', Array, true)
#5 C:\xampp\htdocs\ci_proyecto2022\app\Controllers\Home.php(56): view('/sesion/registe...')
#6 C:\xampp\htdocs\ci_proyecto2022\system\CodeIgniter.php(832): App\Controllers\Home->register()
#7 C:\xampp\htdocs\ci_proyecto2022\system\CodeIgniter.php(419): CodeIgniter\CodeIgniter->runController(Object(App\Controllers\Home))
#8 C:\xampp\htdocs\ci_proyecto2022\system\CodeIgniter.php(326): CodeIgniter\CodeIgniter->handleRequest(NULL, Object(Config\Cache), false)
#9 C:\xampp\htdocs\ci_proyecto2022\index.php(37): CodeIgniter\CodeIgniter->run()
#10 {main}
CRITICAL - 2022-04-29 09:28:22 --> include(Views/conectionBD.php): failed to open stream: No such file or directory
#0 C:\xampp\htdocs\ci_proyecto2022\app\Views\sesion\register.php(5): CodeIgniter\Debug\Exceptions->errorHandler(2, 'include(Views/c...', 'C:\\xampp\\htdocs...', 5, Array)
#1 C:\xampp\htdocs\ci_proyecto2022\app\Views\sesion\register.php(5): include()
#2 C:\xampp\htdocs\ci_proyecto2022\system\View\View.php(210): include('C:\\xampp\\htdocs...')
#3 C:\xampp\htdocs\ci_proyecto2022\system\View\View.php(213): CodeIgniter\View\View->CodeIgniter\View\{closure}()
#4 C:\xampp\htdocs\ci_proyecto2022\system\Common.php(1089): CodeIgniter\View\View->render('/sesion/registe...', Array, true)
#5 C:\xampp\htdocs\ci_proyecto2022\app\Controllers\Home.php(56): view('/sesion/registe...')
#6 C:\xampp\htdocs\ci_proyecto2022\system\CodeIgniter.php(832): App\Controllers\Home->register()
#7 C:\xampp\htdocs\ci_proyecto2022\system\CodeIgniter.php(419): CodeIgniter\CodeIgniter->runController(Object(App\Controllers\Home))
#8 C:\xampp\htdocs\ci_proyecto2022\system\CodeIgniter.php(326): CodeIgniter\CodeIgniter->handleRequest(NULL, Object(Config\Cache), false)
#9 C:\xampp\htdocs\ci_proyecto2022\index.php(37): CodeIgniter\CodeIgniter->run()
#10 {main}
CRITICAL - 2022-04-29 09:28:51 --> Call to undefined function mysql_connect()
#0 C:\xampp\htdocs\ci_proyecto2022\app\Views\sesion\register.php(5): include()
#1 C:\xampp\htdocs\ci_proyecto2022\system\View\View.php(210): include('C:\\xampp\\htdocs...')
#2 C:\xampp\htdocs\ci_proyecto2022\system\View\View.php(213): CodeIgniter\View\View->CodeIgniter\View\{closure}()
#3 C:\xampp\htdocs\ci_proyecto2022\system\Common.php(1089): CodeIgniter\View\View->render('/sesion/registe...', Array, true)
#4 C:\xampp\htdocs\ci_proyecto2022\app\Controllers\Home.php(56): view('/sesion/registe...')
#5 C:\xampp\htdocs\ci_proyecto2022\system\CodeIgniter.php(832): App\Controllers\Home->register()
#6 C:\xampp\htdocs\ci_proyecto2022\system\CodeIgniter.php(419): CodeIgniter\CodeIgniter->runController(Object(App\Controllers\Home))
#7 C:\xampp\htdocs\ci_proyecto2022\system\CodeIgniter.php(326): CodeIgniter\CodeIgniter->handleRequest(NULL, Object(Config\Cache), false)
#8 C:\xampp\htdocs\ci_proyecto2022\index.php(37): CodeIgniter\CodeIgniter->run()
#9 {main}
CRITICAL - 2022-04-29 12:27:56 --> Class 'conectionBD' not found
#0 C:\xampp\htdocs\ci_proyecto2022\app\Views\index.php(3): include_once()
#1 C:\xampp\htdocs\ci_proyecto2022\system\View\View.php(210): include('C:\\xampp\\htdocs...')
#2 C:\xampp\htdocs\ci_proyecto2022\system\View\View.php(213): CodeIgniter\View\View->CodeIgniter\View\{closure}()
#3 C:\xampp\htdocs\ci_proyecto2022\system\Common.php(1089): CodeIgniter\View\View->render('index', Array, true)
#4 C:\xampp\htdocs\ci_proyecto2022\app\Controllers\Home.php(11): view('index')
#5 C:\xampp\htdocs\ci_proyecto2022\system\CodeIgniter.php(832): App\Controllers\Home->index()
#6 C:\xampp\htdocs\ci_proyecto2022\system\CodeIgniter.php(419): CodeIgniter\CodeIgniter->runController(Object(App\Controllers\Home))
#7 C:\xampp\htdocs\ci_proyecto2022\system\CodeIgniter.php(326): CodeIgniter\CodeIgniter->handleRequest(NULL, Object(Config\Cache), false)
#8 C:\xampp\htdocs\ci_proyecto2022\index.php(37): CodeIgniter\CodeIgniter->run()
#9 {main}
CRITICAL - 2022-04-29 12:28:42 --> Class 'conectionBD' not found
#0 C:\xampp\htdocs\ci_proyecto2022\app\Views\index.php(3): include_once()
#1 C:\xampp\htdocs\ci_proyecto2022\system\View\View.php(210): include('C:\\xampp\\htdocs...')
#2 C:\xampp\htdocs\ci_proyecto2022\system\View\View.php(213): CodeIgniter\View\View->CodeIgniter\View\{closure}()
#3 C:\xampp\htdocs\ci_proyecto2022\system\Common.php(1089): CodeIgniter\View\View->render('index', Array, true)
#4 C:\xampp\htdocs\ci_proyecto2022\app\Controllers\Home.php(11): view('index')
#5 C:\xampp\htdocs\ci_proyecto2022\system\CodeIgniter.php(832): App\Controllers\Home->index()
#6 C:\xampp\htdocs\ci_proyecto2022\system\CodeIgniter.php(419): CodeIgniter\CodeIgniter->runController(Object(App\Controllers\Home))
#7 C:\xampp\htdocs\ci_proyecto2022\system\CodeIgniter.php(326): CodeIgniter\CodeIgniter->handleRequest(NULL, Object(Config\Cache), false)
#8 C:\xampp\htdocs\ci_proyecto2022\index.php(37): CodeIgniter\CodeIgniter->run()
#9 {main}
CRITICAL - 2022-04-29 12:35:26 --> Class 'Database' not found
#0 C:\xampp\htdocs\ci_proyecto2022\app\Views\index.php(3): include_once()
#1 C:\xampp\htdocs\ci_proyecto2022\system\View\View.php(210): include('C:\\xampp\\htdocs...')
#2 C:\xampp\htdocs\ci_proyecto2022\system\View\View.php(213): CodeIgniter\View\View->CodeIgniter\View\{closure}()
#3 C:\xampp\htdocs\ci_proyecto2022\system\Common.php(1089): CodeIgniter\View\View->render('index', Array, true)
#4 C:\xampp\htdocs\ci_proyecto2022\app\Controllers\Home.php(11): view('index')
#5 C:\xampp\htdocs\ci_proyecto2022\system\CodeIgniter.php(832): App\Controllers\Home->index()
#6 C:\xampp\htdocs\ci_proyecto2022\system\CodeIgniter.php(419): CodeIgniter\CodeIgniter->runController(Object(App\Controllers\Home))
#7 C:\xampp\htdocs\ci_proyecto2022\system\CodeIgniter.php(326): CodeIgniter\CodeIgniter->handleRequest(NULL, Object(Config\Cache), false)
#8 C:\xampp\htdocs\ci_proyecto2022\index.php(37): CodeIgniter\CodeIgniter->run()
#9 {main}
CRITICAL - 2022-04-29 12:35:48 --> Cannot declare class Config\Database, because the name is already in use
#0 [internal function]: CodeIgniter\Debug\Exceptions->shutdownHandler()
#1 {main}
CRITICAL - 2022-04-29 12:37:13 --> Cannot declare class Config\Database, because the name is already in use
#0 [internal function]: CodeIgniter\Debug\Exceptions->shutdownHandler()
#1 {main}
CRITICAL - 2022-04-29 12:37:14 --> Cannot declare class Config\Database, because the name is already in use
#0 [internal function]: CodeIgniter\Debug\Exceptions->shutdownHandler()
#1 {main}
CRITICAL - 2022-04-29 19:12:13 --> Cannot declare class Config\Database, because the name is already in use
#0 [internal function]: CodeIgniter\Debug\Exceptions->shutdownHandler()
#1 {main}
CRITICAL - 2022-04-29 19:12:57 --> Cannot declare class Config\Database, because the name is already in use
#0 [internal function]: CodeIgniter\Debug\Exceptions->shutdownHandler()
#1 {main}
CRITICAL - 2022-04-29 19:12:58 --> Cannot declare class Config\Database, because the name is already in use
#0 [internal function]: CodeIgniter\Debug\Exceptions->shutdownHandler()
#1 {main}
CRITICAL - 2022-04-29 19:12:58 --> Cannot declare class Config\Database, because the name is already in use
#0 [internal function]: CodeIgniter\Debug\Exceptions->shutdownHandler()
#1 {main}
CRITICAL - 2022-04-29 19:13:05 --> Cannot declare class Config\Database, because the name is already in use
#0 [internal function]: CodeIgniter\Debug\Exceptions->shutdownHandler()
#1 {main}
CRITICAL - 2022-04-29 19:14:17 --> Class 'conectionBD' not found
#0 C:\xampp\htdocs\ci_proyecto2022\app\Views\index.php(3): include_once()
#1 C:\xampp\htdocs\ci_proyecto2022\system\View\View.php(210): include('C:\\xampp\\htdocs...')
#2 C:\xampp\htdocs\ci_proyecto2022\system\View\View.php(213): CodeIgniter\View\View->CodeIgniter\View\{closure}()
#3 C:\xampp\htdocs\ci_proyecto2022\system\Common.php(1089): CodeIgniter\View\View->render('index', Array, true)
#4 C:\xampp\htdocs\ci_proyecto2022\app\Controllers\Home.php(11): view('index')
#5 C:\xampp\htdocs\ci_proyecto2022\system\CodeIgniter.php(832): App\Controllers\Home->index()
#6 C:\xampp\htdocs\ci_proyecto2022\system\CodeIgniter.php(419): CodeIgniter\CodeIgniter->runController(Object(App\Controllers\Home))
#7 C:\xampp\htdocs\ci_proyecto2022\system\CodeIgniter.php(326): CodeIgniter\CodeIgniter->handleRequest(NULL, Object(Config\Cache), false)
#8 C:\xampp\htdocs\ci_proyecto2022\index.php(37): CodeIgniter\CodeIgniter->run()
#9 {main}
CRITICAL - 2022-04-29 19:16:01 --> Undefined variable: conex
#0 C:\xampp\htdocs\ci_proyecto2022\app\Views\sesion\register.php(21): CodeIgniter\Debug\Exceptions->errorHandler(8, 'Undefined varia...', 'C:\\xampp\\htdocs...', 21, Array)
#1 C:\xampp\htdocs\ci_proyecto2022\system\View\View.php(210): include('C:\\xampp\\htdocs...')
#2 C:\xampp\htdocs\ci_proyecto2022\system\View\View.php(213): CodeIgniter\View\View->CodeIgniter\View\{closure}()
#3 C:\xampp\htdocs\ci_proyecto2022\system\Common.php(1089): CodeIgniter\View\View->render('/sesion/registe...', Array, true)
#4 C:\xampp\htdocs\ci_proyecto2022\app\Controllers\Home.php(56): view('/sesion/registe...')
#5 C:\xampp\htdocs\ci_proyecto2022\system\CodeIgniter.php(832): App\Controllers\Home->register()
#6 C:\xampp\htdocs\ci_proyecto2022\system\CodeIgniter.php(419): CodeIgniter\CodeIgniter->runController(Object(App\Controllers\Home))
#7 C:\xampp\htdocs\ci_proyecto2022\system\CodeIgniter.php(326): CodeIgniter\CodeIgniter->handleRequest(NULL, Object(Config\Cache), false)
#8 C:\xampp\htdocs\ci_proyecto2022\index.php(37): CodeIgniter\CodeIgniter->run()
#9 {main}
CRITICAL - 2022-04-29 19:18:47 --> mysqli_connect(): (HY000/2002): No se puede establecer una conexión ya que el equipo de destino denegó expresamente dicha conexión.

#0 [internal function]: CodeIgniter\Debug\Exceptions->errorHandler(2, 'mysqli_connect(...', 'C:\\xampp\\htdocs...', 2, Array)
#1 C:\xampp\htdocs\ci_proyecto2022\app\Views\sesion\conectionBD.php(2): mysqli_connect('localhost', 'root', '', 'hardgame')
#2 C:\xampp\htdocs\ci_proyecto2022\app\Views\sesion\user.php(4): include('C:\\xampp\\htdocs...')
#3 C:\xampp\htdocs\ci_proyecto2022\app\Views\index.php(3): include_once('C:\\xampp\\htdocs...')
#4 C:\xampp\htdocs\ci_proyecto2022\system\View\View.php(210): include('C:\\xampp\\htdocs...')
#5 C:\xampp\htdocs\ci_proyecto2022\system\View\View.php(213): CodeIgniter\View\View->CodeIgniter\View\{closure}()
#6 C:\xampp\htdocs\ci_proyecto2022\system\Common.php(1089): CodeIgniter\View\View->render('index', Array, true)
#7 C:\xampp\htdocs\ci_proyecto2022\app\Controllers\Home.php(11): view('index')
#8 C:\xampp\htdocs\ci_proyecto2022\system\CodeIgniter.php(832): App\Controllers\Home->index()
#9 C:\xampp\htdocs\ci_proyecto2022\system\CodeIgniter.php(419): CodeIgniter\CodeIgniter->runController(Object(App\Controllers\Home))
#10 C:\xampp\htdocs\ci_proyecto2022\system\CodeIgniter.php(326): CodeIgniter\CodeIgniter->handleRequest(NULL, Object(Config\Cache), false)
#11 C:\xampp\htdocs\ci_proyecto2022\index.php(37): CodeIgniter\CodeIgniter->run()
#12 {main}
