CRITICAL - 2022-06-04 09:41:46 --> The original file is not a valid file.
#0 C:\xampp\htdocs\ci_proyecto2022\system\HTTP\Files\UploadedFile.php(137): CodeIgniter\HTTP\Exceptions\HTTPException::forInvalidFile()
#1 C:\xampp\htdocs\ci_proyecto2022\app\Controllers\UserController.php(152): CodeIgniter\HTTP\Files\UploadedFile->move('C:\\xampp\\htdocs...')
#2 C:\xampp\htdocs\ci_proyecto2022\system\CodeIgniter.php(832): App\Controllers\UserController->updateProfile()
#3 C:\xampp\htdocs\ci_proyecto2022\system\CodeIgniter.php(419): CodeIgniter\CodeIgniter->runController(Object(App\Controllers\UserController))
#4 C:\xampp\htdocs\ci_proyecto2022\system\CodeIgniter.php(326): CodeIgniter\CodeIgniter->handleRequest(NULL, Object(Config\Cache), false)
#5 C:\xampp\htdocs\ci_proyecto2022\index.php(37): CodeIgniter\CodeIgniter->run()
#6 {main}
CRITICAL - 2022-06-04 13:34:24 --> Call to a member function update() on null
#0 C:\xampp\htdocs\ci_proyecto2022\system\CodeIgniter.php(832): App\Controllers\AdminController->restoreConsult()
#1 C:\xampp\htdocs\ci_proyecto2022\system\CodeIgniter.php(419): CodeIgniter\CodeIgniter->runController(Object(App\Controllers\AdminController))
#2 C:\xampp\htdocs\ci_proyecto2022\system\CodeIgniter.php(326): CodeIgniter\CodeIgniter->handleRequest(NULL, Object(Config\Cache), false)
#3 C:\xampp\htdocs\ci_proyecto2022\index.php(37): CodeIgniter\CodeIgniter->run()
#4 {main}
CRITICAL - 2022-06-04 13:34:35 --> Call to a member function save() on null
#0 C:\xampp\htdocs\ci_proyecto2022\system\CodeIgniter.php(832): App\Controllers\AdminController->restoreConsult()
#1 C:\xampp\htdocs\ci_proyecto2022\system\CodeIgniter.php(419): CodeIgniter\CodeIgniter->runController(Object(App\Controllers\AdminController))
#2 C:\xampp\htdocs\ci_proyecto2022\system\CodeIgniter.php(326): CodeIgniter\CodeIgniter->handleRequest(NULL, Object(Config\Cache), false)
#3 C:\xampp\htdocs\ci_proyecto2022\index.php(37): CodeIgniter\CodeIgniter->run()
#4 {main}
CRITICAL - 2022-06-04 13:36:41 --> Return value of CodeIgniter\BaseModel::transformDataToArray() must be of the type array, string returned
#0 C:\xampp\htdocs\ci_proyecto2022\system\BaseModel.php(832): CodeIgniter\BaseModel->transformDataToArray('"deleted_at" =>...', 'update')
#1 C:\xampp\htdocs\ci_proyecto2022\system\Model.php(651): CodeIgniter\BaseModel->update(Array, '"deleted_at" =>...')
#2 C:\xampp\htdocs\ci_proyecto2022\app\Controllers\AdminController.php(164): CodeIgniter\Model->update('5', '"deleted_at" =>...')
#3 C:\xampp\htdocs\ci_proyecto2022\system\CodeIgniter.php(832): App\Controllers\AdminController->restoreConsult()
#4 C:\xampp\htdocs\ci_proyecto2022\system\CodeIgniter.php(419): CodeIgniter\CodeIgniter->runController(Object(App\Controllers\AdminController))
#5 C:\xampp\htdocs\ci_proyecto2022\system\CodeIgniter.php(326): CodeIgniter\CodeIgniter->handleRequest(NULL, Object(Config\Cache), false)
#6 C:\xampp\htdocs\ci_proyecto2022\index.php(37): CodeIgniter\CodeIgniter->run()
#7 {main}
ERROR - 2022-06-04 13:52:43 --> Column 'name' cannot be null
CRITICAL - 2022-06-04 13:52:43 --> Column 'name' cannot be null
#0 C:\xampp\htdocs\ci_proyecto2022\system\Database\MySQLi\Connection.php(292): mysqli->query('INSERT INTO `me...', 0)
#1 C:\xampp\htdocs\ci_proyecto2022\system\Database\BaseConnection.php(670): CodeIgniter\Database\MySQLi\Connection->execute('INSERT INTO `me...')
#2 C:\xampp\htdocs\ci_proyecto2022\system\Database\BaseConnection.php(598): CodeIgniter\Database\BaseConnection->simpleQuery('INSERT INTO `me...')
#3 C:\xampp\htdocs\ci_proyecto2022\system\Database\BaseBuilder.php(1771): CodeIgniter\Database\BaseConnection->query('INSERT INTO `me...', Array, false)
#4 C:\xampp\htdocs\ci_proyecto2022\system\Model.php(239): CodeIgniter\Database\BaseBuilder->insert()
#5 C:\xampp\htdocs\ci_proyecto2022\system\BaseModel.php(738): CodeIgniter\Model->doInsert(Array)
#6 C:\xampp\htdocs\ci_proyecto2022\system\Model.php(625): CodeIgniter\BaseModel->insert(Array, true)
#7 C:\xampp\htdocs\ci_proyecto2022\app\Controllers\UserController.php(23): CodeIgniter\Model->insert(Array)
#8 C:\xampp\htdocs\ci_proyecto2022\system\CodeIgniter.php(832): App\Controllers\UserController->registerHelp()
#9 C:\xampp\htdocs\ci_proyecto2022\system\CodeIgniter.php(419): CodeIgniter\CodeIgniter->runController(Object(App\Controllers\UserController))
#10 C:\xampp\htdocs\ci_proyecto2022\system\CodeIgniter.php(326): CodeIgniter\CodeIgniter->handleRequest(NULL, Object(Config\Cache), false)
#11 C:\xampp\htdocs\ci_proyecto2022\index.php(37): CodeIgniter\CodeIgniter->run()
#12 {main}
CRITICAL - 2022-06-04 14:05:58 --> Illegal string offset 'consult'
#0 C:\xampp\htdocs\ci_proyecto2022\app\Views\various\help.php(40): CodeIgniter\Debug\Exceptions->errorHandler(2, 'Illegal string ...', 'C:\\xampp\\htdocs...', 40, Array)
#1 C:\xampp\htdocs\ci_proyecto2022\system\View\View.php(210): include('C:\\xampp\\htdocs...')
#2 C:\xampp\htdocs\ci_proyecto2022\system\View\View.php(213): CodeIgniter\View\View->CodeIgniter\View\{closure}()
#3 C:\xampp\htdocs\ci_proyecto2022\system\Common.php(1089): CodeIgniter\View\View->render('/various/help', Array, true)
#4 C:\xampp\htdocs\ci_proyecto2022\app\Controllers\ViewController.php(52): view('/various/help', Array)
#5 C:\xampp\htdocs\ci_proyecto2022\system\CodeIgniter.php(832): App\Controllers\ViewController->help()
#6 C:\xampp\htdocs\ci_proyecto2022\system\CodeIgniter.php(419): CodeIgniter\CodeIgniter->runController(Object(App\Controllers\ViewController))
#7 C:\xampp\htdocs\ci_proyecto2022\system\CodeIgniter.php(326): CodeIgniter\CodeIgniter->handleRequest(NULL, Object(Config\Cache), false)
#8 C:\xampp\htdocs\ci_proyecto2022\index.php(37): CodeIgniter\CodeIgniter->run()
#9 {main}
CRITICAL - 2022-06-04 14:08:02 --> Illegal string offset 'consult'
#0 C:\xampp\htdocs\ci_proyecto2022\app\Views\various\help.php(40): CodeIgniter\Debug\Exceptions->errorHandler(2, 'Illegal string ...', 'C:\\xampp\\htdocs...', 40, Array)
#1 C:\xampp\htdocs\ci_proyecto2022\system\View\View.php(210): include('C:\\xampp\\htdocs...')
#2 C:\xampp\htdocs\ci_proyecto2022\system\View\View.php(213): CodeIgniter\View\View->CodeIgniter\View\{closure}()
#3 C:\xampp\htdocs\ci_proyecto2022\system\Common.php(1089): CodeIgniter\View\View->render('/various/help', Array, true)
#4 C:\xampp\htdocs\ci_proyecto2022\app\Controllers\ViewController.php(52): view('/various/help', Array)
#5 C:\xampp\htdocs\ci_proyecto2022\system\CodeIgniter.php(832): App\Controllers\ViewController->help()
#6 C:\xampp\htdocs\ci_proyecto2022\system\CodeIgniter.php(419): CodeIgniter\CodeIgniter->runController(Object(App\Controllers\ViewController))
#7 C:\xampp\htdocs\ci_proyecto2022\system\CodeIgniter.php(326): CodeIgniter\CodeIgniter->handleRequest(NULL, Object(Config\Cache), false)
#8 C:\xampp\htdocs\ci_proyecto2022\index.php(37): CodeIgniter\CodeIgniter->run()
#9 {main}
CRITICAL - 2022-06-04 14:08:09 --> Illegal string offset 'consult'
#0 C:\xampp\htdocs\ci_proyecto2022\app\Views\various\help.php(40): CodeIgniter\Debug\Exceptions->errorHandler(2, 'Illegal string ...', 'C:\\xampp\\htdocs...', 40, Array)
#1 C:\xampp\htdocs\ci_proyecto2022\system\View\View.php(210): include('C:\\xampp\\htdocs...')
#2 C:\xampp\htdocs\ci_proyecto2022\system\View\View.php(213): CodeIgniter\View\View->CodeIgniter\View\{closure}()
#3 C:\xampp\htdocs\ci_proyecto2022\system\Common.php(1089): CodeIgniter\View\View->render('/various/help', Array, true)
#4 C:\xampp\htdocs\ci_proyecto2022\app\Controllers\ViewController.php(52): view('/various/help', Array)
#5 C:\xampp\htdocs\ci_proyecto2022\system\CodeIgniter.php(832): App\Controllers\ViewController->help()
#6 C:\xampp\htdocs\ci_proyecto2022\system\CodeIgniter.php(419): CodeIgniter\CodeIgniter->runController(Object(App\Controllers\ViewController))
#7 C:\xampp\htdocs\ci_proyecto2022\system\CodeIgniter.php(326): CodeIgniter\CodeIgniter->handleRequest(NULL, Object(Config\Cache), false)
#8 C:\xampp\htdocs\ci_proyecto2022\index.php(37): CodeIgniter\CodeIgniter->run()
#9 {main}
CRITICAL - 2022-06-04 14:08:27 --> Illegal string offset 'consult'
#0 C:\xampp\htdocs\ci_proyecto2022\app\Views\various\help.php(40): CodeIgniter\Debug\Exceptions->errorHandler(2, 'Illegal string ...', 'C:\\xampp\\htdocs...', 40, Array)
#1 C:\xampp\htdocs\ci_proyecto2022\system\View\View.php(210): include('C:\\xampp\\htdocs...')
#2 C:\xampp\htdocs\ci_proyecto2022\system\View\View.php(213): CodeIgniter\View\View->CodeIgniter\View\{closure}()
#3 C:\xampp\htdocs\ci_proyecto2022\system\Common.php(1089): CodeIgniter\View\View->render('/various/help', Array, true)
#4 C:\xampp\htdocs\ci_proyecto2022\app\Controllers\ViewController.php(52): view('/various/help', Array)
#5 C:\xampp\htdocs\ci_proyecto2022\system\CodeIgniter.php(832): App\Controllers\ViewController->help()
#6 C:\xampp\htdocs\ci_proyecto2022\system\CodeIgniter.php(419): CodeIgniter\CodeIgniter->runController(Object(App\Controllers\ViewController))
#7 C:\xampp\htdocs\ci_proyecto2022\system\CodeIgniter.php(326): CodeIgniter\CodeIgniter->handleRequest(NULL, Object(Config\Cache), false)
#8 C:\xampp\htdocs\ci_proyecto2022\index.php(37): CodeIgniter\CodeIgniter->run()
#9 {main}
CRITICAL - 2022-06-04 14:08:49 --> Illegal string offset 'consult'
#0 C:\xampp\htdocs\ci_proyecto2022\app\Views\various\help.php(40): CodeIgniter\Debug\Exceptions->errorHandler(2, 'Illegal string ...', 'C:\\xampp\\htdocs...', 40, Array)
#1 C:\xampp\htdocs\ci_proyecto2022\system\View\View.php(210): include('C:\\xampp\\htdocs...')
#2 C:\xampp\htdocs\ci_proyecto2022\system\View\View.php(213): CodeIgniter\View\View->CodeIgniter\View\{closure}()
#3 C:\xampp\htdocs\ci_proyecto2022\system\Common.php(1089): CodeIgniter\View\View->render('/various/help', Array, true)
#4 C:\xampp\htdocs\ci_proyecto2022\app\Controllers\ViewController.php(52): view('/various/help', Array)
#5 C:\xampp\htdocs\ci_proyecto2022\system\CodeIgniter.php(832): App\Controllers\ViewController->help()
#6 C:\xampp\htdocs\ci_proyecto2022\system\CodeIgniter.php(419): CodeIgniter\CodeIgniter->runController(Object(App\Controllers\ViewController))
#7 C:\xampp\htdocs\ci_proyecto2022\system\CodeIgniter.php(326): CodeIgniter\CodeIgniter->handleRequest(NULL, Object(Config\Cache), false)
#8 C:\xampp\htdocs\ci_proyecto2022\index.php(37): CodeIgniter\CodeIgniter->run()
#9 {main}
CRITICAL - 2022-06-04 14:09:01 --> Illegal string offset 'consult'
#0 C:\xampp\htdocs\ci_proyecto2022\app\Views\various\help.php(40): CodeIgniter\Debug\Exceptions->errorHandler(2, 'Illegal string ...', 'C:\\xampp\\htdocs...', 40, Array)
#1 C:\xampp\htdocs\ci_proyecto2022\system\View\View.php(210): include('C:\\xampp\\htdocs...')
#2 C:\xampp\htdocs\ci_proyecto2022\system\View\View.php(213): CodeIgniter\View\View->CodeIgniter\View\{closure}()
#3 C:\xampp\htdocs\ci_proyecto2022\system\Common.php(1089): CodeIgniter\View\View->render('/various/help', Array, true)
#4 C:\xampp\htdocs\ci_proyecto2022\app\Controllers\ViewController.php(52): view('/various/help', Array)
#5 C:\xampp\htdocs\ci_proyecto2022\system\CodeIgniter.php(832): App\Controllers\ViewController->help()
#6 C:\xampp\htdocs\ci_proyecto2022\system\CodeIgniter.php(419): CodeIgniter\CodeIgniter->runController(Object(App\Controllers\ViewController))
#7 C:\xampp\htdocs\ci_proyecto2022\system\CodeIgniter.php(326): CodeIgniter\CodeIgniter->handleRequest(NULL, Object(Config\Cache), false)
#8 C:\xampp\htdocs\ci_proyecto2022\index.php(37): CodeIgniter\CodeIgniter->run()
#9 {main}
CRITICAL - 2022-06-04 14:09:42 --> Trying to access array offset on value of type null
#0 C:\xampp\htdocs\ci_proyecto2022\app\Views\various\help.php(40): CodeIgniter\Debug\Exceptions->errorHandler(8, 'Trying to acces...', 'C:\\xampp\\htdocs...', 40, Array)
#1 C:\xampp\htdocs\ci_proyecto2022\system\View\View.php(210): include('C:\\xampp\\htdocs...')
#2 C:\xampp\htdocs\ci_proyecto2022\system\View\View.php(213): CodeIgniter\View\View->CodeIgniter\View\{closure}()
#3 C:\xampp\htdocs\ci_proyecto2022\system\Common.php(1089): CodeIgniter\View\View->render('/various/help', Array, true)
#4 C:\xampp\htdocs\ci_proyecto2022\app\Controllers\ViewController.php(53): view('/various/help', Array)
#5 C:\xampp\htdocs\ci_proyecto2022\system\CodeIgniter.php(832): App\Controllers\ViewController->help()
#6 C:\xampp\htdocs\ci_proyecto2022\system\CodeIgniter.php(419): CodeIgniter\CodeIgniter->runController(Object(App\Controllers\ViewController))
#7 C:\xampp\htdocs\ci_proyecto2022\system\CodeIgniter.php(326): CodeIgniter\CodeIgniter->handleRequest(NULL, Object(Config\Cache), false)
#8 C:\xampp\htdocs\ci_proyecto2022\index.php(37): CodeIgniter\CodeIgniter->run()
#9 {main}
CRITICAL - 2022-06-04 14:09:51 --> Illegal string offset 'consult'
#0 C:\xampp\htdocs\ci_proyecto2022\app\Views\various\help.php(40): CodeIgniter\Debug\Exceptions->errorHandler(2, 'Illegal string ...', 'C:\\xampp\\htdocs...', 40, Array)
#1 C:\xampp\htdocs\ci_proyecto2022\system\View\View.php(210): include('C:\\xampp\\htdocs...')
#2 C:\xampp\htdocs\ci_proyecto2022\system\View\View.php(213): CodeIgniter\View\View->CodeIgniter\View\{closure}()
#3 C:\xampp\htdocs\ci_proyecto2022\system\Common.php(1089): CodeIgniter\View\View->render('/various/help', Array, true)
#4 C:\xampp\htdocs\ci_proyecto2022\app\Controllers\ViewController.php(53): view('/various/help', Array)
#5 C:\xampp\htdocs\ci_proyecto2022\system\CodeIgniter.php(832): App\Controllers\ViewController->help()
#6 C:\xampp\htdocs\ci_proyecto2022\system\CodeIgniter.php(419): CodeIgniter\CodeIgniter->runController(Object(App\Controllers\ViewController))
#7 C:\xampp\htdocs\ci_proyecto2022\system\CodeIgniter.php(326): CodeIgniter\CodeIgniter->handleRequest(NULL, Object(Config\Cache), false)
#8 C:\xampp\htdocs\ci_proyecto2022\index.php(37): CodeIgniter\CodeIgniter->run()
#9 {main}
CRITICAL - 2022-06-04 14:09:55 --> Illegal string offset 'consult'
#0 C:\xampp\htdocs\ci_proyecto2022\app\Views\various\help.php(40): CodeIgniter\Debug\Exceptions->errorHandler(2, 'Illegal string ...', 'C:\\xampp\\htdocs...', 40, Array)
#1 C:\xampp\htdocs\ci_proyecto2022\system\View\View.php(210): include('C:\\xampp\\htdocs...')
#2 C:\xampp\htdocs\ci_proyecto2022\system\View\View.php(213): CodeIgniter\View\View->CodeIgniter\View\{closure}()
#3 C:\xampp\htdocs\ci_proyecto2022\system\Common.php(1089): CodeIgniter\View\View->render('/various/help', Array, true)
#4 C:\xampp\htdocs\ci_proyecto2022\app\Controllers\ViewController.php(53): view('/various/help', Array)
#5 C:\xampp\htdocs\ci_proyecto2022\system\CodeIgniter.php(832): App\Controllers\ViewController->help()
#6 C:\xampp\htdocs\ci_proyecto2022\system\CodeIgniter.php(419): CodeIgniter\CodeIgniter->runController(Object(App\Controllers\ViewController))
#7 C:\xampp\htdocs\ci_proyecto2022\system\CodeIgniter.php(326): CodeIgniter\CodeIgniter->handleRequest(NULL, Object(Config\Cache), false)
#8 C:\xampp\htdocs\ci_proyecto2022\index.php(37): CodeIgniter\CodeIgniter->run()
#9 {main}
CRITICAL - 2022-06-04 14:34:18 --> Undefined variable: consults
#0 C:\xampp\htdocs\ci_proyecto2022\app\Views\admin\consultAnswer.php(24): CodeIgniter\Debug\Exceptions->errorHandler(8, 'Undefined varia...', 'C:\\xampp\\htdocs...', 24, Array)
#1 C:\xampp\htdocs\ci_proyecto2022\system\View\View.php(210): include('C:\\xampp\\htdocs...')
#2 C:\xampp\htdocs\ci_proyecto2022\system\View\View.php(213): CodeIgniter\View\View->CodeIgniter\View\{closure}()
#3 C:\xampp\htdocs\ci_proyecto2022\system\Common.php(1089): CodeIgniter\View\View->render('/admin/consultA...', Array, true)
#4 C:\xampp\htdocs\ci_proyecto2022\app\Controllers\AdminController.php(176): view('/admin/consultA...')
#5 C:\xampp\htdocs\ci_proyecto2022\system\CodeIgniter.php(832): App\Controllers\AdminController->consultAnswer()
#6 C:\xampp\htdocs\ci_proyecto2022\system\CodeIgniter.php(419): CodeIgniter\CodeIgniter->runController(Object(App\Controllers\AdminController))
#7 C:\xampp\htdocs\ci_proyecto2022\system\CodeIgniter.php(326): CodeIgniter\CodeIgniter->handleRequest(NULL, Object(Config\Cache), false)
#8 C:\xampp\htdocs\ci_proyecto2022\index.php(37): CodeIgniter\CodeIgniter->run()
#9 {main}
CRITICAL - 2022-06-04 14:34:47 --> Invalid file: /various/consultAnswer.php
#0 C:\xampp\htdocs\ci_proyecto2022\system\View\View.php(198): CodeIgniter\Exceptions\FrameworkException::forInvalidFile('/various/consul...')
#1 C:\xampp\htdocs\ci_proyecto2022\system\Common.php(1089): CodeIgniter\View\View->render('/various/consul...', Array, true)
#2 C:\xampp\htdocs\ci_proyecto2022\app\Controllers\AdminController.php(179): view('/various/consul...', Array)
#3 C:\xampp\htdocs\ci_proyecto2022\system\CodeIgniter.php(832): App\Controllers\AdminController->consultAnswer()
#4 C:\xampp\htdocs\ci_proyecto2022\system\CodeIgniter.php(419): CodeIgniter\CodeIgniter->runController(Object(App\Controllers\AdminController))
#5 C:\xampp\htdocs\ci_proyecto2022\system\CodeIgniter.php(326): CodeIgniter\CodeIgniter->handleRequest(NULL, Object(Config\Cache), false)
#6 C:\xampp\htdocs\ci_proyecto2022\index.php(37): CodeIgniter\CodeIgniter->run()
#7 {main}
CRITICAL - 2022-06-04 14:35:38 --> Undefined variable: product
#0 C:\xampp\htdocs\ci_proyecto2022\app\Views\admin\consultAnswer.php(31): CodeIgniter\Debug\Exceptions->errorHandler(8, 'Undefined varia...', 'C:\\xampp\\htdocs...', 31, Array)
#1 C:\xampp\htdocs\ci_proyecto2022\system\View\View.php(210): include('C:\\xampp\\htdocs...')
#2 C:\xampp\htdocs\ci_proyecto2022\system\View\View.php(213): CodeIgniter\View\View->CodeIgniter\View\{closure}()
#3 C:\xampp\htdocs\ci_proyecto2022\system\Common.php(1089): CodeIgniter\View\View->render('/admin/consultA...', Array, true)
#4 C:\xampp\htdocs\ci_proyecto2022\app\Controllers\AdminController.php(179): view('/admin/consultA...', Array)
#5 C:\xampp\htdocs\ci_proyecto2022\system\CodeIgniter.php(832): App\Controllers\AdminController->consultAnswer()
#6 C:\xampp\htdocs\ci_proyecto2022\system\CodeIgniter.php(419): CodeIgniter\CodeIgniter->runController(Object(App\Controllers\AdminController))
#7 C:\xampp\htdocs\ci_proyecto2022\system\CodeIgniter.php(326): CodeIgniter\CodeIgniter->handleRequest(NULL, Object(Config\Cache), false)
#8 C:\xampp\htdocs\ci_proyecto2022\index.php(37): CodeIgniter\CodeIgniter->run()
#9 {main}
CRITICAL - 2022-06-04 14:35:44 --> Undefined index: id
#0 C:\xampp\htdocs\ci_proyecto2022\app\Views\admin\consultAnswer.php(31): CodeIgniter\Debug\Exceptions->errorHandler(8, 'Undefined index...', 'C:\\xampp\\htdocs...', 31, Array)
#1 C:\xampp\htdocs\ci_proyecto2022\system\View\View.php(210): include('C:\\xampp\\htdocs...')
#2 C:\xampp\htdocs\ci_proyecto2022\system\View\View.php(213): CodeIgniter\View\View->CodeIgniter\View\{closure}()
#3 C:\xampp\htdocs\ci_proyecto2022\system\Common.php(1089): CodeIgniter\View\View->render('/admin/consultA...', Array, true)
#4 C:\xampp\htdocs\ci_proyecto2022\app\Controllers\AdminController.php(179): view('/admin/consultA...', Array)
#5 C:\xampp\htdocs\ci_proyecto2022\system\CodeIgniter.php(832): App\Controllers\AdminController->consultAnswer()
#6 C:\xampp\htdocs\ci_proyecto2022\system\CodeIgniter.php(419): CodeIgniter\CodeIgniter->runController(Object(App\Controllers\AdminController))
#7 C:\xampp\htdocs\ci_proyecto2022\system\CodeIgniter.php(326): CodeIgniter\CodeIgniter->handleRequest(NULL, Object(Config\Cache), false)
#8 C:\xampp\htdocs\ci_proyecto2022\index.php(37): CodeIgniter\CodeIgniter->run()
#9 {main}
CRITICAL - 2022-06-04 14:46:26 --> syntax error, unexpected 'public' (T_PUBLIC)
#0 C:\xampp\htdocs\ci_proyecto2022\system\Autoloader\Autoloader.php(241): CodeIgniter\Autoloader\Autoloader->includeFile('C:\\xampp\\htdocs...')
#1 C:\xampp\htdocs\ci_proyecto2022\system\Autoloader\Autoloader.php(219): CodeIgniter\Autoloader\Autoloader->loadInNamespace('App\\Controllers...')
#2 [internal function]: CodeIgniter\Autoloader\Autoloader->loadClass('App\\Controllers...')
#3 [internal function]: spl_autoload_call('App\\Controllers...')
#4 C:\xampp\htdocs\ci_proyecto2022\system\CodeIgniter.php(797): class_exists('\\App\\Controller...', true)
#5 C:\xampp\htdocs\ci_proyecto2022\system\CodeIgniter.php(406): CodeIgniter\CodeIgniter->startController()
#6 C:\xampp\htdocs\ci_proyecto2022\system\CodeIgniter.php(326): CodeIgniter\CodeIgniter->handleRequest(NULL, Object(Config\Cache), false)
#7 C:\xampp\htdocs\ci_proyecto2022\index.php(37): CodeIgniter\CodeIgniter->run()
#8 {main}
CRITICAL - 2022-06-04 14:48:04 --> syntax error, unexpected 'public' (T_PUBLIC)
#0 C:\xampp\htdocs\ci_proyecto2022\system\Autoloader\Autoloader.php(241): CodeIgniter\Autoloader\Autoloader->includeFile('C:\\xampp\\htdocs...')
#1 C:\xampp\htdocs\ci_proyecto2022\system\Autoloader\Autoloader.php(219): CodeIgniter\Autoloader\Autoloader->loadInNamespace('App\\Controllers...')
#2 [internal function]: CodeIgniter\Autoloader\Autoloader->loadClass('App\\Controllers...')
#3 [internal function]: spl_autoload_call('App\\Controllers...')
#4 C:\xampp\htdocs\ci_proyecto2022\system\CodeIgniter.php(797): class_exists('\\App\\Controller...', true)
#5 C:\xampp\htdocs\ci_proyecto2022\system\CodeIgniter.php(406): CodeIgniter\CodeIgniter->startController()
#6 C:\xampp\htdocs\ci_proyecto2022\system\CodeIgniter.php(326): CodeIgniter\CodeIgniter->handleRequest(NULL, Object(Config\Cache), false)
#7 C:\xampp\htdocs\ci_proyecto2022\index.php(37): CodeIgniter\CodeIgniter->run()
#8 {main}
CRITICAL - 2022-06-04 14:48:20 --> syntax error, unexpected 'public' (T_PUBLIC)
#0 C:\xampp\htdocs\ci_proyecto2022\system\Autoloader\Autoloader.php(241): CodeIgniter\Autoloader\Autoloader->includeFile('C:\\xampp\\htdocs...')
#1 C:\xampp\htdocs\ci_proyecto2022\system\Autoloader\Autoloader.php(219): CodeIgniter\Autoloader\Autoloader->loadInNamespace('App\\Controllers...')
#2 [internal function]: CodeIgniter\Autoloader\Autoloader->loadClass('App\\Controllers...')
#3 [internal function]: spl_autoload_call('App\\Controllers...')
#4 C:\xampp\htdocs\ci_proyecto2022\system\CodeIgniter.php(797): class_exists('\\App\\Controller...', true)
#5 C:\xampp\htdocs\ci_proyecto2022\system\CodeIgniter.php(406): CodeIgniter\CodeIgniter->startController()
#6 C:\xampp\htdocs\ci_proyecto2022\system\CodeIgniter.php(326): CodeIgniter\CodeIgniter->handleRequest(NULL, Object(Config\Cache), false)
#7 C:\xampp\htdocs\ci_proyecto2022\index.php(37): CodeIgniter\CodeIgniter->run()
#8 {main}
CRITICAL - 2022-06-04 14:48:21 --> syntax error, unexpected 'public' (T_PUBLIC)
#0 C:\xampp\htdocs\ci_proyecto2022\system\Autoloader\Autoloader.php(241): CodeIgniter\Autoloader\Autoloader->includeFile('C:\\xampp\\htdocs...')
#1 C:\xampp\htdocs\ci_proyecto2022\system\Autoloader\Autoloader.php(219): CodeIgniter\Autoloader\Autoloader->loadInNamespace('App\\Controllers...')
#2 [internal function]: CodeIgniter\Autoloader\Autoloader->loadClass('App\\Controllers...')
#3 [internal function]: spl_autoload_call('App\\Controllers...')
#4 C:\xampp\htdocs\ci_proyecto2022\system\CodeIgniter.php(797): class_exists('\\App\\Controller...', true)
#5 C:\xampp\htdocs\ci_proyecto2022\system\CodeIgniter.php(406): CodeIgniter\CodeIgniter->startController()
#6 C:\xampp\htdocs\ci_proyecto2022\system\CodeIgniter.php(326): CodeIgniter\CodeIgniter->handleRequest(NULL, Object(Config\Cache), false)
#7 C:\xampp\htdocs\ci_proyecto2022\index.php(37): CodeIgniter\CodeIgniter->run()
#8 {main}
CRITICAL - 2022-06-04 14:48:29 --> syntax error, unexpected 'public' (T_PUBLIC)
#0 C:\xampp\htdocs\ci_proyecto2022\system\Autoloader\Autoloader.php(241): CodeIgniter\Autoloader\Autoloader->includeFile('C:\\xampp\\htdocs...')
#1 C:\xampp\htdocs\ci_proyecto2022\system\Autoloader\Autoloader.php(219): CodeIgniter\Autoloader\Autoloader->loadInNamespace('App\\Controllers...')
#2 [internal function]: CodeIgniter\Autoloader\Autoloader->loadClass('App\\Controllers...')
#3 [internal function]: spl_autoload_call('App\\Controllers...')
#4 C:\xampp\htdocs\ci_proyecto2022\system\CodeIgniter.php(797): class_exists('\\App\\Controller...', true)
#5 C:\xampp\htdocs\ci_proyecto2022\system\CodeIgniter.php(406): CodeIgniter\CodeIgniter->startController()
#6 C:\xampp\htdocs\ci_proyecto2022\system\CodeIgniter.php(326): CodeIgniter\CodeIgniter->handleRequest(NULL, Object(Config\Cache), false)
#7 C:\xampp\htdocs\ci_proyecto2022\index.php(37): CodeIgniter\CodeIgniter->run()
#8 {main}
CRITICAL - 2022-06-04 15:25:46 --> Undefined variable: user
#0 C:\xampp\htdocs\ci_proyecto2022\app\Views\admin\consultAnswer.php(43): CodeIgniter\Debug\Exceptions->errorHandler(8, 'Undefined varia...', 'C:\\xampp\\htdocs...', 43, Array)
#1 C:\xampp\htdocs\ci_proyecto2022\system\View\View.php(210): include('C:\\xampp\\htdocs...')
#2 C:\xampp\htdocs\ci_proyecto2022\system\View\View.php(213): CodeIgniter\View\View->CodeIgniter\View\{closure}()
#3 C:\xampp\htdocs\ci_proyecto2022\system\Common.php(1089): CodeIgniter\View\View->render('/admin/consultA...', Array, true)
#4 C:\xampp\htdocs\ci_proyecto2022\app\Controllers\AdminController.php(179): view('/admin/consultA...', Array)
#5 C:\xampp\htdocs\ci_proyecto2022\system\CodeIgniter.php(832): App\Controllers\AdminController->consultAnswer()
#6 C:\xampp\htdocs\ci_proyecto2022\system\CodeIgniter.php(419): CodeIgniter\CodeIgniter->runController(Object(App\Controllers\AdminController))
#7 C:\xampp\htdocs\ci_proyecto2022\system\CodeIgniter.php(326): CodeIgniter\CodeIgniter->handleRequest(NULL, Object(Config\Cache), false)
#8 C:\xampp\htdocs\ci_proyecto2022\index.php(37): CodeIgniter\CodeIgniter->run()
#9 {main}
CRITICAL - 2022-06-04 15:25:55 --> Undefined index: id
#0 C:\xampp\htdocs\ci_proyecto2022\app\Views\admin\consultAnswer.php(43): CodeIgniter\Debug\Exceptions->errorHandler(8, 'Undefined index...', 'C:\\xampp\\htdocs...', 43, Array)
#1 C:\xampp\htdocs\ci_proyecto2022\system\View\View.php(210): include('C:\\xampp\\htdocs...')
#2 C:\xampp\htdocs\ci_proyecto2022\system\View\View.php(213): CodeIgniter\View\View->CodeIgniter\View\{closure}()
#3 C:\xampp\htdocs\ci_proyecto2022\system\Common.php(1089): CodeIgniter\View\View->render('/admin/consultA...', Array, true)
#4 C:\xampp\htdocs\ci_proyecto2022\app\Controllers\AdminController.php(179): view('/admin/consultA...', Array)
#5 C:\xampp\htdocs\ci_proyecto2022\system\CodeIgniter.php(832): App\Controllers\AdminController->consultAnswer()
#6 C:\xampp\htdocs\ci_proyecto2022\system\CodeIgniter.php(419): CodeIgniter\CodeIgniter->runController(Object(App\Controllers\AdminController))
#7 C:\xampp\htdocs\ci_proyecto2022\system\CodeIgniter.php(326): CodeIgniter\CodeIgniter->handleRequest(NULL, Object(Config\Cache), false)
#8 C:\xampp\htdocs\ci_proyecto2022\index.php(37): CodeIgniter\CodeIgniter->run()
#9 {main}
CRITICAL - 2022-06-04 20:59:23 --> Illegal string offset 'created_at'
#0 C:\xampp\htdocs\ci_proyecto2022\app\Views\admin\consultAnswer.php(33): CodeIgniter\Debug\Exceptions->errorHandler(2, 'Illegal string ...', 'C:\\xampp\\htdocs...', 33, Array)
#1 C:\xampp\htdocs\ci_proyecto2022\system\View\View.php(210): include('C:\\xampp\\htdocs...')
#2 C:\xampp\htdocs\ci_proyecto2022\system\View\View.php(213): CodeIgniter\View\View->CodeIgniter\View\{closure}()
#3 C:\xampp\htdocs\ci_proyecto2022\system\Common.php(1089): CodeIgniter\View\View->render('/admin/consultA...', Array, true)
#4 C:\xampp\htdocs\ci_proyecto2022\app\Controllers\AdminController.php(180): view('/admin/consultA...', Array)
#5 C:\xampp\htdocs\ci_proyecto2022\system\CodeIgniter.php(832): App\Controllers\AdminController->consultAnswer()
#6 C:\xampp\htdocs\ci_proyecto2022\system\CodeIgniter.php(419): CodeIgniter\CodeIgniter->runController(Object(App\Controllers\AdminController))
#7 C:\xampp\htdocs\ci_proyecto2022\system\CodeIgniter.php(326): CodeIgniter\CodeIgniter->handleRequest(NULL, Object(Config\Cache), false)
#8 C:\xampp\htdocs\ci_proyecto2022\index.php(37): CodeIgniter\CodeIgniter->run()
#9 {main}
CRITICAL - 2022-06-04 21:00:02 --> Trying to access array offset on value of type null
#0 C:\xampp\htdocs\ci_proyecto2022\app\Views\admin\consultAnswer.php(33): CodeIgniter\Debug\Exceptions->errorHandler(8, 'Trying to acces...', 'C:\\xampp\\htdocs...', 33, Array)
#1 C:\xampp\htdocs\ci_proyecto2022\system\View\View.php(210): include('C:\\xampp\\htdocs...')
#2 C:\xampp\htdocs\ci_proyecto2022\system\View\View.php(213): CodeIgniter\View\View->CodeIgniter\View\{closure}()
#3 C:\xampp\htdocs\ci_proyecto2022\system\Common.php(1089): CodeIgniter\View\View->render('/admin/consultA...', Array, true)
#4 C:\xampp\htdocs\ci_proyecto2022\app\Controllers\AdminController.php(180): view('/admin/consultA...', Array)
#5 C:\xampp\htdocs\ci_proyecto2022\system\CodeIgniter.php(832): App\Controllers\AdminController->consultAnswer()
#6 C:\xampp\htdocs\ci_proyecto2022\system\CodeIgniter.php(419): CodeIgniter\CodeIgniter->runController(Object(App\Controllers\AdminController))
#7 C:\xampp\htdocs\ci_proyecto2022\system\CodeIgniter.php(326): CodeIgniter\CodeIgniter->handleRequest(NULL, Object(Config\Cache), false)
#8 C:\xampp\htdocs\ci_proyecto2022\index.php(37): CodeIgniter\CodeIgniter->run()
#9 {main}
CRITICAL - 2022-06-04 21:29:39 -->  route cannot be found while reverse-routing.
#0 C:\xampp\htdocs\ci_proyecto2022\system\HTTP\RedirectResponse.php(56): CodeIgniter\HTTP\Exceptions\HTTPException::forInvalidRedirectRoute('')
#1 C:\xampp\htdocs\ci_proyecto2022\app\Controllers\AdminController.php(203): CodeIgniter\HTTP\RedirectResponse->route(false)
#2 C:\xampp\htdocs\ci_proyecto2022\system\CodeIgniter.php(832): App\Controllers\AdminController->consultAnswerReg()
#3 C:\xampp\htdocs\ci_proyecto2022\system\CodeIgniter.php(419): CodeIgniter\CodeIgniter->runController(Object(App\Controllers\AdminController))
#4 C:\xampp\htdocs\ci_proyecto2022\system\CodeIgniter.php(326): CodeIgniter\CodeIgniter->handleRequest(NULL, Object(Config\Cache), false)
#5 C:\xampp\htdocs\ci_proyecto2022\index.php(37): CodeIgniter\CodeIgniter->run()
#6 {main}
CRITICAL - 2022-06-04 21:30:26 -->  route cannot be found while reverse-routing.
#0 C:\xampp\htdocs\ci_proyecto2022\system\HTTP\RedirectResponse.php(56): CodeIgniter\HTTP\Exceptions\HTTPException::forInvalidRedirectRoute('')
#1 C:\xampp\htdocs\ci_proyecto2022\app\Controllers\AdminController.php(203): CodeIgniter\HTTP\RedirectResponse->route(false)
#2 C:\xampp\htdocs\ci_proyecto2022\system\CodeIgniter.php(832): App\Controllers\AdminController->consultAnswerReg()
#3 C:\xampp\htdocs\ci_proyecto2022\system\CodeIgniter.php(419): CodeIgniter\CodeIgniter->runController(Object(App\Controllers\AdminController))
#4 C:\xampp\htdocs\ci_proyecto2022\system\CodeIgniter.php(326): CodeIgniter\CodeIgniter->handleRequest(NULL, Object(Config\Cache), false)
#5 C:\xampp\htdocs\ci_proyecto2022\index.php(37): CodeIgniter\CodeIgniter->run()
#6 {main}
CRITICAL - 2022-06-04 21:30:33 -->  route cannot be found while reverse-routing.
#0 C:\xampp\htdocs\ci_proyecto2022\system\HTTP\RedirectResponse.php(56): CodeIgniter\HTTP\Exceptions\HTTPException::forInvalidRedirectRoute('')
#1 C:\xampp\htdocs\ci_proyecto2022\app\Controllers\AdminController.php(203): CodeIgniter\HTTP\RedirectResponse->route(false)
#2 C:\xampp\htdocs\ci_proyecto2022\system\CodeIgniter.php(832): App\Controllers\AdminController->consultAnswerReg()
#3 C:\xampp\htdocs\ci_proyecto2022\system\CodeIgniter.php(419): CodeIgniter\CodeIgniter->runController(Object(App\Controllers\AdminController))
#4 C:\xampp\htdocs\ci_proyecto2022\system\CodeIgniter.php(326): CodeIgniter\CodeIgniter->handleRequest(NULL, Object(Config\Cache), false)
#5 C:\xampp\htdocs\ci_proyecto2022\index.php(37): CodeIgniter\CodeIgniter->run()
#6 {main}
CRITICAL - 2022-06-04 21:39:50 --> Undefined index: id_message
#0 C:\xampp\htdocs\ci_proyecto2022\app\Views\admin\manageUsers.php(30): CodeIgniter\Debug\Exceptions->errorHandler(8, 'Undefined index...', 'C:\\xampp\\htdocs...', 30, Array)
#1 C:\xampp\htdocs\ci_proyecto2022\system\View\View.php(210): include('C:\\xampp\\htdocs...')
#2 C:\xampp\htdocs\ci_proyecto2022\system\View\View.php(213): CodeIgniter\View\View->CodeIgniter\View\{closure}()
#3 C:\xampp\htdocs\ci_proyecto2022\system\Common.php(1089): CodeIgniter\View\View->render('/admin/manageUs...', Array, true)
#4 C:\xampp\htdocs\ci_proyecto2022\app\Controllers\AdminController.php(219): view('/admin/manageUs...', Array)
#5 C:\xampp\htdocs\ci_proyecto2022\system\CodeIgniter.php(832): App\Controllers\AdminController->viewManageUsers()
#6 C:\xampp\htdocs\ci_proyecto2022\system\CodeIgniter.php(419): CodeIgniter\CodeIgniter->runController(Object(App\Controllers\AdminController))
#7 C:\xampp\htdocs\ci_proyecto2022\system\CodeIgniter.php(326): CodeIgniter\CodeIgniter->handleRequest(NULL, Object(Config\Cache), false)
#8 C:\xampp\htdocs\ci_proyecto2022\index.php(37): CodeIgniter\CodeIgniter->run()
#9 {main}
CRITICAL - 2022-06-04 21:46:18 --> syntax error, unexpected '}', expecting end of file
#0 C:\xampp\htdocs\ci_proyecto2022\system\Autoloader\Autoloader.php(241): CodeIgniter\Autoloader\Autoloader->includeFile('C:\\xampp\\htdocs...')
#1 C:\xampp\htdocs\ci_proyecto2022\system\Autoloader\Autoloader.php(219): CodeIgniter\Autoloader\Autoloader->loadInNamespace('App\\Controllers...')
#2 [internal function]: CodeIgniter\Autoloader\Autoloader->loadClass('App\\Controllers...')
#3 [internal function]: spl_autoload_call('App\\Controllers...')
#4 C:\xampp\htdocs\ci_proyecto2022\system\CodeIgniter.php(797): class_exists('\\App\\Controller...', true)
#5 C:\xampp\htdocs\ci_proyecto2022\system\CodeIgniter.php(406): CodeIgniter\CodeIgniter->startController()
#6 C:\xampp\htdocs\ci_proyecto2022\system\CodeIgniter.php(326): CodeIgniter\CodeIgniter->handleRequest(NULL, Object(Config\Cache), false)
#7 C:\xampp\htdocs\ci_proyecto2022\index.php(37): CodeIgniter\CodeIgniter->run()
#8 {main}
CRITICAL - 2022-06-04 21:46:39 --> Call to undefined method App\Models\UserModel::purge
#0 C:\xampp\htdocs\ci_proyecto2022\app\Controllers\AdminController.php(258): CodeIgniter\Model->__call('purge', Array)
#1 C:\xampp\htdocs\ci_proyecto2022\system\CodeIgniter.php(832): App\Controllers\AdminController->purgeUser()
#2 C:\xampp\htdocs\ci_proyecto2022\system\CodeIgniter.php(419): CodeIgniter\CodeIgniter->runController(Object(App\Controllers\AdminController))
#3 C:\xampp\htdocs\ci_proyecto2022\system\CodeIgniter.php(326): CodeIgniter\CodeIgniter->handleRequest(NULL, Object(Config\Cache), false)
#4 C:\xampp\htdocs\ci_proyecto2022\index.php(37): CodeIgniter\CodeIgniter->run()
#5 {main}
CRITICAL - 2022-06-04 22:00:32 --> Cannot use object of type App\Models\UserModel as array
#0 C:\xampp\htdocs\ci_proyecto2022\system\View\View.php(210): include()
#1 C:\xampp\htdocs\ci_proyecto2022\system\View\View.php(213): CodeIgniter\View\View->CodeIgniter\View\{closure}()
#2 C:\xampp\htdocs\ci_proyecto2022\system\Common.php(1089): CodeIgniter\View\View->render('/admin/editUser...', Array, true)
#3 C:\xampp\htdocs\ci_proyecto2022\app\Controllers\AdminController.php(246): view('/admin/editUser...', Array)
#4 C:\xampp\htdocs\ci_proyecto2022\system\CodeIgniter.php(832): App\Controllers\AdminController->editUserView()
#5 C:\xampp\htdocs\ci_proyecto2022\system\CodeIgniter.php(419): CodeIgniter\CodeIgniter->runController(Object(App\Controllers\AdminController))
#6 C:\xampp\htdocs\ci_proyecto2022\system\CodeIgniter.php(326): CodeIgniter\CodeIgniter->handleRequest(NULL, Object(Config\Cache), false)
#7 C:\xampp\htdocs\ci_proyecto2022\index.php(37): CodeIgniter\CodeIgniter->run()
#8 {main}
CRITICAL - 2022-06-04 22:00:59 --> Undefined index: id
#0 C:\xampp\htdocs\ci_proyecto2022\app\Views\admin\editUsers.php(19): CodeIgniter\Debug\Exceptions->errorHandler(8, 'Undefined index...', 'C:\\xampp\\htdocs...', 19, Array)
#1 C:\xampp\htdocs\ci_proyecto2022\system\View\View.php(210): include('C:\\xampp\\htdocs...')
#2 C:\xampp\htdocs\ci_proyecto2022\system\View\View.php(213): CodeIgniter\View\View->CodeIgniter\View\{closure}()
#3 C:\xampp\htdocs\ci_proyecto2022\system\Common.php(1089): CodeIgniter\View\View->render('/admin/editUser...', Array, true)
#4 C:\xampp\htdocs\ci_proyecto2022\app\Controllers\AdminController.php(246): view('/admin/editUser...', Array)
#5 C:\xampp\htdocs\ci_proyecto2022\system\CodeIgniter.php(832): App\Controllers\AdminController->editUserView()
#6 C:\xampp\htdocs\ci_proyecto2022\system\CodeIgniter.php(419): CodeIgniter\CodeIgniter->runController(Object(App\Controllers\AdminController))
#7 C:\xampp\htdocs\ci_proyecto2022\system\CodeIgniter.php(326): CodeIgniter\CodeIgniter->handleRequest(NULL, Object(Config\Cache), false)
#8 C:\xampp\htdocs\ci_proyecto2022\index.php(37): CodeIgniter\CodeIgniter->run()
#9 {main}
CRITICAL - 2022-06-04 22:01:52 --> Undefined index: id
#0 C:\xampp\htdocs\ci_proyecto2022\app\Views\admin\editUsers.php(19): CodeIgniter\Debug\Exceptions->errorHandler(8, 'Undefined index...', 'C:\\xampp\\htdocs...', 19, Array)
#1 C:\xampp\htdocs\ci_proyecto2022\system\View\View.php(210): include('C:\\xampp\\htdocs...')
#2 C:\xampp\htdocs\ci_proyecto2022\system\View\View.php(213): CodeIgniter\View\View->CodeIgniter\View\{closure}()
#3 C:\xampp\htdocs\ci_proyecto2022\system\Common.php(1089): CodeIgniter\View\View->render('/admin/editUser...', Array, true)
#4 C:\xampp\htdocs\ci_proyecto2022\app\Controllers\AdminController.php(246): view('/admin/editUser...', Array)
#5 C:\xampp\htdocs\ci_proyecto2022\system\CodeIgniter.php(832): App\Controllers\AdminController->editUserView()
#6 C:\xampp\htdocs\ci_proyecto2022\system\CodeIgniter.php(419): CodeIgniter\CodeIgniter->runController(Object(App\Controllers\AdminController))
#7 C:\xampp\htdocs\ci_proyecto2022\system\CodeIgniter.php(326): CodeIgniter\CodeIgniter->handleRequest(NULL, Object(Config\Cache), false)
#8 C:\xampp\htdocs\ci_proyecto2022\index.php(37): CodeIgniter\CodeIgniter->run()
#9 {main}
CRITICAL - 2022-06-04 22:01:53 --> Undefined index: id
#0 C:\xampp\htdocs\ci_proyecto2022\app\Views\admin\editUsers.php(19): CodeIgniter\Debug\Exceptions->errorHandler(8, 'Undefined index...', 'C:\\xampp\\htdocs...', 19, Array)
#1 C:\xampp\htdocs\ci_proyecto2022\system\View\View.php(210): include('C:\\xampp\\htdocs...')
#2 C:\xampp\htdocs\ci_proyecto2022\system\View\View.php(213): CodeIgniter\View\View->CodeIgniter\View\{closure}()
#3 C:\xampp\htdocs\ci_proyecto2022\system\Common.php(1089): CodeIgniter\View\View->render('/admin/editUser...', Array, true)
#4 C:\xampp\htdocs\ci_proyecto2022\app\Controllers\AdminController.php(246): view('/admin/editUser...', Array)
#5 C:\xampp\htdocs\ci_proyecto2022\system\CodeIgniter.php(832): App\Controllers\AdminController->editUserView()
#6 C:\xampp\htdocs\ci_proyecto2022\system\CodeIgniter.php(419): CodeIgniter\CodeIgniter->runController(Object(App\Controllers\AdminController))
#7 C:\xampp\htdocs\ci_proyecto2022\system\CodeIgniter.php(326): CodeIgniter\CodeIgniter->handleRequest(NULL, Object(Config\Cache), false)
#8 C:\xampp\htdocs\ci_proyecto2022\index.php(37): CodeIgniter\CodeIgniter->run()
#9 {main}
CRITICAL - 2022-06-04 22:01:54 --> Undefined index: id
#0 C:\xampp\htdocs\ci_proyecto2022\app\Views\admin\editUsers.php(19): CodeIgniter\Debug\Exceptions->errorHandler(8, 'Undefined index...', 'C:\\xampp\\htdocs...', 19, Array)
#1 C:\xampp\htdocs\ci_proyecto2022\system\View\View.php(210): include('C:\\xampp\\htdocs...')
#2 C:\xampp\htdocs\ci_proyecto2022\system\View\View.php(213): CodeIgniter\View\View->CodeIgniter\View\{closure}()
#3 C:\xampp\htdocs\ci_proyecto2022\system\Common.php(1089): CodeIgniter\View\View->render('/admin/editUser...', Array, true)
#4 C:\xampp\htdocs\ci_proyecto2022\app\Controllers\AdminController.php(246): view('/admin/editUser...', Array)
#5 C:\xampp\htdocs\ci_proyecto2022\system\CodeIgniter.php(832): App\Controllers\AdminController->editUserView()
#6 C:\xampp\htdocs\ci_proyecto2022\system\CodeIgniter.php(419): CodeIgniter\CodeIgniter->runController(Object(App\Controllers\AdminController))
#7 C:\xampp\htdocs\ci_proyecto2022\system\CodeIgniter.php(326): CodeIgniter\CodeIgniter->handleRequest(NULL, Object(Config\Cache), false)
#8 C:\xampp\htdocs\ci_proyecto2022\index.php(37): CodeIgniter\CodeIgniter->run()
#9 {main}
CRITICAL - 2022-06-04 22:01:54 --> Undefined index: id
#0 C:\xampp\htdocs\ci_proyecto2022\app\Views\admin\editUsers.php(19): CodeIgniter\Debug\Exceptions->errorHandler(8, 'Undefined index...', 'C:\\xampp\\htdocs...', 19, Array)
#1 C:\xampp\htdocs\ci_proyecto2022\system\View\View.php(210): include('C:\\xampp\\htdocs...')
#2 C:\xampp\htdocs\ci_proyecto2022\system\View\View.php(213): CodeIgniter\View\View->CodeIgniter\View\{closure}()
#3 C:\xampp\htdocs\ci_proyecto2022\system\Common.php(1089): CodeIgniter\View\View->render('/admin/editUser...', Array, true)
#4 C:\xampp\htdocs\ci_proyecto2022\app\Controllers\AdminController.php(246): view('/admin/editUser...', Array)
#5 C:\xampp\htdocs\ci_proyecto2022\system\CodeIgniter.php(832): App\Controllers\AdminController->editUserView()
#6 C:\xampp\htdocs\ci_proyecto2022\system\CodeIgniter.php(419): CodeIgniter\CodeIgniter->runController(Object(App\Controllers\AdminController))
#7 C:\xampp\htdocs\ci_proyecto2022\system\CodeIgniter.php(326): CodeIgniter\CodeIgniter->handleRequest(NULL, Object(Config\Cache), false)
#8 C:\xampp\htdocs\ci_proyecto2022\index.php(37): CodeIgniter\CodeIgniter->run()
#9 {main}
CRITICAL - 2022-06-04 22:01:55 --> Undefined index: id
#0 C:\xampp\htdocs\ci_proyecto2022\app\Views\admin\editUsers.php(19): CodeIgniter\Debug\Exceptions->errorHandler(8, 'Undefined index...', 'C:\\xampp\\htdocs...', 19, Array)
#1 C:\xampp\htdocs\ci_proyecto2022\system\View\View.php(210): include('C:\\xampp\\htdocs...')
#2 C:\xampp\htdocs\ci_proyecto2022\system\View\View.php(213): CodeIgniter\View\View->CodeIgniter\View\{closure}()
#3 C:\xampp\htdocs\ci_proyecto2022\system\Common.php(1089): CodeIgniter\View\View->render('/admin/editUser...', Array, true)
#4 C:\xampp\htdocs\ci_proyecto2022\app\Controllers\AdminController.php(246): view('/admin/editUser...', Array)
#5 C:\xampp\htdocs\ci_proyecto2022\system\CodeIgniter.php(832): App\Controllers\AdminController->editUserView()
#6 C:\xampp\htdocs\ci_proyecto2022\system\CodeIgniter.php(419): CodeIgniter\CodeIgniter->runController(Object(App\Controllers\AdminController))
#7 C:\xampp\htdocs\ci_proyecto2022\system\CodeIgniter.php(326): CodeIgniter\CodeIgniter->handleRequest(NULL, Object(Config\Cache), false)
#8 C:\xampp\htdocs\ci_proyecto2022\index.php(37): CodeIgniter\CodeIgniter->run()
#9 {main}
CRITICAL - 2022-06-04 22:01:55 --> Undefined index: id
#0 C:\xampp\htdocs\ci_proyecto2022\app\Views\admin\editUsers.php(19): CodeIgniter\Debug\Exceptions->errorHandler(8, 'Undefined index...', 'C:\\xampp\\htdocs...', 19, Array)
#1 C:\xampp\htdocs\ci_proyecto2022\system\View\View.php(210): include('C:\\xampp\\htdocs...')
#2 C:\xampp\htdocs\ci_proyecto2022\system\View\View.php(213): CodeIgniter\View\View->CodeIgniter\View\{closure}()
#3 C:\xampp\htdocs\ci_proyecto2022\system\Common.php(1089): CodeIgniter\View\View->render('/admin/editUser...', Array, true)
#4 C:\xampp\htdocs\ci_proyecto2022\app\Controllers\AdminController.php(246): view('/admin/editUser...', Array)
#5 C:\xampp\htdocs\ci_proyecto2022\system\CodeIgniter.php(832): App\Controllers\AdminController->editUserView()
#6 C:\xampp\htdocs\ci_proyecto2022\system\CodeIgniter.php(419): CodeIgniter\CodeIgniter->runController(Object(App\Controllers\AdminController))
#7 C:\xampp\htdocs\ci_proyecto2022\system\CodeIgniter.php(326): CodeIgniter\CodeIgniter->handleRequest(NULL, Object(Config\Cache), false)
#8 C:\xampp\htdocs\ci_proyecto2022\index.php(37): CodeIgniter\CodeIgniter->run()
#9 {main}
CRITICAL - 2022-06-04 22:02:03 --> Undefined index: id
#0 C:\xampp\htdocs\ci_proyecto2022\app\Views\admin\editUsers.php(19): CodeIgniter\Debug\Exceptions->errorHandler(8, 'Undefined index...', 'C:\\xampp\\htdocs...', 19, Array)
#1 C:\xampp\htdocs\ci_proyecto2022\system\View\View.php(210): include('C:\\xampp\\htdocs...')
#2 C:\xampp\htdocs\ci_proyecto2022\system\View\View.php(213): CodeIgniter\View\View->CodeIgniter\View\{closure}()
#3 C:\xampp\htdocs\ci_proyecto2022\system\Common.php(1089): CodeIgniter\View\View->render('/admin/editUser...', Array, true)
#4 C:\xampp\htdocs\ci_proyecto2022\app\Controllers\AdminController.php(246): view('/admin/editUser...', Array)
#5 C:\xampp\htdocs\ci_proyecto2022\system\CodeIgniter.php(832): App\Controllers\AdminController->editUserView()
#6 C:\xampp\htdocs\ci_proyecto2022\system\CodeIgniter.php(419): CodeIgniter\CodeIgniter->runController(Object(App\Controllers\AdminController))
#7 C:\xampp\htdocs\ci_proyecto2022\system\CodeIgniter.php(326): CodeIgniter\CodeIgniter->handleRequest(NULL, Object(Config\Cache), false)
#8 C:\xampp\htdocs\ci_proyecto2022\index.php(37): CodeIgniter\CodeIgniter->run()
#9 {main}
CRITICAL - 2022-06-04 22:02:48 --> syntax error, unexpected end of file
#0 C:\xampp\htdocs\ci_proyecto2022\system\View\View.php(213): CodeIgniter\View\View->CodeIgniter\View\{closure}()
#1 C:\xampp\htdocs\ci_proyecto2022\system\Common.php(1089): CodeIgniter\View\View->render('/admin/editUser...', Array, true)
#2 C:\xampp\htdocs\ci_proyecto2022\app\Controllers\AdminController.php(246): view('/admin/editUser...', Array)
#3 C:\xampp\htdocs\ci_proyecto2022\system\CodeIgniter.php(832): App\Controllers\AdminController->editUserView()
#4 C:\xampp\htdocs\ci_proyecto2022\system\CodeIgniter.php(419): CodeIgniter\CodeIgniter->runController(Object(App\Controllers\AdminController))
#5 C:\xampp\htdocs\ci_proyecto2022\system\CodeIgniter.php(326): CodeIgniter\CodeIgniter->handleRequest(NULL, Object(Config\Cache), false)
#6 C:\xampp\htdocs\ci_proyecto2022\index.php(37): CodeIgniter\CodeIgniter->run()
#7 {main}
CRITICAL - 2022-06-04 22:10:09 --> syntax error, unexpected ']'
#0 C:\xampp\htdocs\ci_proyecto2022\system\View\View.php(213): CodeIgniter\View\View->CodeIgniter\View\{closure}()
#1 C:\xampp\htdocs\ci_proyecto2022\system\Common.php(1089): CodeIgniter\View\View->render('/admin/editUser...', Array, true)
#2 C:\xampp\htdocs\ci_proyecto2022\app\Controllers\AdminController.php(246): view('/admin/editUser...', Array)
#3 C:\xampp\htdocs\ci_proyecto2022\system\CodeIgniter.php(832): App\Controllers\AdminController->editUserView()
#4 C:\xampp\htdocs\ci_proyecto2022\system\CodeIgniter.php(419): CodeIgniter\CodeIgniter->runController(Object(App\Controllers\AdminController))
#5 C:\xampp\htdocs\ci_proyecto2022\system\CodeIgniter.php(326): CodeIgniter\CodeIgniter->handleRequest(NULL, Object(Config\Cache), false)
#6 C:\xampp\htdocs\ci_proyecto2022\index.php(37): CodeIgniter\CodeIgniter->run()
#7 {main}
CRITICAL - 2022-06-04 22:13:19 --> Array to string conversion
#0 C:\xampp\htdocs\ci_proyecto2022\app\Views\admin\editUsers.php(53): CodeIgniter\Debug\Exceptions->errorHandler(8, 'Array to string...', 'C:\\xampp\\htdocs...', 53, Array)
#1 C:\xampp\htdocs\ci_proyecto2022\system\View\View.php(210): include('C:\\xampp\\htdocs...')
#2 C:\xampp\htdocs\ci_proyecto2022\system\View\View.php(213): CodeIgniter\View\View->CodeIgniter\View\{closure}()
#3 C:\xampp\htdocs\ci_proyecto2022\system\Common.php(1089): CodeIgniter\View\View->render('/admin/editUser...', Array, true)
#4 C:\xampp\htdocs\ci_proyecto2022\app\Controllers\AdminController.php(246): view('/admin/editUser...', Array)
#5 C:\xampp\htdocs\ci_proyecto2022\system\CodeIgniter.php(832): App\Controllers\AdminController->editUserView()
#6 C:\xampp\htdocs\ci_proyecto2022\system\CodeIgniter.php(419): CodeIgniter\CodeIgniter->runController(Object(App\Controllers\AdminController))
#7 C:\xampp\htdocs\ci_proyecto2022\system\CodeIgniter.php(326): CodeIgniter\CodeIgniter->handleRequest(NULL, Object(Config\Cache), false)
#8 C:\xampp\htdocs\ci_proyecto2022\index.php(37): CodeIgniter\CodeIgniter->run()
#9 {main}
CRITICAL - 2022-06-04 22:19:07 --> Array to string conversion
#0 C:\xampp\htdocs\ci_proyecto2022\app\Controllers\AdminController.php(262): CodeIgniter\Debug\Exceptions->errorHandler(8, 'Array to string...', 'C:\\xampp\\htdocs...', 262, Array)
#1 C:\xampp\htdocs\ci_proyecto2022\system\CodeIgniter.php(832): App\Controllers\AdminController->editUser()
#2 C:\xampp\htdocs\ci_proyecto2022\system\CodeIgniter.php(419): CodeIgniter\CodeIgniter->runController(Object(App\Controllers\AdminController))
#3 C:\xampp\htdocs\ci_proyecto2022\system\CodeIgniter.php(326): CodeIgniter\CodeIgniter->handleRequest(NULL, Object(Config\Cache), false)
#4 C:\xampp\htdocs\ci_proyecto2022\index.php(37): CodeIgniter\CodeIgniter->run()
#5 {main}
