CRITICAL - 2022-06-12 08:29:14 --> Undefined index: image
#0 C:\xampp\htdocs\ci_proyecto2022\app\Views\products\cartView.php(58): CodeIgniter\Debug\Exceptions->errorHandler(8, 'Undefined index...', 'C:\\xampp\\htdocs...', 58, Array)
#1 C:\xampp\htdocs\ci_proyecto2022\system\View\View.php(210): include('C:\\xampp\\htdocs...')
#2 C:\xampp\htdocs\ci_proyecto2022\system\View\View.php(213): CodeIgniter\View\View->CodeIgniter\View\{closure}()
#3 C:\xampp\htdocs\ci_proyecto2022\system\Common.php(1089): CodeIgniter\View\View->render('/products/cartV...', Array, true)
#4 C:\xampp\htdocs\ci_proyecto2022\app\Controllers\CartController.php(31): view('/products/cartV...', Array)
#5 C:\xampp\htdocs\ci_proyecto2022\system\CodeIgniter.php(832): App\Controllers\CartController->cartView()
#6 C:\xampp\htdocs\ci_proyecto2022\system\CodeIgniter.php(419): CodeIgniter\CodeIgniter->runController(Object(App\Controllers\CartController))
#7 C:\xampp\htdocs\ci_proyecto2022\system\CodeIgniter.php(326): CodeIgniter\CodeIgniter->handleRequest(NULL, Object(Config\Cache), false)
#8 C:\xampp\htdocs\ci_proyecto2022\index.php(37): CodeIgniter\CodeIgniter->run()
#9 {main}
CRITICAL - 2022-06-12 11:37:41 --> Undefined variable: users
#0 C:\xampp\htdocs\ci_proyecto2022\app\Views\sesion\myPurchases.php(21): CodeIgniter\Debug\Exceptions->errorHandler(8, 'Undefined varia...', 'C:\\xampp\\htdocs...', 21, Array)
#1 C:\xampp\htdocs\ci_proyecto2022\system\View\View.php(210): include('C:\\xampp\\htdocs...')
#2 C:\xampp\htdocs\ci_proyecto2022\system\View\View.php(213): CodeIgniter\View\View->CodeIgniter\View\{closure}()
#3 C:\xampp\htdocs\ci_proyecto2022\system\Common.php(1089): CodeIgniter\View\View->render('/sesion/myPurch...', Array, true)
#4 C:\xampp\htdocs\ci_proyecto2022\app\Controllers\UserController.php(218): view('/sesion/myPurch...')
#5 C:\xampp\htdocs\ci_proyecto2022\system\CodeIgniter.php(832): App\Controllers\UserController->myPurchases()
#6 C:\xampp\htdocs\ci_proyecto2022\system\CodeIgniter.php(419): CodeIgniter\CodeIgniter->runController(Object(App\Controllers\UserController))
#7 C:\xampp\htdocs\ci_proyecto2022\system\CodeIgniter.php(326): CodeIgniter\CodeIgniter->handleRequest(NULL, Object(Config\Cache), false)
#8 C:\xampp\htdocs\ci_proyecto2022\index.php(37): CodeIgniter\CodeIgniter->run()
#9 {main}
CRITICAL - 2022-06-12 12:02:30 --> Cannot use object of type CodeIgniterCart\Cart as array
#0 C:\xampp\htdocs\ci_proyecto2022\system\CodeIgniter.php(832): App\Controllers\UserController->myPurchases()
#1 C:\xampp\htdocs\ci_proyecto2022\system\CodeIgniter.php(419): CodeIgniter\CodeIgniter->runController(Object(App\Controllers\UserController))
#2 C:\xampp\htdocs\ci_proyecto2022\system\CodeIgniter.php(326): CodeIgniter\CodeIgniter->handleRequest(NULL, Object(Config\Cache), false)
#3 C:\xampp\htdocs\ci_proyecto2022\index.php(37): CodeIgniter\CodeIgniter->run()
#4 {main}
CRITICAL - 2022-06-12 12:02:40 --> Cannot use object of type CodeIgniterCart\Cart as array
#0 C:\xampp\htdocs\ci_proyecto2022\system\CodeIgniter.php(832): App\Controllers\UserController->myPurchases()
#1 C:\xampp\htdocs\ci_proyecto2022\system\CodeIgniter.php(419): CodeIgniter\CodeIgniter->runController(Object(App\Controllers\UserController))
#2 C:\xampp\htdocs\ci_proyecto2022\system\CodeIgniter.php(326): CodeIgniter\CodeIgniter->handleRequest(NULL, Object(Config\Cache), false)
#3 C:\xampp\htdocs\ci_proyecto2022\index.php(37): CodeIgniter\CodeIgniter->run()
#4 {main}
CRITICAL - 2022-06-12 12:03:00 --> Undefined offset: 0
#0 C:\xampp\htdocs\ci_proyecto2022\app\Controllers\UserController.php(225): CodeIgniter\Debug\Exceptions->errorHandler(8, 'Undefined offse...', 'C:\\xampp\\htdocs...', 225, Array)
#1 C:\xampp\htdocs\ci_proyecto2022\system\CodeIgniter.php(832): App\Controllers\UserController->myPurchases()
#2 C:\xampp\htdocs\ci_proyecto2022\system\CodeIgniter.php(419): CodeIgniter\CodeIgniter->runController(Object(App\Controllers\UserController))
#3 C:\xampp\htdocs\ci_proyecto2022\system\CodeIgniter.php(326): CodeIgniter\CodeIgniter->handleRequest(NULL, Object(Config\Cache), false)
#4 C:\xampp\htdocs\ci_proyecto2022\index.php(37): CodeIgniter\CodeIgniter->run()
#5 {main}
CRITICAL - 2022-06-12 12:03:06 --> Undefined offset: 1
#0 C:\xampp\htdocs\ci_proyecto2022\app\Controllers\UserController.php(225): CodeIgniter\Debug\Exceptions->errorHandler(8, 'Undefined offse...', 'C:\\xampp\\htdocs...', 225, Array)
#1 C:\xampp\htdocs\ci_proyecto2022\system\CodeIgniter.php(832): App\Controllers\UserController->myPurchases()
#2 C:\xampp\htdocs\ci_proyecto2022\system\CodeIgniter.php(419): CodeIgniter\CodeIgniter->runController(Object(App\Controllers\UserController))
#3 C:\xampp\htdocs\ci_proyecto2022\system\CodeIgniter.php(326): CodeIgniter\CodeIgniter->handleRequest(NULL, Object(Config\Cache), false)
#4 C:\xampp\htdocs\ci_proyecto2022\index.php(37): CodeIgniter\CodeIgniter->run()
#5 {main}
CRITICAL - 2022-06-12 12:03:13 --> Undefined offset: 1
#0 C:\xampp\htdocs\ci_proyecto2022\app\Controllers\UserController.php(225): CodeIgniter\Debug\Exceptions->errorHandler(8, 'Undefined offse...', 'C:\\xampp\\htdocs...', 225, Array)
#1 C:\xampp\htdocs\ci_proyecto2022\system\CodeIgniter.php(832): App\Controllers\UserController->myPurchases()
#2 C:\xampp\htdocs\ci_proyecto2022\system\CodeIgniter.php(419): CodeIgniter\CodeIgniter->runController(Object(App\Controllers\UserController))
#3 C:\xampp\htdocs\ci_proyecto2022\system\CodeIgniter.php(326): CodeIgniter\CodeIgniter->handleRequest(NULL, Object(Config\Cache), false)
#4 C:\xampp\htdocs\ci_proyecto2022\index.php(37): CodeIgniter\CodeIgniter->run()
#5 {main}
CRITICAL - 2022-06-12 12:03:20 --> Call to undefined method CodeIgniterCart\Cart::content()
#0 C:\xampp\htdocs\ci_proyecto2022\system\CodeIgniter.php(832): App\Controllers\UserController->myPurchases()
#1 C:\xampp\htdocs\ci_proyecto2022\system\CodeIgniter.php(419): CodeIgniter\CodeIgniter->runController(Object(App\Controllers\UserController))
#2 C:\xampp\htdocs\ci_proyecto2022\system\CodeIgniter.php(326): CodeIgniter\CodeIgniter->handleRequest(NULL, Object(Config\Cache), false)
#3 C:\xampp\htdocs\ci_proyecto2022\index.php(37): CodeIgniter\CodeIgniter->run()
#4 {main}
CRITICAL - 2022-06-12 12:03:23 --> Undefined offset: 1
#0 C:\xampp\htdocs\ci_proyecto2022\app\Controllers\UserController.php(225): CodeIgniter\Debug\Exceptions->errorHandler(8, 'Undefined offse...', 'C:\\xampp\\htdocs...', 225, Array)
#1 C:\xampp\htdocs\ci_proyecto2022\system\CodeIgniter.php(832): App\Controllers\UserController->myPurchases()
#2 C:\xampp\htdocs\ci_proyecto2022\system\CodeIgniter.php(419): CodeIgniter\CodeIgniter->runController(Object(App\Controllers\UserController))
#3 C:\xampp\htdocs\ci_proyecto2022\system\CodeIgniter.php(326): CodeIgniter\CodeIgniter->handleRequest(NULL, Object(Config\Cache), false)
#4 C:\xampp\htdocs\ci_proyecto2022\index.php(37): CodeIgniter\CodeIgniter->run()
#5 {main}
CRITICAL - 2022-06-12 12:03:26 --> Array to string conversion
#0 C:\xampp\htdocs\ci_proyecto2022\app\Controllers\UserController.php(225): CodeIgniter\Debug\Exceptions->errorHandler(8, 'Array to string...', 'C:\\xampp\\htdocs...', 225, Array)
#1 C:\xampp\htdocs\ci_proyecto2022\system\CodeIgniter.php(832): App\Controllers\UserController->myPurchases()
#2 C:\xampp\htdocs\ci_proyecto2022\system\CodeIgniter.php(419): CodeIgniter\CodeIgniter->runController(Object(App\Controllers\UserController))
#3 C:\xampp\htdocs\ci_proyecto2022\system\CodeIgniter.php(326): CodeIgniter\CodeIgniter->handleRequest(NULL, Object(Config\Cache), false)
#4 C:\xampp\htdocs\ci_proyecto2022\index.php(37): CodeIgniter\CodeIgniter->run()
#5 {main}
CRITICAL - 2022-06-12 12:06:57 --> Array to string conversion
#0 C:\xampp\htdocs\ci_proyecto2022\app\Controllers\UserController.php(225): CodeIgniter\Debug\Exceptions->errorHandler(8, 'Array to string...', 'C:\\xampp\\htdocs...', 225, Array)
#1 C:\xampp\htdocs\ci_proyecto2022\system\CodeIgniter.php(832): App\Controllers\UserController->myPurchases()
#2 C:\xampp\htdocs\ci_proyecto2022\system\CodeIgniter.php(419): CodeIgniter\CodeIgniter->runController(Object(App\Controllers\UserController))
#3 C:\xampp\htdocs\ci_proyecto2022\system\CodeIgniter.php(326): CodeIgniter\CodeIgniter->handleRequest(NULL, Object(Config\Cache), false)
#4 C:\xampp\htdocs\ci_proyecto2022\index.php(37): CodeIgniter\CodeIgniter->run()
#5 {main}
CRITICAL - 2022-06-12 12:07:14 --> Undefined offset: 1
#0 C:\xampp\htdocs\ci_proyecto2022\app\Controllers\UserController.php(226): CodeIgniter\Debug\Exceptions->errorHandler(8, 'Undefined offse...', 'C:\\xampp\\htdocs...', 226, Array)
#1 C:\xampp\htdocs\ci_proyecto2022\system\CodeIgniter.php(832): App\Controllers\UserController->myPurchases()
#2 C:\xampp\htdocs\ci_proyecto2022\system\CodeIgniter.php(419): CodeIgniter\CodeIgniter->runController(Object(App\Controllers\UserController))
#3 C:\xampp\htdocs\ci_proyecto2022\system\CodeIgniter.php(326): CodeIgniter\CodeIgniter->handleRequest(NULL, Object(Config\Cache), false)
#4 C:\xampp\htdocs\ci_proyecto2022\index.php(37): CodeIgniter\CodeIgniter->run()
#5 {main}
CRITICAL - 2022-06-12 12:07:19 --> Undefined offset: 0
#0 C:\xampp\htdocs\ci_proyecto2022\app\Controllers\UserController.php(226): CodeIgniter\Debug\Exceptions->errorHandler(8, 'Undefined offse...', 'C:\\xampp\\htdocs...', 226, Array)
#1 C:\xampp\htdocs\ci_proyecto2022\system\CodeIgniter.php(832): App\Controllers\UserController->myPurchases()
#2 C:\xampp\htdocs\ci_proyecto2022\system\CodeIgniter.php(419): CodeIgniter\CodeIgniter->runController(Object(App\Controllers\UserController))
#3 C:\xampp\htdocs\ci_proyecto2022\system\CodeIgniter.php(326): CodeIgniter\CodeIgniter->handleRequest(NULL, Object(Config\Cache), false)
#4 C:\xampp\htdocs\ci_proyecto2022\index.php(37): CodeIgniter\CodeIgniter->run()
#5 {main}
CRITICAL - 2022-06-12 12:07:24 --> Array to string conversion
#0 C:\xampp\htdocs\ci_proyecto2022\app\Controllers\UserController.php(226): CodeIgniter\Debug\Exceptions->errorHandler(8, 'Array to string...', 'C:\\xampp\\htdocs...', 226, Array)
#1 C:\xampp\htdocs\ci_proyecto2022\system\CodeIgniter.php(832): App\Controllers\UserController->myPurchases()
#2 C:\xampp\htdocs\ci_proyecto2022\system\CodeIgniter.php(419): CodeIgniter\CodeIgniter->runController(Object(App\Controllers\UserController))
#3 C:\xampp\htdocs\ci_proyecto2022\system\CodeIgniter.php(326): CodeIgniter\CodeIgniter->handleRequest(NULL, Object(Config\Cache), false)
#4 C:\xampp\htdocs\ci_proyecto2022\index.php(37): CodeIgniter\CodeIgniter->run()
#5 {main}
CRITICAL - 2022-06-12 12:08:01 --> Array to string conversion
#0 C:\xampp\htdocs\ci_proyecto2022\app\Controllers\UserController.php(226): CodeIgniter\Debug\Exceptions->errorHandler(8, 'Array to string...', 'C:\\xampp\\htdocs...', 226, Array)
#1 C:\xampp\htdocs\ci_proyecto2022\system\CodeIgniter.php(832): App\Controllers\UserController->myPurchases()
#2 C:\xampp\htdocs\ci_proyecto2022\system\CodeIgniter.php(419): CodeIgniter\CodeIgniter->runController(Object(App\Controllers\UserController))
#3 C:\xampp\htdocs\ci_proyecto2022\system\CodeIgniter.php(326): CodeIgniter\CodeIgniter->handleRequest(NULL, Object(Config\Cache), false)
#4 C:\xampp\htdocs\ci_proyecto2022\index.php(37): CodeIgniter\CodeIgniter->run()
#5 {main}
CRITICAL - 2022-06-12 12:15:51 --> Undefined index: name
#0 C:\xampp\htdocs\ci_proyecto2022\app\Controllers\UserController.php(228): CodeIgniter\Debug\Exceptions->errorHandler(8, 'Undefined index...', 'C:\\xampp\\htdocs...', 228, Array)
#1 C:\xampp\htdocs\ci_proyecto2022\system\CodeIgniter.php(832): App\Controllers\UserController->myPurchases()
#2 C:\xampp\htdocs\ci_proyecto2022\system\CodeIgniter.php(419): CodeIgniter\CodeIgniter->runController(Object(App\Controllers\UserController))
#3 C:\xampp\htdocs\ci_proyecto2022\system\CodeIgniter.php(326): CodeIgniter\CodeIgniter->handleRequest(NULL, Object(Config\Cache), false)
#4 C:\xampp\htdocs\ci_proyecto2022\index.php(37): CodeIgniter\CodeIgniter->run()
#5 {main}
CRITICAL - 2022-06-12 12:16:43 --> Array to string conversion
#0 C:\xampp\htdocs\ci_proyecto2022\app\Controllers\UserController.php(228): CodeIgniter\Debug\Exceptions->errorHandler(8, 'Array to string...', 'C:\\xampp\\htdocs...', 228, Array)
#1 C:\xampp\htdocs\ci_proyecto2022\system\CodeIgniter.php(832): App\Controllers\UserController->myPurchases()
#2 C:\xampp\htdocs\ci_proyecto2022\system\CodeIgniter.php(419): CodeIgniter\CodeIgniter->runController(Object(App\Controllers\UserController))
#3 C:\xampp\htdocs\ci_proyecto2022\system\CodeIgniter.php(326): CodeIgniter\CodeIgniter->handleRequest(NULL, Object(Config\Cache), false)
#4 C:\xampp\htdocs\ci_proyecto2022\index.php(37): CodeIgniter\CodeIgniter->run()
#5 {main}
CRITICAL - 2022-06-12 12:16:57 --> Array to string conversion
#0 C:\xampp\htdocs\ci_proyecto2022\app\Controllers\UserController.php(228): CodeIgniter\Debug\Exceptions->errorHandler(8, 'Array to string...', 'C:\\xampp\\htdocs...', 228, Array)
#1 C:\xampp\htdocs\ci_proyecto2022\system\CodeIgniter.php(832): App\Controllers\UserController->myPurchases()
#2 C:\xampp\htdocs\ci_proyecto2022\system\CodeIgniter.php(419): CodeIgniter\CodeIgniter->runController(Object(App\Controllers\UserController))
#3 C:\xampp\htdocs\ci_proyecto2022\system\CodeIgniter.php(326): CodeIgniter\CodeIgniter->handleRequest(NULL, Object(Config\Cache), false)
#4 C:\xampp\htdocs\ci_proyecto2022\index.php(37): CodeIgniter\CodeIgniter->run()
#5 {main}
CRITICAL - 2022-06-12 12:17:12 --> Undefined index: name
#0 C:\xampp\htdocs\ci_proyecto2022\app\Controllers\UserController.php(228): CodeIgniter\Debug\Exceptions->errorHandler(8, 'Undefined index...', 'C:\\xampp\\htdocs...', 228, Array)
#1 C:\xampp\htdocs\ci_proyecto2022\system\CodeIgniter.php(832): App\Controllers\UserController->myPurchases()
#2 C:\xampp\htdocs\ci_proyecto2022\system\CodeIgniter.php(419): CodeIgniter\CodeIgniter->runController(Object(App\Controllers\UserController))
#3 C:\xampp\htdocs\ci_proyecto2022\system\CodeIgniter.php(326): CodeIgniter\CodeIgniter->handleRequest(NULL, Object(Config\Cache), false)
#4 C:\xampp\htdocs\ci_proyecto2022\index.php(37): CodeIgniter\CodeIgniter->run()
#5 {main}
CRITICAL - 2022-06-12 12:17:18 --> Undefined offset: 0
#0 C:\xampp\htdocs\ci_proyecto2022\app\Controllers\UserController.php(228): CodeIgniter\Debug\Exceptions->errorHandler(8, 'Undefined offse...', 'C:\\xampp\\htdocs...', 228, Array)
#1 C:\xampp\htdocs\ci_proyecto2022\system\CodeIgniter.php(832): App\Controllers\UserController->myPurchases()
#2 C:\xampp\htdocs\ci_proyecto2022\system\CodeIgniter.php(419): CodeIgniter\CodeIgniter->runController(Object(App\Controllers\UserController))
#3 C:\xampp\htdocs\ci_proyecto2022\system\CodeIgniter.php(326): CodeIgniter\CodeIgniter->handleRequest(NULL, Object(Config\Cache), false)
#4 C:\xampp\htdocs\ci_proyecto2022\index.php(37): CodeIgniter\CodeIgniter->run()
#5 {main}
CRITICAL - 2022-06-12 12:18:02 --> Undefined index: price
#0 C:\xampp\htdocs\ci_proyecto2022\app\Controllers\UserController.php(228): CodeIgniter\Debug\Exceptions->errorHandler(8, 'Undefined index...', 'C:\\xampp\\htdocs...', 228, Array)
#1 C:\xampp\htdocs\ci_proyecto2022\system\CodeIgniter.php(832): App\Controllers\UserController->myPurchases()
#2 C:\xampp\htdocs\ci_proyecto2022\system\CodeIgniter.php(419): CodeIgniter\CodeIgniter->runController(Object(App\Controllers\UserController))
#3 C:\xampp\htdocs\ci_proyecto2022\system\CodeIgniter.php(326): CodeIgniter\CodeIgniter->handleRequest(NULL, Object(Config\Cache), false)
#4 C:\xampp\htdocs\ci_proyecto2022\index.php(37): CodeIgniter\CodeIgniter->run()
#5 {main}
CRITICAL - 2022-06-12 12:18:11 --> Cannot use object of type CodeIgniterCart\Cart as array
#0 C:\xampp\htdocs\ci_proyecto2022\system\CodeIgniter.php(832): App\Controllers\UserController->myPurchases()
#1 C:\xampp\htdocs\ci_proyecto2022\system\CodeIgniter.php(419): CodeIgniter\CodeIgniter->runController(Object(App\Controllers\UserController))
#2 C:\xampp\htdocs\ci_proyecto2022\system\CodeIgniter.php(326): CodeIgniter\CodeIgniter->handleRequest(NULL, Object(Config\Cache), false)
#3 C:\xampp\htdocs\ci_proyecto2022\index.php(37): CodeIgniter\CodeIgniter->run()
#4 {main}
CRITICAL - 2022-06-12 12:18:22 --> Cannot use object of type CodeIgniterCart\Cart as array
#0 C:\xampp\htdocs\ci_proyecto2022\system\CodeIgniter.php(832): App\Controllers\UserController->myPurchases()
#1 C:\xampp\htdocs\ci_proyecto2022\system\CodeIgniter.php(419): CodeIgniter\CodeIgniter->runController(Object(App\Controllers\UserController))
#2 C:\xampp\htdocs\ci_proyecto2022\system\CodeIgniter.php(326): CodeIgniter\CodeIgniter->handleRequest(NULL, Object(Config\Cache), false)
#3 C:\xampp\htdocs\ci_proyecto2022\index.php(37): CodeIgniter\CodeIgniter->run()
#4 {main}
CRITICAL - 2022-06-12 12:18:32 --> Undefined offset: 0
#0 C:\xampp\htdocs\ci_proyecto2022\app\Controllers\UserController.php(228): CodeIgniter\Debug\Exceptions->errorHandler(8, 'Undefined offse...', 'C:\\xampp\\htdocs...', 228, Array)
#1 C:\xampp\htdocs\ci_proyecto2022\system\CodeIgniter.php(832): App\Controllers\UserController->myPurchases()
#2 C:\xampp\htdocs\ci_proyecto2022\system\CodeIgniter.php(419): CodeIgniter\CodeIgniter->runController(Object(App\Controllers\UserController))
#3 C:\xampp\htdocs\ci_proyecto2022\system\CodeIgniter.php(326): CodeIgniter\CodeIgniter->handleRequest(NULL, Object(Config\Cache), false)
#4 C:\xampp\htdocs\ci_proyecto2022\index.php(37): CodeIgniter\CodeIgniter->run()
#5 {main}
CRITICAL - 2022-06-12 13:30:55 --> syntax error, unexpected '(', expecting identifier (T_STRING) or variable (T_VARIABLE) or '{' or '$'
#0 C:\xampp\htdocs\ci_proyecto2022\system\Autoloader\Autoloader.php(241): CodeIgniter\Autoloader\Autoloader->includeFile('C:\\xampp\\htdocs...')
#1 C:\xampp\htdocs\ci_proyecto2022\system\Autoloader\Autoloader.php(219): CodeIgniter\Autoloader\Autoloader->loadInNamespace('App\\Controllers...')
#2 [internal function]: CodeIgniter\Autoloader\Autoloader->loadClass('App\\Controllers...')
#3 [internal function]: spl_autoload_call('App\\Controllers...')
#4 C:\xampp\htdocs\ci_proyecto2022\system\CodeIgniter.php(797): class_exists('\\App\\Controller...', true)
#5 C:\xampp\htdocs\ci_proyecto2022\system\CodeIgniter.php(406): CodeIgniter\CodeIgniter->startController()
#6 C:\xampp\htdocs\ci_proyecto2022\system\CodeIgniter.php(326): CodeIgniter\CodeIgniter->handleRequest(NULL, Object(Config\Cache), false)
#7 C:\xampp\htdocs\ci_proyecto2022\index.php(37): CodeIgniter\CodeIgniter->run()
#8 {main}
CRITICAL - 2022-06-12 13:39:52 --> Undefined variable: user
#0 C:\xampp\htdocs\ci_proyecto2022\app\Views\sesion\myPurchases.php(27): CodeIgniter\Debug\Exceptions->errorHandler(8, 'Undefined varia...', 'C:\\xampp\\htdocs...', 27, Array)
#1 C:\xampp\htdocs\ci_proyecto2022\system\View\View.php(210): include('C:\\xampp\\htdocs...')
#2 C:\xampp\htdocs\ci_proyecto2022\system\View\View.php(213): CodeIgniter\View\View->CodeIgniter\View\{closure}()
#3 C:\xampp\htdocs\ci_proyecto2022\system\Common.php(1089): CodeIgniter\View\View->render('/sesion/myPurch...', Array, true)
#4 C:\xampp\htdocs\ci_proyecto2022\app\Controllers\UserController.php(225): view('/sesion/myPurch...', Array)
#5 C:\xampp\htdocs\ci_proyecto2022\system\CodeIgniter.php(832): App\Controllers\UserController->myPurchases()
#6 C:\xampp\htdocs\ci_proyecto2022\system\CodeIgniter.php(419): CodeIgniter\CodeIgniter->runController(Object(App\Controllers\UserController))
#7 C:\xampp\htdocs\ci_proyecto2022\system\CodeIgniter.php(326): CodeIgniter\CodeIgniter->handleRequest(NULL, Object(Config\Cache), false)
#8 C:\xampp\htdocs\ci_proyecto2022\index.php(37): CodeIgniter\CodeIgniter->run()
#9 {main}
CRITICAL - 2022-06-12 14:33:39 --> Undefined variable: purchase
#0 C:\xampp\htdocs\ci_proyecto2022\app\Views\products\downloadPdfSale.php(22): CodeIgniter\Debug\Exceptions->errorHandler(8, 'Undefined varia...', 'C:\\xampp\\htdocs...', 22, Array)
#1 C:\xampp\htdocs\ci_proyecto2022\system\View\View.php(210): include('C:\\xampp\\htdocs...')
#2 C:\xampp\htdocs\ci_proyecto2022\system\View\View.php(213): CodeIgniter\View\View->CodeIgniter\View\{closure}()
#3 C:\xampp\htdocs\ci_proyecto2022\system\Common.php(1089): CodeIgniter\View\View->render('products/downlo...', Array, true)
#4 C:\xampp\htdocs\ci_proyecto2022\app\Controllers\CartController.php(74): view('products/downlo...', Array)
#5 C:\xampp\htdocs\ci_proyecto2022\system\CodeIgniter.php(832): App\Controllers\CartController->downloadPdfSale()
#6 C:\xampp\htdocs\ci_proyecto2022\system\CodeIgniter.php(419): CodeIgniter\CodeIgniter->runController(Object(App\Controllers\CartController))
#7 C:\xampp\htdocs\ci_proyecto2022\system\CodeIgniter.php(326): CodeIgniter\CodeIgniter->handleRequest(NULL, Object(Config\Cache), false)
#8 C:\xampp\htdocs\ci_proyecto2022\index.php(37): CodeIgniter\CodeIgniter->run()
#9 {main}
CRITICAL - 2022-06-12 14:33:48 --> Undefined index: id_sale
#0 C:\xampp\htdocs\ci_proyecto2022\app\Views\products\downloadPdfSale.php(22): CodeIgniter\Debug\Exceptions->errorHandler(8, 'Undefined index...', 'C:\\xampp\\htdocs...', 22, Array)
#1 C:\xampp\htdocs\ci_proyecto2022\system\View\View.php(210): include('C:\\xampp\\htdocs...')
#2 C:\xampp\htdocs\ci_proyecto2022\system\View\View.php(213): CodeIgniter\View\View->CodeIgniter\View\{closure}()
#3 C:\xampp\htdocs\ci_proyecto2022\system\Common.php(1089): CodeIgniter\View\View->render('products/downlo...', Array, true)
#4 C:\xampp\htdocs\ci_proyecto2022\app\Controllers\CartController.php(74): view('products/downlo...', Array)
#5 C:\xampp\htdocs\ci_proyecto2022\system\CodeIgniter.php(832): App\Controllers\CartController->downloadPdfSale()
#6 C:\xampp\htdocs\ci_proyecto2022\system\CodeIgniter.php(419): CodeIgniter\CodeIgniter->runController(Object(App\Controllers\CartController))
#7 C:\xampp\htdocs\ci_proyecto2022\system\CodeIgniter.php(326): CodeIgniter\CodeIgniter->handleRequest(NULL, Object(Config\Cache), false)
#8 C:\xampp\htdocs\ci_proyecto2022\index.php(37): CodeIgniter\CodeIgniter->run()
#9 {main}
CRITICAL - 2022-06-12 14:34:14 --> Undefined index: email_user
#0 C:\xampp\htdocs\ci_proyecto2022\app\Views\products\downloadPdfSale.php(22): CodeIgniter\Debug\Exceptions->errorHandler(8, 'Undefined index...', 'C:\\xampp\\htdocs...', 22, Array)
#1 C:\xampp\htdocs\ci_proyecto2022\system\View\View.php(210): include('C:\\xampp\\htdocs...')
#2 C:\xampp\htdocs\ci_proyecto2022\system\View\View.php(213): CodeIgniter\View\View->CodeIgniter\View\{closure}()
#3 C:\xampp\htdocs\ci_proyecto2022\system\Common.php(1089): CodeIgniter\View\View->render('products/downlo...', Array, true)
#4 C:\xampp\htdocs\ci_proyecto2022\app\Controllers\CartController.php(74): view('products/downlo...', Array)
#5 C:\xampp\htdocs\ci_proyecto2022\system\CodeIgniter.php(832): App\Controllers\CartController->downloadPdfSale()
#6 C:\xampp\htdocs\ci_proyecto2022\system\CodeIgniter.php(419): CodeIgniter\CodeIgniter->runController(Object(App\Controllers\CartController))
#7 C:\xampp\htdocs\ci_proyecto2022\system\CodeIgniter.php(326): CodeIgniter\CodeIgniter->handleRequest(NULL, Object(Config\Cache), false)
#8 C:\xampp\htdocs\ci_proyecto2022\index.php(37): CodeIgniter\CodeIgniter->run()
#9 {main}
CRITICAL - 2022-06-12 14:59:34 --> Undefined index: name
#0 C:\xampp\htdocs\ci_proyecto2022\app\Views\sesion\register.php(62): CodeIgniter\Debug\Exceptions->errorHandler(8, 'Undefined index...', 'C:\\xampp\\htdocs...', 62, Array)
#1 C:\xampp\htdocs\ci_proyecto2022\system\View\View.php(210): include('C:\\xampp\\htdocs...')
#2 C:\xampp\htdocs\ci_proyecto2022\system\View\View.php(213): CodeIgniter\View\View->CodeIgniter\View\{closure}()
#3 C:\xampp\htdocs\ci_proyecto2022\system\Common.php(1089): CodeIgniter\View\View->render('/sesion/registe...', Array, true)
#4 C:\xampp\htdocs\ci_proyecto2022\app\Controllers\UserController.php(122): view('/sesion/registe...', Array)
#5 C:\xampp\htdocs\ci_proyecto2022\system\CodeIgniter.php(832): App\Controllers\UserController->registerUser()
#6 C:\xampp\htdocs\ci_proyecto2022\system\CodeIgniter.php(419): CodeIgniter\CodeIgniter->runController(Object(App\Controllers\UserController))
#7 C:\xampp\htdocs\ci_proyecto2022\system\CodeIgniter.php(326): CodeIgniter\CodeIgniter->handleRequest(NULL, Object(Config\Cache), false)
#8 C:\xampp\htdocs\ci_proyecto2022\index.php(37): CodeIgniter\CodeIgniter->run()
#9 {main}
CRITICAL - 2022-06-12 15:26:01 --> Illegal string offset 'name'
#0 C:\xampp\htdocs\ci_proyecto2022\app\Views\sesion\register.php(62): CodeIgniter\Debug\Exceptions->errorHandler(2, 'Illegal string ...', 'C:\\xampp\\htdocs...', 62, Array)
#1 C:\xampp\htdocs\ci_proyecto2022\system\View\View.php(210): include('C:\\xampp\\htdocs...')
#2 C:\xampp\htdocs\ci_proyecto2022\system\View\View.php(213): CodeIgniter\View\View->CodeIgniter\View\{closure}()
#3 C:\xampp\htdocs\ci_proyecto2022\system\Common.php(1089): CodeIgniter\View\View->render('/sesion/registe...', Array, true)
#4 C:\xampp\htdocs\ci_proyecto2022\app\Controllers\UserController.php(122): view('/sesion/registe...', Array)
#5 C:\xampp\htdocs\ci_proyecto2022\system\CodeIgniter.php(832): App\Controllers\UserController->registerUser()
#6 C:\xampp\htdocs\ci_proyecto2022\system\CodeIgniter.php(419): CodeIgniter\CodeIgniter->runController(Object(App\Controllers\UserController))
#7 C:\xampp\htdocs\ci_proyecto2022\system\CodeIgniter.php(326): CodeIgniter\CodeIgniter->handleRequest(NULL, Object(Config\Cache), false)
#8 C:\xampp\htdocs\ci_proyecto2022\index.php(37): CodeIgniter\CodeIgniter->run()
#9 {main}
CRITICAL - 2022-06-12 15:26:28 --> Undefined index: username
#0 C:\xampp\htdocs\ci_proyecto2022\app\Views\sesion\register.php(78): CodeIgniter\Debug\Exceptions->errorHandler(8, 'Undefined index...', 'C:\\xampp\\htdocs...', 78, Array)
#1 C:\xampp\htdocs\ci_proyecto2022\system\View\View.php(210): include('C:\\xampp\\htdocs...')
#2 C:\xampp\htdocs\ci_proyecto2022\system\View\View.php(213): CodeIgniter\View\View->CodeIgniter\View\{closure}()
#3 C:\xampp\htdocs\ci_proyecto2022\system\Common.php(1089): CodeIgniter\View\View->render('/sesion/registe...', Array, true)
#4 C:\xampp\htdocs\ci_proyecto2022\app\Controllers\UserController.php(122): view('/sesion/registe...', Array)
#5 C:\xampp\htdocs\ci_proyecto2022\system\CodeIgniter.php(832): App\Controllers\UserController->registerUser()
#6 C:\xampp\htdocs\ci_proyecto2022\system\CodeIgniter.php(419): CodeIgniter\CodeIgniter->runController(Object(App\Controllers\UserController))
#7 C:\xampp\htdocs\ci_proyecto2022\system\CodeIgniter.php(326): CodeIgniter\CodeIgniter->handleRequest(NULL, Object(Config\Cache), false)
#8 C:\xampp\htdocs\ci_proyecto2022\index.php(37): CodeIgniter\CodeIgniter->run()
#9 {main}
CRITICAL - 2022-06-12 15:26:41 --> Undefined index: username
#0 C:\xampp\htdocs\ci_proyecto2022\app\Views\sesion\register.php(78): CodeIgniter\Debug\Exceptions->errorHandler(8, 'Undefined index...', 'C:\\xampp\\htdocs...', 78, Array)
#1 C:\xampp\htdocs\ci_proyecto2022\system\View\View.php(210): include('C:\\xampp\\htdocs...')
#2 C:\xampp\htdocs\ci_proyecto2022\system\View\View.php(213): CodeIgniter\View\View->CodeIgniter\View\{closure}()
#3 C:\xampp\htdocs\ci_proyecto2022\system\Common.php(1089): CodeIgniter\View\View->render('/sesion/registe...', Array, true)
#4 C:\xampp\htdocs\ci_proyecto2022\app\Controllers\UserController.php(122): view('/sesion/registe...', Array)
#5 C:\xampp\htdocs\ci_proyecto2022\system\CodeIgniter.php(832): App\Controllers\UserController->registerUser()
#6 C:\xampp\htdocs\ci_proyecto2022\system\CodeIgniter.php(419): CodeIgniter\CodeIgniter->runController(Object(App\Controllers\UserController))
#7 C:\xampp\htdocs\ci_proyecto2022\system\CodeIgniter.php(326): CodeIgniter\CodeIgniter->handleRequest(NULL, Object(Config\Cache), false)
#8 C:\xampp\htdocs\ci_proyecto2022\index.php(37): CodeIgniter\CodeIgniter->run()
#9 {main}
CRITICAL - 2022-06-12 15:31:43 --> Undefined index: username
#0 C:\xampp\htdocs\ci_proyecto2022\app\Controllers\UserController.php(119): CodeIgniter\Debug\Exceptions->errorHandler(8, 'Undefined index...', 'C:\\xampp\\htdocs...', 119, Array)
#1 C:\xampp\htdocs\ci_proyecto2022\system\CodeIgniter.php(832): App\Controllers\UserController->registerUser()
#2 C:\xampp\htdocs\ci_proyecto2022\system\CodeIgniter.php(419): CodeIgniter\CodeIgniter->runController(Object(App\Controllers\UserController))
#3 C:\xampp\htdocs\ci_proyecto2022\system\CodeIgniter.php(326): CodeIgniter\CodeIgniter->handleRequest(NULL, Object(Config\Cache), false)
#4 C:\xampp\htdocs\ci_proyecto2022\index.php(37): CodeIgniter\CodeIgniter->run()
#5 {main}
CRITICAL - 2022-06-12 15:32:23 --> Undefined index: terms
#0 C:\xampp\htdocs\ci_proyecto2022\app\Controllers\UserController.php(120): CodeIgniter\Debug\Exceptions->errorHandler(8, 'Undefined index...', 'C:\\xampp\\htdocs...', 120, Array)
#1 C:\xampp\htdocs\ci_proyecto2022\system\CodeIgniter.php(832): App\Controllers\UserController->registerUser()
#2 C:\xampp\htdocs\ci_proyecto2022\system\CodeIgniter.php(419): CodeIgniter\CodeIgniter->runController(Object(App\Controllers\UserController))
#3 C:\xampp\htdocs\ci_proyecto2022\system\CodeIgniter.php(326): CodeIgniter\CodeIgniter->handleRequest(NULL, Object(Config\Cache), false)
#4 C:\xampp\htdocs\ci_proyecto2022\index.php(37): CodeIgniter\CodeIgniter->run()
#5 {main}
CRITICAL - 2022-06-12 15:33:42 --> Undefined index: username
#0 C:\xampp\htdocs\ci_proyecto2022\app\Views\sesion\register.php(78): CodeIgniter\Debug\Exceptions->errorHandler(8, 'Undefined index...', 'C:\\xampp\\htdocs...', 78, Array)
#1 C:\xampp\htdocs\ci_proyecto2022\system\View\View.php(210): include('C:\\xampp\\htdocs...')
#2 C:\xampp\htdocs\ci_proyecto2022\system\View\View.php(213): CodeIgniter\View\View->CodeIgniter\View\{closure}()
#3 C:\xampp\htdocs\ci_proyecto2022\system\Common.php(1089): CodeIgniter\View\View->render('/sesion/registe...', Array, true)
#4 C:\xampp\htdocs\ci_proyecto2022\app\Controllers\UserController.php(129): view('/sesion/registe...', Array)
#5 C:\xampp\htdocs\ci_proyecto2022\system\CodeIgniter.php(832): App\Controllers\UserController->registerUser()
#6 C:\xampp\htdocs\ci_proyecto2022\system\CodeIgniter.php(419): CodeIgniter\CodeIgniter->runController(Object(App\Controllers\UserController))
#7 C:\xampp\htdocs\ci_proyecto2022\system\CodeIgniter.php(326): CodeIgniter\CodeIgniter->handleRequest(NULL, Object(Config\Cache), false)
#8 C:\xampp\htdocs\ci_proyecto2022\index.php(37): CodeIgniter\CodeIgniter->run()
#9 {main}
CRITICAL - 2022-06-12 15:36:45 --> Undefined index: username
#0 C:\xampp\htdocs\ci_proyecto2022\app\Views\sesion\register.php(78): CodeIgniter\Debug\Exceptions->errorHandler(8, 'Undefined index...', 'C:\\xampp\\htdocs...', 78, Array)
#1 C:\xampp\htdocs\ci_proyecto2022\system\View\View.php(210): include('C:\\xampp\\htdocs...')
#2 C:\xampp\htdocs\ci_proyecto2022\system\View\View.php(213): CodeIgniter\View\View->CodeIgniter\View\{closure}()
#3 C:\xampp\htdocs\ci_proyecto2022\system\Common.php(1089): CodeIgniter\View\View->render('/sesion/registe...', Array, true)
#4 C:\xampp\htdocs\ci_proyecto2022\app\Controllers\UserController.php(129): view('/sesion/registe...', Array)
#5 C:\xampp\htdocs\ci_proyecto2022\system\CodeIgniter.php(832): App\Controllers\UserController->registerUser()
#6 C:\xampp\htdocs\ci_proyecto2022\system\CodeIgniter.php(419): CodeIgniter\CodeIgniter->runController(Object(App\Controllers\UserController))
#7 C:\xampp\htdocs\ci_proyecto2022\system\CodeIgniter.php(326): CodeIgniter\CodeIgniter->handleRequest(NULL, Object(Config\Cache), false)
#8 C:\xampp\htdocs\ci_proyecto2022\index.php(37): CodeIgniter\CodeIgniter->run()
#9 {main}
CRITICAL - 2022-06-12 15:37:24 --> Undefined index: username
#0 C:\xampp\htdocs\ci_proyecto2022\app\Views\sesion\register.php(78): CodeIgniter\Debug\Exceptions->errorHandler(8, 'Undefined index...', 'C:\\xampp\\htdocs...', 78, Array)
#1 C:\xampp\htdocs\ci_proyecto2022\system\View\View.php(210): include('C:\\xampp\\htdocs...')
#2 C:\xampp\htdocs\ci_proyecto2022\system\View\View.php(213): CodeIgniter\View\View->CodeIgniter\View\{closure}()
#3 C:\xampp\htdocs\ci_proyecto2022\system\Common.php(1089): CodeIgniter\View\View->render('/sesion/registe...', Array, true)
#4 C:\xampp\htdocs\ci_proyecto2022\app\Controllers\UserController.php(129): view('/sesion/registe...', Array)
#5 C:\xampp\htdocs\ci_proyecto2022\system\CodeIgniter.php(832): App\Controllers\UserController->registerUser()
#6 C:\xampp\htdocs\ci_proyecto2022\system\CodeIgniter.php(419): CodeIgniter\CodeIgniter->runController(Object(App\Controllers\UserController))
#7 C:\xampp\htdocs\ci_proyecto2022\system\CodeIgniter.php(326): CodeIgniter\CodeIgniter->handleRequest(NULL, Object(Config\Cache), false)
#8 C:\xampp\htdocs\ci_proyecto2022\index.php(37): CodeIgniter\CodeIgniter->run()
#9 {main}
CRITICAL - 2022-06-12 19:14:49 --> |mime_in is not a valid rule.
#0 C:\xampp\htdocs\ci_proyecto2022\system\Validation\Validation.php(300): CodeIgniter\Validation\Exceptions\ValidationException::forRuleNotFound('|mime_in')
#1 C:\xampp\htdocs\ci_proyecto2022\system\Validation\Validation.php(157): CodeIgniter\Validation\Validation->processRules('image', 'image', NULL, Array, Array)
#2 C:\xampp\htdocs\ci_proyecto2022\system\Controller.php(160): CodeIgniter\Validation\Validation->run()
#3 C:\xampp\htdocs\ci_proyecto2022\app\Controllers\AdminController.php(52): CodeIgniter\Controller->validate(Array)
#4 C:\xampp\htdocs\ci_proyecto2022\system\CodeIgniter.php(832): App\Controllers\AdminController->regProducts()
#5 C:\xampp\htdocs\ci_proyecto2022\system\CodeIgniter.php(419): CodeIgniter\CodeIgniter->runController(Object(App\Controllers\AdminController))
#6 C:\xampp\htdocs\ci_proyecto2022\system\CodeIgniter.php(326): CodeIgniter\CodeIgniter->handleRequest(NULL, Object(Config\Cache), false)
#7 C:\xampp\htdocs\ci_proyecto2022\index.php(37): CodeIgniter\CodeIgniter->run()
#8 {main}
CRITICAL - 2022-06-12 19:50:50 --> Call to undefined method CodeIgniter\Pager\Pager::setSurroundCount()
#0 C:\xampp\htdocs\ci_proyecto2022\system\View\View.php(210): include()
#1 C:\xampp\htdocs\ci_proyecto2022\system\View\View.php(213): CodeIgniter\View\View->CodeIgniter\View\{closure}()
#2 C:\xampp\htdocs\ci_proyecto2022\system\Common.php(1089): CodeIgniter\View\View->render('/admin/manageSa...', Array, true)
#3 C:\xampp\htdocs\ci_proyecto2022\app\Controllers\AdminController.php(328): view('/admin/manageSa...', Array)
#4 C:\xampp\htdocs\ci_proyecto2022\system\CodeIgniter.php(832): App\Controllers\AdminController->manageSales()
#5 C:\xampp\htdocs\ci_proyecto2022\system\CodeIgniter.php(419): CodeIgniter\CodeIgniter->runController(Object(App\Controllers\AdminController))
#6 C:\xampp\htdocs\ci_proyecto2022\system\CodeIgniter.php(326): CodeIgniter\CodeIgniter->handleRequest(NULL, Object(Config\Cache), false)
#7 C:\xampp\htdocs\ci_proyecto2022\index.php(37): CodeIgniter\CodeIgniter->run()
#8 {main}
CRITICAL - 2022-06-12 19:51:45 --> Array to string conversion
#0 C:\xampp\htdocs\ci_proyecto2022\app\Views\admin\manageSales.php(33): CodeIgniter\Debug\Exceptions->errorHandler(8, 'Array to string...', 'C:\\xampp\\htdocs...', 33, Array)
#1 C:\xampp\htdocs\ci_proyecto2022\system\View\View.php(210): include('C:\\xampp\\htdocs...')
#2 C:\xampp\htdocs\ci_proyecto2022\system\View\View.php(213): CodeIgniter\View\View->CodeIgniter\View\{closure}()
#3 C:\xampp\htdocs\ci_proyecto2022\system\Pager\Pager.php(125): CodeIgniter\View\View->render('App\\Views\\Admin...')
#4 C:\xampp\htdocs\ci_proyecto2022\system\Pager\Pager.php(83): CodeIgniter\Pager\Pager->displayLinks('group1', 'front_full')
#5 C:\xampp\htdocs\ci_proyecto2022\app\Views\admin\manageSales.php(33): CodeIgniter\Pager\Pager->links('group1', 'front_full')
#6 C:\xampp\htdocs\ci_proyecto2022\system\View\View.php(210): include('C:\\xampp\\htdocs...')
#7 C:\xampp\htdocs\ci_proyecto2022\system\View\View.php(213): CodeIgniter\View\View->CodeIgniter\View\{closure}()
#8 C:\xampp\htdocs\ci_proyecto2022\system\Common.php(1089): CodeIgniter\View\View->render('/admin/manageSa...', Array, true)
#9 C:\xampp\htdocs\ci_proyecto2022\app\Controllers\AdminController.php(328): view('/admin/manageSa...', Array)
#10 C:\xampp\htdocs\ci_proyecto2022\system\CodeIgniter.php(832): App\Controllers\AdminController->manageSales()
#11 C:\xampp\htdocs\ci_proyecto2022\system\CodeIgniter.php(419): CodeIgniter\CodeIgniter->runController(Object(App\Controllers\AdminController))
#12 C:\xampp\htdocs\ci_proyecto2022\system\CodeIgniter.php(326): CodeIgniter\CodeIgniter->handleRequest(NULL, Object(Config\Cache), false)
#13 C:\xampp\htdocs\ci_proyecto2022\index.php(37): CodeIgniter\CodeIgniter->run()
#14 {main}
CRITICAL - 2022-06-12 19:53:46 --> Array to string conversion
#0 C:\xampp\htdocs\ci_proyecto2022\app\Views\admin\manageSales.php(34): CodeIgniter\Debug\Exceptions->errorHandler(8, 'Array to string...', 'C:\\xampp\\htdocs...', 34, Array)
#1 C:\xampp\htdocs\ci_proyecto2022\system\View\View.php(210): include('C:\\xampp\\htdocs...')
#2 C:\xampp\htdocs\ci_proyecto2022\system\View\View.php(213): CodeIgniter\View\View->CodeIgniter\View\{closure}()
#3 C:\xampp\htdocs\ci_proyecto2022\system\Pager\Pager.php(125): CodeIgniter\View\View->render('App\\Views\\Admin...')
#4 C:\xampp\htdocs\ci_proyecto2022\system\Pager\Pager.php(83): CodeIgniter\Pager\Pager->displayLinks('group1', 'front_full')
#5 C:\xampp\htdocs\ci_proyecto2022\app\Views\admin\manageSales.php(34): CodeIgniter\Pager\Pager->links('group1', 'front_full')
#6 C:\xampp\htdocs\ci_proyecto2022\system\View\View.php(210): include('C:\\xampp\\htdocs...')
#7 C:\xampp\htdocs\ci_proyecto2022\system\View\View.php(213): CodeIgniter\View\View->CodeIgniter\View\{closure}()
#8 C:\xampp\htdocs\ci_proyecto2022\system\Common.php(1089): CodeIgniter\View\View->render('/admin/manageSa...', Array, true)
#9 C:\xampp\htdocs\ci_proyecto2022\app\Controllers\AdminController.php(328): view('/admin/manageSa...', Array)
#10 C:\xampp\htdocs\ci_proyecto2022\system\CodeIgniter.php(832): App\Controllers\AdminController->manageSales()
#11 C:\xampp\htdocs\ci_proyecto2022\system\CodeIgniter.php(419): CodeIgniter\CodeIgniter->runController(Object(App\Controllers\AdminController))
#12 C:\xampp\htdocs\ci_proyecto2022\system\CodeIgniter.php(326): CodeIgniter\CodeIgniter->handleRequest(NULL, Object(Config\Cache), false)
#13 C:\xampp\htdocs\ci_proyecto2022\index.php(37): CodeIgniter\CodeIgniter->run()
#14 {main}
CRITICAL - 2022-06-12 19:53:52 --> Call to undefined method CodeIgniter\Pager\Pager::hasPreviousPage()
#0 C:\xampp\htdocs\ci_proyecto2022\system\View\View.php(210): include()
#1 C:\xampp\htdocs\ci_proyecto2022\system\View\View.php(213): CodeIgniter\View\View->CodeIgniter\View\{closure}()
#2 C:\xampp\htdocs\ci_proyecto2022\system\Common.php(1089): CodeIgniter\View\View->render('/admin/manageSa...', Array, true)
#3 C:\xampp\htdocs\ci_proyecto2022\app\Controllers\AdminController.php(328): view('/admin/manageSa...', Array)
#4 C:\xampp\htdocs\ci_proyecto2022\system\CodeIgniter.php(832): App\Controllers\AdminController->manageSales()
#5 C:\xampp\htdocs\ci_proyecto2022\system\CodeIgniter.php(419): CodeIgniter\CodeIgniter->runController(Object(App\Controllers\AdminController))
#6 C:\xampp\htdocs\ci_proyecto2022\system\CodeIgniter.php(326): CodeIgniter\CodeIgniter->handleRequest(NULL, Object(Config\Cache), false)
#7 C:\xampp\htdocs\ci_proyecto2022\index.php(37): CodeIgniter\CodeIgniter->run()
#8 {main}
CRITICAL - 2022-06-12 19:55:11 --> Call to undefined method CodeIgniter\Pager\Pager::hasPrevious()
#0 C:\xampp\htdocs\ci_proyecto2022\system\View\View.php(210): include()
#1 C:\xampp\htdocs\ci_proyecto2022\system\View\View.php(213): CodeIgniter\View\View->CodeIgniter\View\{closure}()
#2 C:\xampp\htdocs\ci_proyecto2022\system\Common.php(1089): CodeIgniter\View\View->render('/admin/manageSa...', Array, true)
#3 C:\xampp\htdocs\ci_proyecto2022\app\Controllers\AdminController.php(328): view('/admin/manageSa...', Array)
#4 C:\xampp\htdocs\ci_proyecto2022\system\CodeIgniter.php(832): App\Controllers\AdminController->manageSales()
#5 C:\xampp\htdocs\ci_proyecto2022\system\CodeIgniter.php(419): CodeIgniter\CodeIgniter->runController(Object(App\Controllers\AdminController))
#6 C:\xampp\htdocs\ci_proyecto2022\system\CodeIgniter.php(326): CodeIgniter\CodeIgniter->handleRequest(NULL, Object(Config\Cache), false)
#7 C:\xampp\htdocs\ci_proyecto2022\index.php(37): CodeIgniter\CodeIgniter->run()
#8 {main}
CRITICAL - 2022-06-12 19:55:49 --> Call to undefined method CodeIgniter\Pager\Pager::hasPrevious()
#0 C:\xampp\htdocs\ci_proyecto2022\system\View\View.php(210): include()
#1 C:\xampp\htdocs\ci_proyecto2022\system\View\View.php(213): CodeIgniter\View\View->CodeIgniter\View\{closure}()
#2 C:\xampp\htdocs\ci_proyecto2022\system\Common.php(1089): CodeIgniter\View\View->render('/admin/manageSa...', Array, true)
#3 C:\xampp\htdocs\ci_proyecto2022\app\Controllers\AdminController.php(328): view('/admin/manageSa...', Array)
#4 C:\xampp\htdocs\ci_proyecto2022\system\CodeIgniter.php(832): App\Controllers\AdminController->manageSales()
#5 C:\xampp\htdocs\ci_proyecto2022\system\CodeIgniter.php(419): CodeIgniter\CodeIgniter->runController(Object(App\Controllers\AdminController))
#6 C:\xampp\htdocs\ci_proyecto2022\system\CodeIgniter.php(326): CodeIgniter\CodeIgniter->handleRequest(NULL, Object(Config\Cache), false)
#7 C:\xampp\htdocs\ci_proyecto2022\index.php(37): CodeIgniter\CodeIgniter->run()
#8 {main}
CRITICAL - 2022-06-12 19:55:50 --> Call to undefined method CodeIgniter\Pager\Pager::hasPrevious()
#0 C:\xampp\htdocs\ci_proyecto2022\system\View\View.php(210): include()
#1 C:\xampp\htdocs\ci_proyecto2022\system\View\View.php(213): CodeIgniter\View\View->CodeIgniter\View\{closure}()
#2 C:\xampp\htdocs\ci_proyecto2022\system\Common.php(1089): CodeIgniter\View\View->render('/admin/manageSa...', Array, true)
#3 C:\xampp\htdocs\ci_proyecto2022\app\Controllers\AdminController.php(328): view('/admin/manageSa...', Array)
#4 C:\xampp\htdocs\ci_proyecto2022\system\CodeIgniter.php(832): App\Controllers\AdminController->manageSales()
#5 C:\xampp\htdocs\ci_proyecto2022\system\CodeIgniter.php(419): CodeIgniter\CodeIgniter->runController(Object(App\Controllers\AdminController))
#6 C:\xampp\htdocs\ci_proyecto2022\system\CodeIgniter.php(326): CodeIgniter\CodeIgniter->handleRequest(NULL, Object(Config\Cache), false)
#7 C:\xampp\htdocs\ci_proyecto2022\index.php(37): CodeIgniter\CodeIgniter->run()
#8 {main}
CRITICAL - 2022-06-12 19:55:51 --> Call to undefined method CodeIgniter\Pager\Pager::hasPrevious()
#0 C:\xampp\htdocs\ci_proyecto2022\system\View\View.php(210): include()
#1 C:\xampp\htdocs\ci_proyecto2022\system\View\View.php(213): CodeIgniter\View\View->CodeIgniter\View\{closure}()
#2 C:\xampp\htdocs\ci_proyecto2022\system\Common.php(1089): CodeIgniter\View\View->render('/admin/manageSa...', Array, true)
#3 C:\xampp\htdocs\ci_proyecto2022\app\Controllers\AdminController.php(328): view('/admin/manageSa...', Array)
#4 C:\xampp\htdocs\ci_proyecto2022\system\CodeIgniter.php(832): App\Controllers\AdminController->manageSales()
#5 C:\xampp\htdocs\ci_proyecto2022\system\CodeIgniter.php(419): CodeIgniter\CodeIgniter->runController(Object(App\Controllers\AdminController))
#6 C:\xampp\htdocs\ci_proyecto2022\system\CodeIgniter.php(326): CodeIgniter\CodeIgniter->handleRequest(NULL, Object(Config\Cache), false)
#7 C:\xampp\htdocs\ci_proyecto2022\index.php(37): CodeIgniter\CodeIgniter->run()
#8 {main}
CRITICAL - 2022-06-12 19:55:55 --> Undefined variable: pager
#0 C:\xampp\htdocs\ci_proyecto2022\app\Views\admin\manageSales.php(36): CodeIgniter\Debug\Exceptions->errorHandler(8, 'Undefined varia...', 'C:\\xampp\\htdocs...', 36, Array)
#1 C:\xampp\htdocs\ci_proyecto2022\system\View\View.php(210): include('C:\\xampp\\htdocs...')
#2 C:\xampp\htdocs\ci_proyecto2022\system\View\View.php(213): CodeIgniter\View\View->CodeIgniter\View\{closure}()
#3 C:\xampp\htdocs\ci_proyecto2022\system\Common.php(1089): CodeIgniter\View\View->render('/admin/manageSa...', Array, true)
#4 C:\xampp\htdocs\ci_proyecto2022\app\Controllers\AdminController.php(328): view('/admin/manageSa...', Array)
#5 C:\xampp\htdocs\ci_proyecto2022\system\CodeIgniter.php(832): App\Controllers\AdminController->manageSales()
#6 C:\xampp\htdocs\ci_proyecto2022\system\CodeIgniter.php(419): CodeIgniter\CodeIgniter->runController(Object(App\Controllers\AdminController))
#7 C:\xampp\htdocs\ci_proyecto2022\system\CodeIgniter.php(326): CodeIgniter\CodeIgniter->handleRequest(NULL, Object(Config\Cache), false)
#8 C:\xampp\htdocs\ci_proyecto2022\index.php(37): CodeIgniter\CodeIgniter->run()
#9 {main}
CRITICAL - 2022-06-12 19:56:16 --> Call to undefined method CodeIgniter\Pager\Pager::hasPrevious()
#0 C:\xampp\htdocs\ci_proyecto2022\system\View\View.php(210): include()
#1 C:\xampp\htdocs\ci_proyecto2022\system\View\View.php(213): CodeIgniter\View\View->CodeIgniter\View\{closure}()
#2 C:\xampp\htdocs\ci_proyecto2022\system\Common.php(1089): CodeIgniter\View\View->render('/admin/manageSa...', Array, true)
#3 C:\xampp\htdocs\ci_proyecto2022\app\Controllers\AdminController.php(328): view('/admin/manageSa...', Array)
#4 C:\xampp\htdocs\ci_proyecto2022\system\CodeIgniter.php(832): App\Controllers\AdminController->manageSales()
#5 C:\xampp\htdocs\ci_proyecto2022\system\CodeIgniter.php(419): CodeIgniter\CodeIgniter->runController(Object(App\Controllers\AdminController))
#6 C:\xampp\htdocs\ci_proyecto2022\system\CodeIgniter.php(326): CodeIgniter\CodeIgniter->handleRequest(NULL, Object(Config\Cache), false)
#7 C:\xampp\htdocs\ci_proyecto2022\index.php(37): CodeIgniter\CodeIgniter->run()
#8 {main}
CRITICAL - 2022-06-12 19:58:01 --> Undefined variable: page
#0 C:\xampp\htdocs\ci_proyecto2022\app\Views\admin\manageSales.php(36): CodeIgniter\Debug\Exceptions->errorHandler(8, 'Undefined varia...', 'C:\\xampp\\htdocs...', 36, Array)
#1 C:\xampp\htdocs\ci_proyecto2022\system\View\View.php(210): include('C:\\xampp\\htdocs...')
#2 C:\xampp\htdocs\ci_proyecto2022\system\View\View.php(213): CodeIgniter\View\View->CodeIgniter\View\{closure}()
#3 C:\xampp\htdocs\ci_proyecto2022\system\Common.php(1089): CodeIgniter\View\View->render('/admin/manageSa...', Array, true)
#4 C:\xampp\htdocs\ci_proyecto2022\app\Controllers\AdminController.php(328): view('/admin/manageSa...', Array)
#5 C:\xampp\htdocs\ci_proyecto2022\system\CodeIgniter.php(832): App\Controllers\AdminController->manageSales()
#6 C:\xampp\htdocs\ci_proyecto2022\system\CodeIgniter.php(419): CodeIgniter\CodeIgniter->runController(Object(App\Controllers\AdminController))
#7 C:\xampp\htdocs\ci_proyecto2022\system\CodeIgniter.php(326): CodeIgniter\CodeIgniter->handleRequest(NULL, Object(Config\Cache), false)
#8 C:\xampp\htdocs\ci_proyecto2022\index.php(37): CodeIgniter\CodeIgniter->run()
#9 {main}
CRITICAL - 2022-06-12 19:58:14 --> Call to undefined method CodeIgniter\Pager\Pager::hasPrevious()
#0 C:\xampp\htdocs\ci_proyecto2022\system\View\View.php(210): include()
#1 C:\xampp\htdocs\ci_proyecto2022\system\View\View.php(213): CodeIgniter\View\View->CodeIgniter\View\{closure}()
#2 C:\xampp\htdocs\ci_proyecto2022\system\Common.php(1089): CodeIgniter\View\View->render('/admin/manageSa...', Array, true)
#3 C:\xampp\htdocs\ci_proyecto2022\app\Controllers\AdminController.php(328): view('/admin/manageSa...', Array)
#4 C:\xampp\htdocs\ci_proyecto2022\system\CodeIgniter.php(832): App\Controllers\AdminController->manageSales()
#5 C:\xampp\htdocs\ci_proyecto2022\system\CodeIgniter.php(419): CodeIgniter\CodeIgniter->runController(Object(App\Controllers\AdminController))
#6 C:\xampp\htdocs\ci_proyecto2022\system\CodeIgniter.php(326): CodeIgniter\CodeIgniter->handleRequest(NULL, Object(Config\Cache), false)
#7 C:\xampp\htdocs\ci_proyecto2022\index.php(37): CodeIgniter\CodeIgniter->run()
#8 {main}
CRITICAL - 2022-06-12 20:00:12 --> Call to undefined method CodeIgniter\Pager\Pager::hasPrevious()
#0 C:\xampp\htdocs\ci_proyecto2022\system\View\View.php(210): include()
#1 C:\xampp\htdocs\ci_proyecto2022\system\View\View.php(213): CodeIgniter\View\View->CodeIgniter\View\{closure}()
#2 C:\xampp\htdocs\ci_proyecto2022\system\Common.php(1089): CodeIgniter\View\View->render('/admin/manageSa...', Array, true)
#3 C:\xampp\htdocs\ci_proyecto2022\app\Controllers\AdminController.php(328): view('/admin/manageSa...', Array)
#4 C:\xampp\htdocs\ci_proyecto2022\system\CodeIgniter.php(832): App\Controllers\AdminController->manageSales()
#5 C:\xampp\htdocs\ci_proyecto2022\system\CodeIgniter.php(419): CodeIgniter\CodeIgniter->runController(Object(App\Controllers\AdminController))
#6 C:\xampp\htdocs\ci_proyecto2022\system\CodeIgniter.php(326): CodeIgniter\CodeIgniter->handleRequest(NULL, Object(Config\Cache), false)
#7 C:\xampp\htdocs\ci_proyecto2022\index.php(37): CodeIgniter\CodeIgniter->run()
#8 {main}
CRITICAL - 2022-06-12 20:00:14 --> Call to undefined method CodeIgniter\Pager\Pager::hasPrevious()
#0 C:\xampp\htdocs\ci_proyecto2022\system\View\View.php(210): include()
#1 C:\xampp\htdocs\ci_proyecto2022\system\View\View.php(213): CodeIgniter\View\View->CodeIgniter\View\{closure}()
#2 C:\xampp\htdocs\ci_proyecto2022\system\Common.php(1089): CodeIgniter\View\View->render('/admin/manageSa...', Array, true)
#3 C:\xampp\htdocs\ci_proyecto2022\app\Controllers\AdminController.php(328): view('/admin/manageSa...', Array)
#4 C:\xampp\htdocs\ci_proyecto2022\system\CodeIgniter.php(832): App\Controllers\AdminController->manageSales()
#5 C:\xampp\htdocs\ci_proyecto2022\system\CodeIgniter.php(419): CodeIgniter\CodeIgniter->runController(Object(App\Controllers\AdminController))
#6 C:\xampp\htdocs\ci_proyecto2022\system\CodeIgniter.php(326): CodeIgniter\CodeIgniter->handleRequest(NULL, Object(Config\Cache), false)
#7 C:\xampp\htdocs\ci_proyecto2022\index.php(37): CodeIgniter\CodeIgniter->run()
#8 {main}
CRITICAL - 2022-06-12 20:00:14 --> Call to undefined method CodeIgniter\Pager\Pager::hasPrevious()
#0 C:\xampp\htdocs\ci_proyecto2022\system\View\View.php(210): include()
#1 C:\xampp\htdocs\ci_proyecto2022\system\View\View.php(213): CodeIgniter\View\View->CodeIgniter\View\{closure}()
#2 C:\xampp\htdocs\ci_proyecto2022\system\Common.php(1089): CodeIgniter\View\View->render('/admin/manageSa...', Array, true)
#3 C:\xampp\htdocs\ci_proyecto2022\app\Controllers\AdminController.php(328): view('/admin/manageSa...', Array)
#4 C:\xampp\htdocs\ci_proyecto2022\system\CodeIgniter.php(832): App\Controllers\AdminController->manageSales()
#5 C:\xampp\htdocs\ci_proyecto2022\system\CodeIgniter.php(419): CodeIgniter\CodeIgniter->runController(Object(App\Controllers\AdminController))
#6 C:\xampp\htdocs\ci_proyecto2022\system\CodeIgniter.php(326): CodeIgniter\CodeIgniter->handleRequest(NULL, Object(Config\Cache), false)
#7 C:\xampp\htdocs\ci_proyecto2022\index.php(37): CodeIgniter\CodeIgniter->run()
#8 {main}
CRITICAL - 2022-06-12 20:02:23 --> Call to undefined method CodeIgniter\Pager\Pager::hasPrevious()
#0 C:\xampp\htdocs\ci_proyecto2022\system\View\View.php(210): include()
#1 C:\xampp\htdocs\ci_proyecto2022\system\View\View.php(213): CodeIgniter\View\View->CodeIgniter\View\{closure}()
#2 C:\xampp\htdocs\ci_proyecto2022\system\Common.php(1089): CodeIgniter\View\View->render('/admin/manageSa...', Array, true)
#3 C:\xampp\htdocs\ci_proyecto2022\app\Controllers\AdminController.php(328): view('/admin/manageSa...', Array)
#4 C:\xampp\htdocs\ci_proyecto2022\system\CodeIgniter.php(832): App\Controllers\AdminController->manageSales()
#5 C:\xampp\htdocs\ci_proyecto2022\system\CodeIgniter.php(419): CodeIgniter\CodeIgniter->runController(Object(App\Controllers\AdminController))
#6 C:\xampp\htdocs\ci_proyecto2022\system\CodeIgniter.php(326): CodeIgniter\CodeIgniter->handleRequest(NULL, Object(Config\Cache), false)
#7 C:\xampp\htdocs\ci_proyecto2022\index.php(37): CodeIgniter\CodeIgniter->run()
#8 {main}
CRITICAL - 2022-06-12 20:02:24 --> Call to undefined method CodeIgniter\Pager\Pager::hasPrevious()
#0 C:\xampp\htdocs\ci_proyecto2022\system\View\View.php(210): include()
#1 C:\xampp\htdocs\ci_proyecto2022\system\View\View.php(213): CodeIgniter\View\View->CodeIgniter\View\{closure}()
#2 C:\xampp\htdocs\ci_proyecto2022\system\Common.php(1089): CodeIgniter\View\View->render('/admin/manageSa...', Array, true)
#3 C:\xampp\htdocs\ci_proyecto2022\app\Controllers\AdminController.php(328): view('/admin/manageSa...', Array)
#4 C:\xampp\htdocs\ci_proyecto2022\system\CodeIgniter.php(832): App\Controllers\AdminController->manageSales()
#5 C:\xampp\htdocs\ci_proyecto2022\system\CodeIgniter.php(419): CodeIgniter\CodeIgniter->runController(Object(App\Controllers\AdminController))
#6 C:\xampp\htdocs\ci_proyecto2022\system\CodeIgniter.php(326): CodeIgniter\CodeIgniter->handleRequest(NULL, Object(Config\Cache), false)
#7 C:\xampp\htdocs\ci_proyecto2022\index.php(37): CodeIgniter\CodeIgniter->run()
#8 {main}
CRITICAL - 2022-06-12 20:02:25 --> Call to undefined method CodeIgniter\Pager\Pager::hasPrevious()
#0 C:\xampp\htdocs\ci_proyecto2022\system\View\View.php(210): include()
#1 C:\xampp\htdocs\ci_proyecto2022\system\View\View.php(213): CodeIgniter\View\View->CodeIgniter\View\{closure}()
#2 C:\xampp\htdocs\ci_proyecto2022\system\Common.php(1089): CodeIgniter\View\View->render('/admin/manageSa...', Array, true)
#3 C:\xampp\htdocs\ci_proyecto2022\app\Controllers\AdminController.php(328): view('/admin/manageSa...', Array)
#4 C:\xampp\htdocs\ci_proyecto2022\system\CodeIgniter.php(832): App\Controllers\AdminController->manageSales()
#5 C:\xampp\htdocs\ci_proyecto2022\system\CodeIgniter.php(419): CodeIgniter\CodeIgniter->runController(Object(App\Controllers\AdminController))
#6 C:\xampp\htdocs\ci_proyecto2022\system\CodeIgniter.php(326): CodeIgniter\CodeIgniter->handleRequest(NULL, Object(Config\Cache), false)
#7 C:\xampp\htdocs\ci_proyecto2022\index.php(37): CodeIgniter\CodeIgniter->run()
#8 {main}
CRITICAL - 2022-06-12 20:02:25 --> Call to undefined method CodeIgniter\Pager\Pager::hasPrevious()
#0 C:\xampp\htdocs\ci_proyecto2022\system\View\View.php(210): include()
#1 C:\xampp\htdocs\ci_proyecto2022\system\View\View.php(213): CodeIgniter\View\View->CodeIgniter\View\{closure}()
#2 C:\xampp\htdocs\ci_proyecto2022\system\Common.php(1089): CodeIgniter\View\View->render('/admin/manageSa...', Array, true)
#3 C:\xampp\htdocs\ci_proyecto2022\app\Controllers\AdminController.php(328): view('/admin/manageSa...', Array)
#4 C:\xampp\htdocs\ci_proyecto2022\system\CodeIgniter.php(832): App\Controllers\AdminController->manageSales()
#5 C:\xampp\htdocs\ci_proyecto2022\system\CodeIgniter.php(419): CodeIgniter\CodeIgniter->runController(Object(App\Controllers\AdminController))
#6 C:\xampp\htdocs\ci_proyecto2022\system\CodeIgniter.php(326): CodeIgniter\CodeIgniter->handleRequest(NULL, Object(Config\Cache), false)
#7 C:\xampp\htdocs\ci_proyecto2022\index.php(37): CodeIgniter\CodeIgniter->run()
#8 {main}
CRITICAL - 2022-06-12 20:02:25 --> Call to undefined method CodeIgniter\Pager\Pager::hasPrevious()
#0 C:\xampp\htdocs\ci_proyecto2022\system\View\View.php(210): include()
#1 C:\xampp\htdocs\ci_proyecto2022\system\View\View.php(213): CodeIgniter\View\View->CodeIgniter\View\{closure}()
#2 C:\xampp\htdocs\ci_proyecto2022\system\Common.php(1089): CodeIgniter\View\View->render('/admin/manageSa...', Array, true)
#3 C:\xampp\htdocs\ci_proyecto2022\app\Controllers\AdminController.php(328): view('/admin/manageSa...', Array)
#4 C:\xampp\htdocs\ci_proyecto2022\system\CodeIgniter.php(832): App\Controllers\AdminController->manageSales()
#5 C:\xampp\htdocs\ci_proyecto2022\system\CodeIgniter.php(419): CodeIgniter\CodeIgniter->runController(Object(App\Controllers\AdminController))
#6 C:\xampp\htdocs\ci_proyecto2022\system\CodeIgniter.php(326): CodeIgniter\CodeIgniter->handleRequest(NULL, Object(Config\Cache), false)
#7 C:\xampp\htdocs\ci_proyecto2022\index.php(37): CodeIgniter\CodeIgniter->run()
#8 {main}
CRITICAL - 2022-06-12 20:02:25 --> Call to undefined method CodeIgniter\Pager\Pager::hasPrevious()
#0 C:\xampp\htdocs\ci_proyecto2022\system\View\View.php(210): include()
#1 C:\xampp\htdocs\ci_proyecto2022\system\View\View.php(213): CodeIgniter\View\View->CodeIgniter\View\{closure}()
#2 C:\xampp\htdocs\ci_proyecto2022\system\Common.php(1089): CodeIgniter\View\View->render('/admin/manageSa...', Array, true)
#3 C:\xampp\htdocs\ci_proyecto2022\app\Controllers\AdminController.php(328): view('/admin/manageSa...', Array)
#4 C:\xampp\htdocs\ci_proyecto2022\system\CodeIgniter.php(832): App\Controllers\AdminController->manageSales()
#5 C:\xampp\htdocs\ci_proyecto2022\system\CodeIgniter.php(419): CodeIgniter\CodeIgniter->runController(Object(App\Controllers\AdminController))
#6 C:\xampp\htdocs\ci_proyecto2022\system\CodeIgniter.php(326): CodeIgniter\CodeIgniter->handleRequest(NULL, Object(Config\Cache), false)
#7 C:\xampp\htdocs\ci_proyecto2022\index.php(37): CodeIgniter\CodeIgniter->run()
#8 {main}
CRITICAL - 2022-06-12 20:02:26 --> Call to undefined method CodeIgniter\Pager\Pager::hasPrevious()
#0 C:\xampp\htdocs\ci_proyecto2022\system\View\View.php(210): include()
#1 C:\xampp\htdocs\ci_proyecto2022\system\View\View.php(213): CodeIgniter\View\View->CodeIgniter\View\{closure}()
#2 C:\xampp\htdocs\ci_proyecto2022\system\Common.php(1089): CodeIgniter\View\View->render('/admin/manageSa...', Array, true)
#3 C:\xampp\htdocs\ci_proyecto2022\app\Controllers\AdminController.php(328): view('/admin/manageSa...', Array)
#4 C:\xampp\htdocs\ci_proyecto2022\system\CodeIgniter.php(832): App\Controllers\AdminController->manageSales()
#5 C:\xampp\htdocs\ci_proyecto2022\system\CodeIgniter.php(419): CodeIgniter\CodeIgniter->runController(Object(App\Controllers\AdminController))
#6 C:\xampp\htdocs\ci_proyecto2022\system\CodeIgniter.php(326): CodeIgniter\CodeIgniter->handleRequest(NULL, Object(Config\Cache), false)
#7 C:\xampp\htdocs\ci_proyecto2022\index.php(37): CodeIgniter\CodeIgniter->run()
#8 {main}
CRITICAL - 2022-06-12 20:02:26 --> Call to undefined method CodeIgniter\Pager\Pager::hasPrevious()
#0 C:\xampp\htdocs\ci_proyecto2022\system\View\View.php(210): include()
#1 C:\xampp\htdocs\ci_proyecto2022\system\View\View.php(213): CodeIgniter\View\View->CodeIgniter\View\{closure}()
#2 C:\xampp\htdocs\ci_proyecto2022\system\Common.php(1089): CodeIgniter\View\View->render('/admin/manageSa...', Array, true)
#3 C:\xampp\htdocs\ci_proyecto2022\app\Controllers\AdminController.php(328): view('/admin/manageSa...', Array)
#4 C:\xampp\htdocs\ci_proyecto2022\system\CodeIgniter.php(832): App\Controllers\AdminController->manageSales()
#5 C:\xampp\htdocs\ci_proyecto2022\system\CodeIgniter.php(419): CodeIgniter\CodeIgniter->runController(Object(App\Controllers\AdminController))
#6 C:\xampp\htdocs\ci_proyecto2022\system\CodeIgniter.php(326): CodeIgniter\CodeIgniter->handleRequest(NULL, Object(Config\Cache), false)
#7 C:\xampp\htdocs\ci_proyecto2022\index.php(37): CodeIgniter\CodeIgniter->run()
#8 {main}
CRITICAL - 2022-06-12 20:02:26 --> Call to undefined method CodeIgniter\Pager\Pager::hasPrevious()
#0 C:\xampp\htdocs\ci_proyecto2022\system\View\View.php(210): include()
#1 C:\xampp\htdocs\ci_proyecto2022\system\View\View.php(213): CodeIgniter\View\View->CodeIgniter\View\{closure}()
#2 C:\xampp\htdocs\ci_proyecto2022\system\Common.php(1089): CodeIgniter\View\View->render('/admin/manageSa...', Array, true)
#3 C:\xampp\htdocs\ci_proyecto2022\app\Controllers\AdminController.php(328): view('/admin/manageSa...', Array)
#4 C:\xampp\htdocs\ci_proyecto2022\system\CodeIgniter.php(832): App\Controllers\AdminController->manageSales()
#5 C:\xampp\htdocs\ci_proyecto2022\system\CodeIgniter.php(419): CodeIgniter\CodeIgniter->runController(Object(App\Controllers\AdminController))
#6 C:\xampp\htdocs\ci_proyecto2022\system\CodeIgniter.php(326): CodeIgniter\CodeIgniter->handleRequest(NULL, Object(Config\Cache), false)
#7 C:\xampp\htdocs\ci_proyecto2022\index.php(37): CodeIgniter\CodeIgniter->run()
#8 {main}
CRITICAL - 2022-06-12 20:02:26 --> Call to undefined method CodeIgniter\Pager\Pager::hasPrevious()
#0 C:\xampp\htdocs\ci_proyecto2022\system\View\View.php(210): include()
#1 C:\xampp\htdocs\ci_proyecto2022\system\View\View.php(213): CodeIgniter\View\View->CodeIgniter\View\{closure}()
#2 C:\xampp\htdocs\ci_proyecto2022\system\Common.php(1089): CodeIgniter\View\View->render('/admin/manageSa...', Array, true)
#3 C:\xampp\htdocs\ci_proyecto2022\app\Controllers\AdminController.php(328): view('/admin/manageSa...', Array)
#4 C:\xampp\htdocs\ci_proyecto2022\system\CodeIgniter.php(832): App\Controllers\AdminController->manageSales()
#5 C:\xampp\htdocs\ci_proyecto2022\system\CodeIgniter.php(419): CodeIgniter\CodeIgniter->runController(Object(App\Controllers\AdminController))
#6 C:\xampp\htdocs\ci_proyecto2022\system\CodeIgniter.php(326): CodeIgniter\CodeIgniter->handleRequest(NULL, Object(Config\Cache), false)
#7 C:\xampp\htdocs\ci_proyecto2022\index.php(37): CodeIgniter\CodeIgniter->run()
#8 {main}
CRITICAL - 2022-06-12 20:02:26 --> Call to undefined method CodeIgniter\Pager\Pager::hasPrevious()
#0 C:\xampp\htdocs\ci_proyecto2022\system\View\View.php(210): include()
#1 C:\xampp\htdocs\ci_proyecto2022\system\View\View.php(213): CodeIgniter\View\View->CodeIgniter\View\{closure}()
#2 C:\xampp\htdocs\ci_proyecto2022\system\Common.php(1089): CodeIgniter\View\View->render('/admin/manageSa...', Array, true)
#3 C:\xampp\htdocs\ci_proyecto2022\app\Controllers\AdminController.php(328): view('/admin/manageSa...', Array)
#4 C:\xampp\htdocs\ci_proyecto2022\system\CodeIgniter.php(832): App\Controllers\AdminController->manageSales()
#5 C:\xampp\htdocs\ci_proyecto2022\system\CodeIgniter.php(419): CodeIgniter\CodeIgniter->runController(Object(App\Controllers\AdminController))
#6 C:\xampp\htdocs\ci_proyecto2022\system\CodeIgniter.php(326): CodeIgniter\CodeIgniter->handleRequest(NULL, Object(Config\Cache), false)
#7 C:\xampp\htdocs\ci_proyecto2022\index.php(37): CodeIgniter\CodeIgniter->run()
#8 {main}
CRITICAL - 2022-06-12 20:02:27 --> Call to undefined method CodeIgniter\Pager\Pager::hasPrevious()
#0 C:\xampp\htdocs\ci_proyecto2022\system\View\View.php(210): include()
#1 C:\xampp\htdocs\ci_proyecto2022\system\View\View.php(213): CodeIgniter\View\View->CodeIgniter\View\{closure}()
#2 C:\xampp\htdocs\ci_proyecto2022\system\Common.php(1089): CodeIgniter\View\View->render('/admin/manageSa...', Array, true)
#3 C:\xampp\htdocs\ci_proyecto2022\app\Controllers\AdminController.php(328): view('/admin/manageSa...', Array)
#4 C:\xampp\htdocs\ci_proyecto2022\system\CodeIgniter.php(832): App\Controllers\AdminController->manageSales()
#5 C:\xampp\htdocs\ci_proyecto2022\system\CodeIgniter.php(419): CodeIgniter\CodeIgniter->runController(Object(App\Controllers\AdminController))
#6 C:\xampp\htdocs\ci_proyecto2022\system\CodeIgniter.php(326): CodeIgniter\CodeIgniter->handleRequest(NULL, Object(Config\Cache), false)
#7 C:\xampp\htdocs\ci_proyecto2022\index.php(37): CodeIgniter\CodeIgniter->run()
#8 {main}
CRITICAL - 2022-06-12 20:02:27 --> Call to undefined method CodeIgniter\Pager\Pager::hasPrevious()
#0 C:\xampp\htdocs\ci_proyecto2022\system\View\View.php(210): include()
#1 C:\xampp\htdocs\ci_proyecto2022\system\View\View.php(213): CodeIgniter\View\View->CodeIgniter\View\{closure}()
#2 C:\xampp\htdocs\ci_proyecto2022\system\Common.php(1089): CodeIgniter\View\View->render('/admin/manageSa...', Array, true)
#3 C:\xampp\htdocs\ci_proyecto2022\app\Controllers\AdminController.php(328): view('/admin/manageSa...', Array)
#4 C:\xampp\htdocs\ci_proyecto2022\system\CodeIgniter.php(832): App\Controllers\AdminController->manageSales()
#5 C:\xampp\htdocs\ci_proyecto2022\system\CodeIgniter.php(419): CodeIgniter\CodeIgniter->runController(Object(App\Controllers\AdminController))
#6 C:\xampp\htdocs\ci_proyecto2022\system\CodeIgniter.php(326): CodeIgniter\CodeIgniter->handleRequest(NULL, Object(Config\Cache), false)
#7 C:\xampp\htdocs\ci_proyecto2022\index.php(37): CodeIgniter\CodeIgniter->run()
#8 {main}
CRITICAL - 2022-06-12 20:03:26 --> Array to string conversion
#0 C:\xampp\htdocs\ci_proyecto2022\app\Views\admin\manageSales.php(37): CodeIgniter\Debug\Exceptions->errorHandler(8, 'Array to string...', 'C:\\xampp\\htdocs...', 37, Array)
#1 C:\xampp\htdocs\ci_proyecto2022\system\View\View.php(210): include('C:\\xampp\\htdocs...')
#2 C:\xampp\htdocs\ci_proyecto2022\system\View\View.php(213): CodeIgniter\View\View->CodeIgniter\View\{closure}()
#3 C:\xampp\htdocs\ci_proyecto2022\system\Pager\Pager.php(125): CodeIgniter\View\View->render('App\\Views\\admin...')
#4 C:\xampp\htdocs\ci_proyecto2022\system\Pager\Pager.php(83): CodeIgniter\Pager\Pager->displayLinks('group1', 'front_full')
#5 C:\xampp\htdocs\ci_proyecto2022\app\Views\admin\manageSales.php(37): CodeIgniter\Pager\Pager->links('group1', 'front_full')
#6 C:\xampp\htdocs\ci_proyecto2022\system\View\View.php(210): include('C:\\xampp\\htdocs...')
#7 C:\xampp\htdocs\ci_proyecto2022\system\View\View.php(213): CodeIgniter\View\View->CodeIgniter\View\{closure}()
#8 C:\xampp\htdocs\ci_proyecto2022\system\Common.php(1089): CodeIgniter\View\View->render('/admin/manageSa...', Array, true)
#9 C:\xampp\htdocs\ci_proyecto2022\app\Controllers\AdminController.php(328): view('/admin/manageSa...', Array)
#10 C:\xampp\htdocs\ci_proyecto2022\system\CodeIgniter.php(832): App\Controllers\AdminController->manageSales()
#11 C:\xampp\htdocs\ci_proyecto2022\system\CodeIgniter.php(419): CodeIgniter\CodeIgniter->runController(Object(App\Controllers\AdminController))
#12 C:\xampp\htdocs\ci_proyecto2022\system\CodeIgniter.php(326): CodeIgniter\CodeIgniter->handleRequest(NULL, Object(Config\Cache), false)
#13 C:\xampp\htdocs\ci_proyecto2022\index.php(37): CodeIgniter\CodeIgniter->run()
#14 {main}
CRITICAL - 2022-06-12 20:03:51 --> Call to undefined method CodeIgniter\Pager\Pager::setSurroundCount()
#0 C:\xampp\htdocs\ci_proyecto2022\system\View\View.php(210): include()
#1 C:\xampp\htdocs\ci_proyecto2022\system\View\View.php(213): CodeIgniter\View\View->CodeIgniter\View\{closure}()
#2 C:\xampp\htdocs\ci_proyecto2022\system\Common.php(1089): CodeIgniter\View\View->render('/admin/manageSa...', Array, true)
#3 C:\xampp\htdocs\ci_proyecto2022\app\Controllers\AdminController.php(328): view('/admin/manageSa...', Array)
#4 C:\xampp\htdocs\ci_proyecto2022\system\CodeIgniter.php(832): App\Controllers\AdminController->manageSales()
#5 C:\xampp\htdocs\ci_proyecto2022\system\CodeIgniter.php(419): CodeIgniter\CodeIgniter->runController(Object(App\Controllers\AdminController))
#6 C:\xampp\htdocs\ci_proyecto2022\system\CodeIgniter.php(326): CodeIgniter\CodeIgniter->handleRequest(NULL, Object(Config\Cache), false)
#7 C:\xampp\htdocs\ci_proyecto2022\index.php(37): CodeIgniter\CodeIgniter->run()
#8 {main}
CRITICAL - 2022-06-12 20:04:00 --> Call to undefined method CodeIgniter\Pager\Pager::hasPrevious()
#0 C:\xampp\htdocs\ci_proyecto2022\system\View\View.php(210): include()
#1 C:\xampp\htdocs\ci_proyecto2022\system\View\View.php(213): CodeIgniter\View\View->CodeIgniter\View\{closure}()
#2 C:\xampp\htdocs\ci_proyecto2022\system\Common.php(1089): CodeIgniter\View\View->render('/admin/manageSa...', Array, true)
#3 C:\xampp\htdocs\ci_proyecto2022\app\Controllers\AdminController.php(328): view('/admin/manageSa...', Array)
#4 C:\xampp\htdocs\ci_proyecto2022\system\CodeIgniter.php(832): App\Controllers\AdminController->manageSales()
#5 C:\xampp\htdocs\ci_proyecto2022\system\CodeIgniter.php(419): CodeIgniter\CodeIgniter->runController(Object(App\Controllers\AdminController))
#6 C:\xampp\htdocs\ci_proyecto2022\system\CodeIgniter.php(326): CodeIgniter\CodeIgniter->handleRequest(NULL, Object(Config\Cache), false)
#7 C:\xampp\htdocs\ci_proyecto2022\index.php(37): CodeIgniter\CodeIgniter->run()
#8 {main}
CRITICAL - 2022-06-12 20:11:14 --> Call to undefined method CodeIgniter\Pager\Pager::hasPrevious()
#0 C:\xampp\htdocs\ci_proyecto2022\system\View\View.php(210): include()
#1 C:\xampp\htdocs\ci_proyecto2022\system\View\View.php(213): CodeIgniter\View\View->CodeIgniter\View\{closure}()
#2 C:\xampp\htdocs\ci_proyecto2022\system\Common.php(1089): CodeIgniter\View\View->render('/admin/manageSa...', Array, true)
#3 C:\xampp\htdocs\ci_proyecto2022\app\Controllers\AdminController.php(328): view('/admin/manageSa...', Array)
#4 C:\xampp\htdocs\ci_proyecto2022\system\CodeIgniter.php(832): App\Controllers\AdminController->manageSales()
#5 C:\xampp\htdocs\ci_proyecto2022\system\CodeIgniter.php(419): CodeIgniter\CodeIgniter->runController(Object(App\Controllers\AdminController))
#6 C:\xampp\htdocs\ci_proyecto2022\system\CodeIgniter.php(326): CodeIgniter\CodeIgniter->handleRequest(NULL, Object(Config\Cache), false)
#7 C:\xampp\htdocs\ci_proyecto2022\index.php(37): CodeIgniter\CodeIgniter->run()
#8 {main}
CRITICAL - 2022-06-12 20:12:02 --> Invalid file: CodeIgniter\Pager\Views\admin\manageSales.php
#0 C:\xampp\htdocs\ci_proyecto2022\system\View\View.php(198): CodeIgniter\Exceptions\FrameworkException::forInvalidFile('CodeIgniter\\Pag...')
#1 C:\xampp\htdocs\ci_proyecto2022\system\Pager\Pager.php(125): CodeIgniter\View\View->render('CodeIgniter\\Pag...')
#2 C:\xampp\htdocs\ci_proyecto2022\system\Pager\Pager.php(83): CodeIgniter\Pager\Pager->displayLinks('default', 'default_full')
#3 C:\xampp\htdocs\ci_proyecto2022\app\Views\admin\manageSales.php(33): CodeIgniter\Pager\Pager->links()
#4 C:\xampp\htdocs\ci_proyecto2022\system\View\View.php(210): include('C:\\xampp\\htdocs...')
#5 C:\xampp\htdocs\ci_proyecto2022\system\View\View.php(213): CodeIgniter\View\View->CodeIgniter\View\{closure}()
#6 C:\xampp\htdocs\ci_proyecto2022\system\Common.php(1089): CodeIgniter\View\View->render('/admin/manageSa...', Array, true)
#7 C:\xampp\htdocs\ci_proyecto2022\app\Controllers\AdminController.php(328): view('/admin/manageSa...', Array)
#8 C:\xampp\htdocs\ci_proyecto2022\system\CodeIgniter.php(832): App\Controllers\AdminController->manageSales()
#9 C:\xampp\htdocs\ci_proyecto2022\system\CodeIgniter.php(419): CodeIgniter\CodeIgniter->runController(Object(App\Controllers\AdminController))
#10 C:\xampp\htdocs\ci_proyecto2022\system\CodeIgniter.php(326): CodeIgniter\CodeIgniter->handleRequest(NULL, Object(Config\Cache), false)
#11 C:\xampp\htdocs\ci_proyecto2022\index.php(37): CodeIgniter\CodeIgniter->run()
#12 {main}
CRITICAL - 2022-06-12 20:12:31 --> Invalid file: CodeIgniter\Pager\Views\admin\manageSales.php
#0 C:\xampp\htdocs\ci_proyecto2022\system\View\View.php(198): CodeIgniter\Exceptions\FrameworkException::forInvalidFile('CodeIgniter\\Pag...')
#1 C:\xampp\htdocs\ci_proyecto2022\system\Pager\Pager.php(125): CodeIgniter\View\View->render('CodeIgniter\\Pag...')
#2 C:\xampp\htdocs\ci_proyecto2022\system\Pager\Pager.php(83): CodeIgniter\Pager\Pager->displayLinks('default', 'default_full')
#3 C:\xampp\htdocs\ci_proyecto2022\app\Views\admin\manageSales.php(33): CodeIgniter\Pager\Pager->links()
#4 C:\xampp\htdocs\ci_proyecto2022\system\View\View.php(210): include('C:\\xampp\\htdocs...')
#5 C:\xampp\htdocs\ci_proyecto2022\system\View\View.php(213): CodeIgniter\View\View->CodeIgniter\View\{closure}()
#6 C:\xampp\htdocs\ci_proyecto2022\system\Common.php(1089): CodeIgniter\View\View->render('/admin/manageSa...', Array, true)
#7 C:\xampp\htdocs\ci_proyecto2022\app\Controllers\AdminController.php(328): view('/admin/manageSa...', Array)
#8 C:\xampp\htdocs\ci_proyecto2022\system\CodeIgniter.php(832): App\Controllers\AdminController->manageSales()
#9 C:\xampp\htdocs\ci_proyecto2022\system\CodeIgniter.php(419): CodeIgniter\CodeIgniter->runController(Object(App\Controllers\AdminController))
#10 C:\xampp\htdocs\ci_proyecto2022\system\CodeIgniter.php(326): CodeIgniter\CodeIgniter->handleRequest(NULL, Object(Config\Cache), false)
#11 C:\xampp\htdocs\ci_proyecto2022\index.php(37): CodeIgniter\CodeIgniter->run()
#12 {main}
CRITICAL - 2022-06-12 20:12:32 --> Invalid file: CodeIgniter\Pager\Views\admin\manageSales.php
#0 C:\xampp\htdocs\ci_proyecto2022\system\View\View.php(198): CodeIgniter\Exceptions\FrameworkException::forInvalidFile('CodeIgniter\\Pag...')
#1 C:\xampp\htdocs\ci_proyecto2022\system\Pager\Pager.php(125): CodeIgniter\View\View->render('CodeIgniter\\Pag...')
#2 C:\xampp\htdocs\ci_proyecto2022\system\Pager\Pager.php(83): CodeIgniter\Pager\Pager->displayLinks('default', 'default_full')
#3 C:\xampp\htdocs\ci_proyecto2022\app\Views\admin\manageSales.php(33): CodeIgniter\Pager\Pager->links()
#4 C:\xampp\htdocs\ci_proyecto2022\system\View\View.php(210): include('C:\\xampp\\htdocs...')
#5 C:\xampp\htdocs\ci_proyecto2022\system\View\View.php(213): CodeIgniter\View\View->CodeIgniter\View\{closure}()
#6 C:\xampp\htdocs\ci_proyecto2022\system\Common.php(1089): CodeIgniter\View\View->render('/admin/manageSa...', Array, true)
#7 C:\xampp\htdocs\ci_proyecto2022\app\Controllers\AdminController.php(328): view('/admin/manageSa...', Array)
#8 C:\xampp\htdocs\ci_proyecto2022\system\CodeIgniter.php(832): App\Controllers\AdminController->manageSales()
#9 C:\xampp\htdocs\ci_proyecto2022\system\CodeIgniter.php(419): CodeIgniter\CodeIgniter->runController(Object(App\Controllers\AdminController))
#10 C:\xampp\htdocs\ci_proyecto2022\system\CodeIgniter.php(326): CodeIgniter\CodeIgniter->handleRequest(NULL, Object(Config\Cache), false)
#11 C:\xampp\htdocs\ci_proyecto2022\index.php(37): CodeIgniter\CodeIgniter->run()
#12 {main}
CRITICAL - 2022-06-12 20:12:46 --> Invalid file: CodeIgniter\Pager\Views\admin\manageSales.php
#0 C:\xampp\htdocs\ci_proyecto2022\system\View\View.php(198): CodeIgniter\Exceptions\FrameworkException::forInvalidFile('CodeIgniter\\Pag...')
#1 C:\xampp\htdocs\ci_proyecto2022\system\Pager\Pager.php(125): CodeIgniter\View\View->render('CodeIgniter\\Pag...')
#2 C:\xampp\htdocs\ci_proyecto2022\system\Pager\Pager.php(83): CodeIgniter\Pager\Pager->displayLinks('default', 'default_full')
#3 C:\xampp\htdocs\ci_proyecto2022\app\Views\admin\manageSales.php(33): CodeIgniter\Pager\Pager->links()
#4 C:\xampp\htdocs\ci_proyecto2022\system\View\View.php(210): include('C:\\xampp\\htdocs...')
#5 C:\xampp\htdocs\ci_proyecto2022\system\View\View.php(213): CodeIgniter\View\View->CodeIgniter\View\{closure}()
#6 C:\xampp\htdocs\ci_proyecto2022\system\Common.php(1089): CodeIgniter\View\View->render('/admin/manageSa...', Array, true)
#7 C:\xampp\htdocs\ci_proyecto2022\app\Controllers\AdminController.php(328): view('/admin/manageSa...', Array)
#8 C:\xampp\htdocs\ci_proyecto2022\system\CodeIgniter.php(832): App\Controllers\AdminController->manageSales()
#9 C:\xampp\htdocs\ci_proyecto2022\system\CodeIgniter.php(419): CodeIgniter\CodeIgniter->runController(Object(App\Controllers\AdminController))
#10 C:\xampp\htdocs\ci_proyecto2022\system\CodeIgniter.php(326): CodeIgniter\CodeIgniter->handleRequest(NULL, Object(Config\Cache), false)
#11 C:\xampp\htdocs\ci_proyecto2022\index.php(37): CodeIgniter\CodeIgniter->run()
#12 {main}
CRITICAL - 2022-06-12 20:12:47 --> Invalid file: CodeIgniter\Pager\Views\admin\manageSales.php
#0 C:\xampp\htdocs\ci_proyecto2022\system\View\View.php(198): CodeIgniter\Exceptions\FrameworkException::forInvalidFile('CodeIgniter\\Pag...')
#1 C:\xampp\htdocs\ci_proyecto2022\system\Pager\Pager.php(125): CodeIgniter\View\View->render('CodeIgniter\\Pag...')
#2 C:\xampp\htdocs\ci_proyecto2022\system\Pager\Pager.php(83): CodeIgniter\Pager\Pager->displayLinks('default', 'default_full')
#3 C:\xampp\htdocs\ci_proyecto2022\app\Views\admin\manageSales.php(33): CodeIgniter\Pager\Pager->links()
#4 C:\xampp\htdocs\ci_proyecto2022\system\View\View.php(210): include('C:\\xampp\\htdocs...')
#5 C:\xampp\htdocs\ci_proyecto2022\system\View\View.php(213): CodeIgniter\View\View->CodeIgniter\View\{closure}()
#6 C:\xampp\htdocs\ci_proyecto2022\system\Common.php(1089): CodeIgniter\View\View->render('/admin/manageSa...', Array, true)
#7 C:\xampp\htdocs\ci_proyecto2022\app\Controllers\AdminController.php(328): view('/admin/manageSa...', Array)
#8 C:\xampp\htdocs\ci_proyecto2022\system\CodeIgniter.php(832): App\Controllers\AdminController->manageSales()
#9 C:\xampp\htdocs\ci_proyecto2022\system\CodeIgniter.php(419): CodeIgniter\CodeIgniter->runController(Object(App\Controllers\AdminController))
#10 C:\xampp\htdocs\ci_proyecto2022\system\CodeIgniter.php(326): CodeIgniter\CodeIgniter->handleRequest(NULL, Object(Config\Cache), false)
#11 C:\xampp\htdocs\ci_proyecto2022\index.php(37): CodeIgniter\CodeIgniter->run()
#12 {main}
CRITICAL - 2022-06-12 20:12:47 --> Invalid file: CodeIgniter\Pager\Views\admin\manageSales.php
#0 C:\xampp\htdocs\ci_proyecto2022\system\View\View.php(198): CodeIgniter\Exceptions\FrameworkException::forInvalidFile('CodeIgniter\\Pag...')
#1 C:\xampp\htdocs\ci_proyecto2022\system\Pager\Pager.php(125): CodeIgniter\View\View->render('CodeIgniter\\Pag...')
#2 C:\xampp\htdocs\ci_proyecto2022\system\Pager\Pager.php(83): CodeIgniter\Pager\Pager->displayLinks('default', 'default_full')
#3 C:\xampp\htdocs\ci_proyecto2022\app\Views\admin\manageSales.php(33): CodeIgniter\Pager\Pager->links()
#4 C:\xampp\htdocs\ci_proyecto2022\system\View\View.php(210): include('C:\\xampp\\htdocs...')
#5 C:\xampp\htdocs\ci_proyecto2022\system\View\View.php(213): CodeIgniter\View\View->CodeIgniter\View\{closure}()
#6 C:\xampp\htdocs\ci_proyecto2022\system\Common.php(1089): CodeIgniter\View\View->render('/admin/manageSa...', Array, true)
#7 C:\xampp\htdocs\ci_proyecto2022\app\Controllers\AdminController.php(328): view('/admin/manageSa...', Array)
#8 C:\xampp\htdocs\ci_proyecto2022\system\CodeIgniter.php(832): App\Controllers\AdminController->manageSales()
#9 C:\xampp\htdocs\ci_proyecto2022\system\CodeIgniter.php(419): CodeIgniter\CodeIgniter->runController(Object(App\Controllers\AdminController))
#10 C:\xampp\htdocs\ci_proyecto2022\system\CodeIgniter.php(326): CodeIgniter\CodeIgniter->handleRequest(NULL, Object(Config\Cache), false)
#11 C:\xampp\htdocs\ci_proyecto2022\index.php(37): CodeIgniter\CodeIgniter->run()
#12 {main}
CRITICAL - 2022-06-12 20:12:48 --> Invalid file: CodeIgniter\Pager\Views\admin\manageSales.php
#0 C:\xampp\htdocs\ci_proyecto2022\system\View\View.php(198): CodeIgniter\Exceptions\FrameworkException::forInvalidFile('CodeIgniter\\Pag...')
#1 C:\xampp\htdocs\ci_proyecto2022\system\Pager\Pager.php(125): CodeIgniter\View\View->render('CodeIgniter\\Pag...')
#2 C:\xampp\htdocs\ci_proyecto2022\system\Pager\Pager.php(83): CodeIgniter\Pager\Pager->displayLinks('default', 'default_full')
#3 C:\xampp\htdocs\ci_proyecto2022\app\Views\admin\manageSales.php(33): CodeIgniter\Pager\Pager->links()
#4 C:\xampp\htdocs\ci_proyecto2022\system\View\View.php(210): include('C:\\xampp\\htdocs...')
#5 C:\xampp\htdocs\ci_proyecto2022\system\View\View.php(213): CodeIgniter\View\View->CodeIgniter\View\{closure}()
#6 C:\xampp\htdocs\ci_proyecto2022\system\Common.php(1089): CodeIgniter\View\View->render('/admin/manageSa...', Array, true)
#7 C:\xampp\htdocs\ci_proyecto2022\app\Controllers\AdminController.php(328): view('/admin/manageSa...', Array)
#8 C:\xampp\htdocs\ci_proyecto2022\system\CodeIgniter.php(832): App\Controllers\AdminController->manageSales()
#9 C:\xampp\htdocs\ci_proyecto2022\system\CodeIgniter.php(419): CodeIgniter\CodeIgniter->runController(Object(App\Controllers\AdminController))
#10 C:\xampp\htdocs\ci_proyecto2022\system\CodeIgniter.php(326): CodeIgniter\CodeIgniter->handleRequest(NULL, Object(Config\Cache), false)
#11 C:\xampp\htdocs\ci_proyecto2022\index.php(37): CodeIgniter\CodeIgniter->run()
#12 {main}
CRITICAL - 2022-06-12 20:12:49 --> Invalid file: CodeIgniter\Pager\Views\admin\manageSales.php
#0 C:\xampp\htdocs\ci_proyecto2022\system\View\View.php(198): CodeIgniter\Exceptions\FrameworkException::forInvalidFile('CodeIgniter\\Pag...')
#1 C:\xampp\htdocs\ci_proyecto2022\system\Pager\Pager.php(125): CodeIgniter\View\View->render('CodeIgniter\\Pag...')
#2 C:\xampp\htdocs\ci_proyecto2022\system\Pager\Pager.php(83): CodeIgniter\Pager\Pager->displayLinks('default', 'default_full')
#3 C:\xampp\htdocs\ci_proyecto2022\app\Views\admin\manageUsers.php(53): CodeIgniter\Pager\Pager->links()
#4 C:\xampp\htdocs\ci_proyecto2022\system\View\View.php(210): include('C:\\xampp\\htdocs...')
#5 C:\xampp\htdocs\ci_proyecto2022\system\View\View.php(213): CodeIgniter\View\View->CodeIgniter\View\{closure}()
#6 C:\xampp\htdocs\ci_proyecto2022\system\Common.php(1089): CodeIgniter\View\View->render('/admin/manageUs...', Array, true)
#7 C:\xampp\htdocs\ci_proyecto2022\app\Controllers\AdminController.php(289): view('/admin/manageUs...', Array)
#8 C:\xampp\htdocs\ci_proyecto2022\system\CodeIgniter.php(832): App\Controllers\AdminController->viewManageUsers()
#9 C:\xampp\htdocs\ci_proyecto2022\system\CodeIgniter.php(419): CodeIgniter\CodeIgniter->runController(Object(App\Controllers\AdminController))
#10 C:\xampp\htdocs\ci_proyecto2022\system\CodeIgniter.php(326): CodeIgniter\CodeIgniter->handleRequest(NULL, Object(Config\Cache), false)
#11 C:\xampp\htdocs\ci_proyecto2022\index.php(37): CodeIgniter\CodeIgniter->run()
#12 {main}
CRITICAL - 2022-06-12 20:12:50 --> Invalid file: CodeIgniter\Pager\Views\admin\manageSales.php
#0 C:\xampp\htdocs\ci_proyecto2022\system\View\View.php(198): CodeIgniter\Exceptions\FrameworkException::forInvalidFile('CodeIgniter\\Pag...')
#1 C:\xampp\htdocs\ci_proyecto2022\system\Pager\Pager.php(125): CodeIgniter\View\View->render('CodeIgniter\\Pag...')
#2 C:\xampp\htdocs\ci_proyecto2022\system\Pager\Pager.php(83): CodeIgniter\Pager\Pager->displayLinks('default', 'default_full')
#3 C:\xampp\htdocs\ci_proyecto2022\app\Views\admin\consults.php(62): CodeIgniter\Pager\Pager->links()
#4 C:\xampp\htdocs\ci_proyecto2022\system\View\View.php(210): include('C:\\xampp\\htdocs...')
#5 C:\xampp\htdocs\ci_proyecto2022\system\View\View.php(213): CodeIgniter\View\View->CodeIgniter\View\{closure}()
#6 C:\xampp\htdocs\ci_proyecto2022\system\Common.php(1089): CodeIgniter\View\View->render('/admin/consults', Array, true)
#7 C:\xampp\htdocs\ci_proyecto2022\app\Controllers\AdminController.php(214): view('/admin/consults', Array)
#8 C:\xampp\htdocs\ci_proyecto2022\system\CodeIgniter.php(832): App\Controllers\AdminController->viewConsults()
#9 C:\xampp\htdocs\ci_proyecto2022\system\CodeIgniter.php(419): CodeIgniter\CodeIgniter->runController(Object(App\Controllers\AdminController))
#10 C:\xampp\htdocs\ci_proyecto2022\system\CodeIgniter.php(326): CodeIgniter\CodeIgniter->handleRequest(NULL, Object(Config\Cache), false)
#11 C:\xampp\htdocs\ci_proyecto2022\index.php(37): CodeIgniter\CodeIgniter->run()
#12 {main}
CRITICAL - 2022-06-12 20:12:52 --> Invalid file: CodeIgniter\Pager\Views\admin\manageSales.php
#0 C:\xampp\htdocs\ci_proyecto2022\system\View\View.php(198): CodeIgniter\Exceptions\FrameworkException::forInvalidFile('CodeIgniter\\Pag...')
#1 C:\xampp\htdocs\ci_proyecto2022\system\Pager\Pager.php(125): CodeIgniter\View\View->render('CodeIgniter\\Pag...')
#2 C:\xampp\htdocs\ci_proyecto2022\system\Pager\Pager.php(83): CodeIgniter\Pager\Pager->displayLinks('default', 'default_full')
#3 C:\xampp\htdocs\ci_proyecto2022\app\Views\admin\manageSales.php(33): CodeIgniter\Pager\Pager->links()
#4 C:\xampp\htdocs\ci_proyecto2022\system\View\View.php(210): include('C:\\xampp\\htdocs...')
#5 C:\xampp\htdocs\ci_proyecto2022\system\View\View.php(213): CodeIgniter\View\View->CodeIgniter\View\{closure}()
#6 C:\xampp\htdocs\ci_proyecto2022\system\Common.php(1089): CodeIgniter\View\View->render('/admin/manageSa...', Array, true)
#7 C:\xampp\htdocs\ci_proyecto2022\app\Controllers\AdminController.php(328): view('/admin/manageSa...', Array)
#8 C:\xampp\htdocs\ci_proyecto2022\system\CodeIgniter.php(832): App\Controllers\AdminController->manageSales()
#9 C:\xampp\htdocs\ci_proyecto2022\system\CodeIgniter.php(419): CodeIgniter\CodeIgniter->runController(Object(App\Controllers\AdminController))
#10 C:\xampp\htdocs\ci_proyecto2022\system\CodeIgniter.php(326): CodeIgniter\CodeIgniter->handleRequest(NULL, Object(Config\Cache), false)
#11 C:\xampp\htdocs\ci_proyecto2022\index.php(37): CodeIgniter\CodeIgniter->run()
#12 {main}
CRITICAL - 2022-06-12 20:13:32 --> Invalid file: CodeIgniter\Pager\Views\admin\manageSales.php
#0 C:\xampp\htdocs\ci_proyecto2022\system\View\View.php(198): CodeIgniter\Exceptions\FrameworkException::forInvalidFile('CodeIgniter\\Pag...')
#1 C:\xampp\htdocs\ci_proyecto2022\system\Pager\Pager.php(125): CodeIgniter\View\View->render('CodeIgniter\\Pag...')
#2 C:\xampp\htdocs\ci_proyecto2022\system\Pager\Pager.php(83): CodeIgniter\Pager\Pager->displayLinks('default', 'default_full')
#3 C:\xampp\htdocs\ci_proyecto2022\app\Views\admin\manageSales.php(33): CodeIgniter\Pager\Pager->links()
#4 C:\xampp\htdocs\ci_proyecto2022\system\View\View.php(210): include('C:\\xampp\\htdocs...')
#5 C:\xampp\htdocs\ci_proyecto2022\system\View\View.php(213): CodeIgniter\View\View->CodeIgniter\View\{closure}()
#6 C:\xampp\htdocs\ci_proyecto2022\system\Common.php(1089): CodeIgniter\View\View->render('/admin/manageSa...', Array, true)
#7 C:\xampp\htdocs\ci_proyecto2022\app\Controllers\AdminController.php(328): view('/admin/manageSa...', Array)
#8 C:\xampp\htdocs\ci_proyecto2022\system\CodeIgniter.php(832): App\Controllers\AdminController->manageSales()
#9 C:\xampp\htdocs\ci_proyecto2022\system\CodeIgniter.php(419): CodeIgniter\CodeIgniter->runController(Object(App\Controllers\AdminController))
#10 C:\xampp\htdocs\ci_proyecto2022\system\CodeIgniter.php(326): CodeIgniter\CodeIgniter->handleRequest(NULL, Object(Config\Cache), false)
#11 C:\xampp\htdocs\ci_proyecto2022\index.php(37): CodeIgniter\CodeIgniter->run()
#12 {main}
CRITICAL - 2022-06-12 20:13:32 --> Invalid file: CodeIgniter\Pager\Views\admin\manageSales.php
#0 C:\xampp\htdocs\ci_proyecto2022\system\View\View.php(198): CodeIgniter\Exceptions\FrameworkException::forInvalidFile('CodeIgniter\\Pag...')
#1 C:\xampp\htdocs\ci_proyecto2022\system\Pager\Pager.php(125): CodeIgniter\View\View->render('CodeIgniter\\Pag...')
#2 C:\xampp\htdocs\ci_proyecto2022\system\Pager\Pager.php(83): CodeIgniter\Pager\Pager->displayLinks('default', 'default_full')
#3 C:\xampp\htdocs\ci_proyecto2022\app\Views\admin\manageSales.php(33): CodeIgniter\Pager\Pager->links()
#4 C:\xampp\htdocs\ci_proyecto2022\system\View\View.php(210): include('C:\\xampp\\htdocs...')
#5 C:\xampp\htdocs\ci_proyecto2022\system\View\View.php(213): CodeIgniter\View\View->CodeIgniter\View\{closure}()
#6 C:\xampp\htdocs\ci_proyecto2022\system\Common.php(1089): CodeIgniter\View\View->render('/admin/manageSa...', Array, true)
#7 C:\xampp\htdocs\ci_proyecto2022\app\Controllers\AdminController.php(328): view('/admin/manageSa...', Array)
#8 C:\xampp\htdocs\ci_proyecto2022\system\CodeIgniter.php(832): App\Controllers\AdminController->manageSales()
#9 C:\xampp\htdocs\ci_proyecto2022\system\CodeIgniter.php(419): CodeIgniter\CodeIgniter->runController(Object(App\Controllers\AdminController))
#10 C:\xampp\htdocs\ci_proyecto2022\system\CodeIgniter.php(326): CodeIgniter\CodeIgniter->handleRequest(NULL, Object(Config\Cache), false)
#11 C:\xampp\htdocs\ci_proyecto2022\index.php(37): CodeIgniter\CodeIgniter->run()
#12 {main}
