CRITICAL - 2022-05-16 13:48:00 --> Undefined variable: dataNombre
#0 C:\xampp\htdocs\ci_proyecto2022\app\Views\sesion\register.php(3): CodeIgniter\Debug\Exceptions->errorHandler(8, 'Undefined varia...', 'C:\\xampp\\htdocs...', 3, Array)
#1 C:\xampp\htdocs\ci_proyecto2022\system\View\View.php(210): include('C:\\xampp\\htdocs...')
#2 C:\xampp\htdocs\ci_proyecto2022\system\View\View.php(213): CodeIgniter\View\View->CodeIgniter\View\{closure}()
#3 C:\xampp\htdocs\ci_proyecto2022\system\Common.php(1089): CodeIgniter\View\View->render('/sesion/registe...', Array, true)
#4 C:\xampp\htdocs\ci_proyecto2022\app\Controllers\Home.php(63): view('/sesion/registe...')
#5 C:\xampp\htdocs\ci_proyecto2022\system\CodeIgniter.php(832): App\Controllers\Home->register()
#6 C:\xampp\htdocs\ci_proyecto2022\system\CodeIgniter.php(419): CodeIgniter\CodeIgniter->runController(Object(App\Controllers\Home))
#7 C:\xampp\htdocs\ci_proyecto2022\system\CodeIgniter.php(326): CodeIgniter\CodeIgniter->handleRequest(NULL, Object(Config\Cache), false)
#8 C:\xampp\htdocs\ci_proyecto2022\index.php(37): CodeIgniter\CodeIgniter->run()
#9 {main}
CRITICAL - 2022-05-16 13:48:25 --> Array to string conversion
#0 C:\xampp\htdocs\ci_proyecto2022\app\Views\sesion\register.php(58): CodeIgniter\Debug\Exceptions->errorHandler(8, 'Array to string...', 'C:\\xampp\\htdocs...', 58, Array)
#1 C:\xampp\htdocs\ci_proyecto2022\system\View\View.php(210): include('C:\\xampp\\htdocs...')
#2 C:\xampp\htdocs\ci_proyecto2022\system\View\View.php(213): CodeIgniter\View\View->CodeIgniter\View\{closure}()
#3 C:\xampp\htdocs\ci_proyecto2022\system\Common.php(1089): CodeIgniter\View\View->render('/sesion/registe...', Array, true)
#4 C:\xampp\htdocs\ci_proyecto2022\app\Controllers\Home.php(63): view('/sesion/registe...')
#5 C:\xampp\htdocs\ci_proyecto2022\system\CodeIgniter.php(832): App\Controllers\Home->register()
#6 C:\xampp\htdocs\ci_proyecto2022\system\CodeIgniter.php(419): CodeIgniter\CodeIgniter->runController(Object(App\Controllers\Home))
#7 C:\xampp\htdocs\ci_proyecto2022\system\CodeIgniter.php(326): CodeIgniter\CodeIgniter->handleRequest(NULL, Object(Config\Cache), false)
#8 C:\xampp\htdocs\ci_proyecto2022\index.php(37): CodeIgniter\CodeIgniter->run()
#9 {main}
CRITICAL - 2022-05-16 13:54:22 --> users is not a valid database connection group.
#0 C:\xampp\htdocs\ci_proyecto2022\app\Views\sesion\register.php(1): CodeIgniter\Database\Config::connect('users')
#1 C:\xampp\htdocs\ci_proyecto2022\system\View\View.php(210): include('C:\\xampp\\htdocs...')
#2 C:\xampp\htdocs\ci_proyecto2022\system\View\View.php(213): CodeIgniter\View\View->CodeIgniter\View\{closure}()
#3 C:\xampp\htdocs\ci_proyecto2022\system\Common.php(1089): CodeIgniter\View\View->render('/sesion/registe...', Array, true)
#4 C:\xampp\htdocs\ci_proyecto2022\app\Controllers\Home.php(63): view('/sesion/registe...')
#5 C:\xampp\htdocs\ci_proyecto2022\system\CodeIgniter.php(832): App\Controllers\Home->register()
#6 C:\xampp\htdocs\ci_proyecto2022\system\CodeIgniter.php(419): CodeIgniter\CodeIgniter->runController(Object(App\Controllers\Home))
#7 C:\xampp\htdocs\ci_proyecto2022\system\CodeIgniter.php(326): CodeIgniter\CodeIgniter->handleRequest(NULL, Object(Config\Cache), false)
#8 C:\xampp\htdocs\ci_proyecto2022\index.php(37): CodeIgniter\CodeIgniter->run()
#9 {main}
CRITICAL - 2022-05-16 13:54:59 --> hardgame is not a valid database connection group.
#0 C:\xampp\htdocs\ci_proyecto2022\app\Views\sesion\register.php(1): CodeIgniter\Database\Config::connect('hardgame')
#1 C:\xampp\htdocs\ci_proyecto2022\system\View\View.php(210): include('C:\\xampp\\htdocs...')
#2 C:\xampp\htdocs\ci_proyecto2022\system\View\View.php(213): CodeIgniter\View\View->CodeIgniter\View\{closure}()
#3 C:\xampp\htdocs\ci_proyecto2022\system\Common.php(1089): CodeIgniter\View\View->render('/sesion/registe...', Array, true)
#4 C:\xampp\htdocs\ci_proyecto2022\app\Controllers\Home.php(63): view('/sesion/registe...')
#5 C:\xampp\htdocs\ci_proyecto2022\system\CodeIgniter.php(832): App\Controllers\Home->register()
#6 C:\xampp\htdocs\ci_proyecto2022\system\CodeIgniter.php(419): CodeIgniter\CodeIgniter->runController(Object(App\Controllers\Home))
#7 C:\xampp\htdocs\ci_proyecto2022\system\CodeIgniter.php(326): CodeIgniter\CodeIgniter->handleRequest(NULL, Object(Config\Cache), false)
#8 C:\xampp\htdocs\ci_proyecto2022\index.php(37): CodeIgniter\CodeIgniter->run()
#9 {main}
CRITICAL - 2022-05-16 14:17:52 --> hardgame is not a valid database connection group.
#0 C:\xampp\htdocs\ci_proyecto2022\app\Views\sesion\register.php(1): CodeIgniter\Database\Config::connect('hardgame')
#1 C:\xampp\htdocs\ci_proyecto2022\system\View\View.php(210): include('C:\\xampp\\htdocs...')
#2 C:\xampp\htdocs\ci_proyecto2022\system\View\View.php(213): CodeIgniter\View\View->CodeIgniter\View\{closure}()
#3 C:\xampp\htdocs\ci_proyecto2022\system\Common.php(1089): CodeIgniter\View\View->render('/sesion/registe...', Array, true)
#4 C:\xampp\htdocs\ci_proyecto2022\app\Controllers\Home.php(63): view('/sesion/registe...')
#5 C:\xampp\htdocs\ci_proyecto2022\system\CodeIgniter.php(832): App\Controllers\Home->register()
#6 C:\xampp\htdocs\ci_proyecto2022\system\CodeIgniter.php(419): CodeIgniter\CodeIgniter->runController(Object(App\Controllers\Home))
#7 C:\xampp\htdocs\ci_proyecto2022\system\CodeIgniter.php(326): CodeIgniter\CodeIgniter->handleRequest(NULL, Object(Config\Cache), false)
#8 C:\xampp\htdocs\ci_proyecto2022\index.php(37): CodeIgniter\CodeIgniter->run()
#9 {main}
CRITICAL - 2022-05-16 14:59:41 --> hardgame is not a valid database connection group.
#0 C:\xampp\htdocs\ci_proyecto2022\app\Views\sesion\register.php(1): CodeIgniter\Database\Config::connect('hardgame')
#1 C:\xampp\htdocs\ci_proyecto2022\system\View\View.php(210): include('C:\\xampp\\htdocs...')
#2 C:\xampp\htdocs\ci_proyecto2022\system\View\View.php(213): CodeIgniter\View\View->CodeIgniter\View\{closure}()
#3 C:\xampp\htdocs\ci_proyecto2022\system\Common.php(1089): CodeIgniter\View\View->render('/sesion/registe...', Array, true)
#4 C:\xampp\htdocs\ci_proyecto2022\app\Controllers\Home.php(63): view('/sesion/registe...')
#5 C:\xampp\htdocs\ci_proyecto2022\system\CodeIgniter.php(832): App\Controllers\Home->register()
#6 C:\xampp\htdocs\ci_proyecto2022\system\CodeIgniter.php(419): CodeIgniter\CodeIgniter->runController(Object(App\Controllers\Home))
#7 C:\xampp\htdocs\ci_proyecto2022\system\CodeIgniter.php(326): CodeIgniter\CodeIgniter->handleRequest(NULL, Object(Config\Cache), false)
#8 C:\xampp\htdocs\ci_proyecto2022\index.php(37): CodeIgniter\CodeIgniter->run()
#9 {main}
CRITICAL - 2022-05-16 21:46:51 --> hardgame is not a valid database connection group.
#0 C:\xampp\htdocs\ci_proyecto2022\app\Views\sesion\register.php(1): CodeIgniter\Database\Config::connect('hardgame')
#1 C:\xampp\htdocs\ci_proyecto2022\system\View\View.php(210): include('C:\\xampp\\htdocs...')
#2 C:\xampp\htdocs\ci_proyecto2022\system\View\View.php(213): CodeIgniter\View\View->CodeIgniter\View\{closure}()
#3 C:\xampp\htdocs\ci_proyecto2022\system\Common.php(1089): CodeIgniter\View\View->render('/sesion/registe...', Array, true)
#4 C:\xampp\htdocs\ci_proyecto2022\app\Controllers\Home.php(63): view('/sesion/registe...')
#5 C:\xampp\htdocs\ci_proyecto2022\system\CodeIgniter.php(832): App\Controllers\Home->register()
#6 C:\xampp\htdocs\ci_proyecto2022\system\CodeIgniter.php(419): CodeIgniter\CodeIgniter->runController(Object(App\Controllers\Home))
#7 C:\xampp\htdocs\ci_proyecto2022\system\CodeIgniter.php(326): CodeIgniter\CodeIgniter->handleRequest(NULL, Object(Config\Cache), false)
#8 C:\xampp\htdocs\ci_proyecto2022\index.php(37): CodeIgniter\CodeIgniter->run()
#9 {main}
CRITICAL - 2022-05-16 21:47:14 --> hardgame is not a valid database connection group.
#0 C:\xampp\htdocs\ci_proyecto2022\app\Views\sesion\register.php(1): CodeIgniter\Database\Config::connect('hardgame')
#1 C:\xampp\htdocs\ci_proyecto2022\system\View\View.php(210): include('C:\\xampp\\htdocs...')
#2 C:\xampp\htdocs\ci_proyecto2022\system\View\View.php(213): CodeIgniter\View\View->CodeIgniter\View\{closure}()
#3 C:\xampp\htdocs\ci_proyecto2022\system\Common.php(1089): CodeIgniter\View\View->render('/sesion/registe...', Array, true)
#4 C:\xampp\htdocs\ci_proyecto2022\app\Controllers\Home.php(63): view('/sesion/registe...')
#5 C:\xampp\htdocs\ci_proyecto2022\system\CodeIgniter.php(832): App\Controllers\Home->register()
#6 C:\xampp\htdocs\ci_proyecto2022\system\CodeIgniter.php(419): CodeIgniter\CodeIgniter->runController(Object(App\Controllers\Home))
#7 C:\xampp\htdocs\ci_proyecto2022\system\CodeIgniter.php(326): CodeIgniter\CodeIgniter->handleRequest(NULL, Object(Config\Cache), false)
#8 C:\xampp\htdocs\ci_proyecto2022\index.php(37): CodeIgniter\CodeIgniter->run()
#9 {main}
CRITICAL - 2022-05-16 21:47:15 --> hardgame is not a valid database connection group.
#0 C:\xampp\htdocs\ci_proyecto2022\app\Views\sesion\register.php(1): CodeIgniter\Database\Config::connect('hardgame')
#1 C:\xampp\htdocs\ci_proyecto2022\system\View\View.php(210): include('C:\\xampp\\htdocs...')
#2 C:\xampp\htdocs\ci_proyecto2022\system\View\View.php(213): CodeIgniter\View\View->CodeIgniter\View\{closure}()
#3 C:\xampp\htdocs\ci_proyecto2022\system\Common.php(1089): CodeIgniter\View\View->render('/sesion/registe...', Array, true)
#4 C:\xampp\htdocs\ci_proyecto2022\app\Controllers\Home.php(63): view('/sesion/registe...')
#5 C:\xampp\htdocs\ci_proyecto2022\system\CodeIgniter.php(832): App\Controllers\Home->register()
#6 C:\xampp\htdocs\ci_proyecto2022\system\CodeIgniter.php(419): CodeIgniter\CodeIgniter->runController(Object(App\Controllers\Home))
#7 C:\xampp\htdocs\ci_proyecto2022\system\CodeIgniter.php(326): CodeIgniter\CodeIgniter->handleRequest(NULL, Object(Config\Cache), false)
#8 C:\xampp\htdocs\ci_proyecto2022\index.php(37): CodeIgniter\CodeIgniter->run()
#9 {main}
CRITICAL - 2022-05-16 21:47:16 --> hardgame is not a valid database connection group.
#0 C:\xampp\htdocs\ci_proyecto2022\app\Views\sesion\register.php(1): CodeIgniter\Database\Config::connect('hardgame')
#1 C:\xampp\htdocs\ci_proyecto2022\system\View\View.php(210): include('C:\\xampp\\htdocs...')
#2 C:\xampp\htdocs\ci_proyecto2022\system\View\View.php(213): CodeIgniter\View\View->CodeIgniter\View\{closure}()
#3 C:\xampp\htdocs\ci_proyecto2022\system\Common.php(1089): CodeIgniter\View\View->render('/sesion/registe...', Array, true)
#4 C:\xampp\htdocs\ci_proyecto2022\app\Controllers\Home.php(63): view('/sesion/registe...')
#5 C:\xampp\htdocs\ci_proyecto2022\system\CodeIgniter.php(832): App\Controllers\Home->register()
#6 C:\xampp\htdocs\ci_proyecto2022\system\CodeIgniter.php(419): CodeIgniter\CodeIgniter->runController(Object(App\Controllers\Home))
#7 C:\xampp\htdocs\ci_proyecto2022\system\CodeIgniter.php(326): CodeIgniter\CodeIgniter->handleRequest(NULL, Object(Config\Cache), false)
#8 C:\xampp\htdocs\ci_proyecto2022\index.php(37): CodeIgniter\CodeIgniter->run()
#9 {main}
CRITICAL - 2022-05-16 21:47:16 --> hardgame is not a valid database connection group.
#0 C:\xampp\htdocs\ci_proyecto2022\app\Views\sesion\register.php(1): CodeIgniter\Database\Config::connect('hardgame')
#1 C:\xampp\htdocs\ci_proyecto2022\system\View\View.php(210): include('C:\\xampp\\htdocs...')
#2 C:\xampp\htdocs\ci_proyecto2022\system\View\View.php(213): CodeIgniter\View\View->CodeIgniter\View\{closure}()
#3 C:\xampp\htdocs\ci_proyecto2022\system\Common.php(1089): CodeIgniter\View\View->render('/sesion/registe...', Array, true)
#4 C:\xampp\htdocs\ci_proyecto2022\app\Controllers\Home.php(63): view('/sesion/registe...')
#5 C:\xampp\htdocs\ci_proyecto2022\system\CodeIgniter.php(832): App\Controllers\Home->register()
#6 C:\xampp\htdocs\ci_proyecto2022\system\CodeIgniter.php(419): CodeIgniter\CodeIgniter->runController(Object(App\Controllers\Home))
#7 C:\xampp\htdocs\ci_proyecto2022\system\CodeIgniter.php(326): CodeIgniter\CodeIgniter->handleRequest(NULL, Object(Config\Cache), false)
#8 C:\xampp\htdocs\ci_proyecto2022\index.php(37): CodeIgniter\CodeIgniter->run()
#9 {main}
CRITICAL - 2022-05-16 21:47:16 --> hardgame is not a valid database connection group.
#0 C:\xampp\htdocs\ci_proyecto2022\app\Views\sesion\register.php(1): CodeIgniter\Database\Config::connect('hardgame')
#1 C:\xampp\htdocs\ci_proyecto2022\system\View\View.php(210): include('C:\\xampp\\htdocs...')
#2 C:\xampp\htdocs\ci_proyecto2022\system\View\View.php(213): CodeIgniter\View\View->CodeIgniter\View\{closure}()
#3 C:\xampp\htdocs\ci_proyecto2022\system\Common.php(1089): CodeIgniter\View\View->render('/sesion/registe...', Array, true)
#4 C:\xampp\htdocs\ci_proyecto2022\app\Controllers\Home.php(63): view('/sesion/registe...')
#5 C:\xampp\htdocs\ci_proyecto2022\system\CodeIgniter.php(832): App\Controllers\Home->register()
#6 C:\xampp\htdocs\ci_proyecto2022\system\CodeIgniter.php(419): CodeIgniter\CodeIgniter->runController(Object(App\Controllers\Home))
#7 C:\xampp\htdocs\ci_proyecto2022\system\CodeIgniter.php(326): CodeIgniter\CodeIgniter->handleRequest(NULL, Object(Config\Cache), false)
#8 C:\xampp\htdocs\ci_proyecto2022\index.php(37): CodeIgniter\CodeIgniter->run()
#9 {main}
CRITICAL - 2022-05-16 21:47:16 --> hardgame is not a valid database connection group.
#0 C:\xampp\htdocs\ci_proyecto2022\app\Views\sesion\register.php(1): CodeIgniter\Database\Config::connect('hardgame')
#1 C:\xampp\htdocs\ci_proyecto2022\system\View\View.php(210): include('C:\\xampp\\htdocs...')
#2 C:\xampp\htdocs\ci_proyecto2022\system\View\View.php(213): CodeIgniter\View\View->CodeIgniter\View\{closure}()
#3 C:\xampp\htdocs\ci_proyecto2022\system\Common.php(1089): CodeIgniter\View\View->render('/sesion/registe...', Array, true)
#4 C:\xampp\htdocs\ci_proyecto2022\app\Controllers\Home.php(63): view('/sesion/registe...')
#5 C:\xampp\htdocs\ci_proyecto2022\system\CodeIgniter.php(832): App\Controllers\Home->register()
#6 C:\xampp\htdocs\ci_proyecto2022\system\CodeIgniter.php(419): CodeIgniter\CodeIgniter->runController(Object(App\Controllers\Home))
#7 C:\xampp\htdocs\ci_proyecto2022\system\CodeIgniter.php(326): CodeIgniter\CodeIgniter->handleRequest(NULL, Object(Config\Cache), false)
#8 C:\xampp\htdocs\ci_proyecto2022\index.php(37): CodeIgniter\CodeIgniter->run()
#9 {main}
CRITICAL - 2022-05-16 21:47:16 --> hardgame is not a valid database connection group.
#0 C:\xampp\htdocs\ci_proyecto2022\app\Views\sesion\register.php(1): CodeIgniter\Database\Config::connect('hardgame')
#1 C:\xampp\htdocs\ci_proyecto2022\system\View\View.php(210): include('C:\\xampp\\htdocs...')
#2 C:\xampp\htdocs\ci_proyecto2022\system\View\View.php(213): CodeIgniter\View\View->CodeIgniter\View\{closure}()
#3 C:\xampp\htdocs\ci_proyecto2022\system\Common.php(1089): CodeIgniter\View\View->render('/sesion/registe...', Array, true)
#4 C:\xampp\htdocs\ci_proyecto2022\app\Controllers\Home.php(63): view('/sesion/registe...')
#5 C:\xampp\htdocs\ci_proyecto2022\system\CodeIgniter.php(832): App\Controllers\Home->register()
#6 C:\xampp\htdocs\ci_proyecto2022\system\CodeIgniter.php(419): CodeIgniter\CodeIgniter->runController(Object(App\Controllers\Home))
#7 C:\xampp\htdocs\ci_proyecto2022\system\CodeIgniter.php(326): CodeIgniter\CodeIgniter->handleRequest(NULL, Object(Config\Cache), false)
#8 C:\xampp\htdocs\ci_proyecto2022\index.php(37): CodeIgniter\CodeIgniter->run()
#9 {main}
CRITICAL - 2022-05-16 21:47:17 --> hardgame is not a valid database connection group.
#0 C:\xampp\htdocs\ci_proyecto2022\app\Views\sesion\register.php(1): CodeIgniter\Database\Config::connect('hardgame')
#1 C:\xampp\htdocs\ci_proyecto2022\system\View\View.php(210): include('C:\\xampp\\htdocs...')
#2 C:\xampp\htdocs\ci_proyecto2022\system\View\View.php(213): CodeIgniter\View\View->CodeIgniter\View\{closure}()
#3 C:\xampp\htdocs\ci_proyecto2022\system\Common.php(1089): CodeIgniter\View\View->render('/sesion/registe...', Array, true)
#4 C:\xampp\htdocs\ci_proyecto2022\app\Controllers\Home.php(63): view('/sesion/registe...')
#5 C:\xampp\htdocs\ci_proyecto2022\system\CodeIgniter.php(832): App\Controllers\Home->register()
#6 C:\xampp\htdocs\ci_proyecto2022\system\CodeIgniter.php(419): CodeIgniter\CodeIgniter->runController(Object(App\Controllers\Home))
#7 C:\xampp\htdocs\ci_proyecto2022\system\CodeIgniter.php(326): CodeIgniter\CodeIgniter->handleRequest(NULL, Object(Config\Cache), false)
#8 C:\xampp\htdocs\ci_proyecto2022\index.php(37): CodeIgniter\CodeIgniter->run()
#9 {main}
